Seq	Host	Starttime	JobRuntime	Send	Receive	Exitval	Signal	Command
6	:	1779732417.161	 13986.435	0	0	0	0	run_cell DJIA 1 EXDRL 0
5	:	1779732417.160	 14019.325	0	0	0	0	run_cell DJIA 0 EXDRL 4
13	:	1779732417.179	 14022.426	0	0	0	0	run_cell DJIA 2 EXDRL 2
11	:	1779732417.173	 14027.253	0	0	0	0	run_cell DJIA 2 EXDRL 0
8	:	1779732417.165	 14033.404	0	0	0	0	run_cell DJIA 1 EXDRL 2
10	:	1779732417.170	 14035.141	0	0	0	0	run_cell DJIA 1 EXDRL 4
14	:	1779732417.182	 14036.887	0	0	0	0	run_cell DJIA 2 EXDRL 3
4	:	1779732417.158	 14039.825	0	0	0	0	run_cell DJIA 0 EXDRL 3
15	:	1779732417.190	 14065.779	0	0	0	0	run_cell DJIA 2 EXDRL 4
1	:	1779732417.154	 14066.266	0	0	0	0	run_cell DJIA 0 EXDRL 0
9	:	1779732417.168	 14074.982	0	0	0	0	run_cell DJIA 1 EXDRL 3
3	:	1779732417.156	 14083.617	0	0	0	0	run_cell DJIA 0 EXDRL 2
7	:	1779732417.163	 14084.421	0	0	0	0	run_cell DJIA 1 EXDRL 1
12	:	1779732417.176	 14125.014	0	0	0	0	run_cell DJIA 2 EXDRL 1
2	:	1779732417.155	 14158.036	0	0	0	0	run_cell DJIA 0 EXDRL 1
18	:	1779746439.615	 14140.194	0	0	0	0	run_cell DJIA 3 EXDRL 2
26	:	1779746492.160	 14092.628	0	0	0	0	run_cell DJIA 5 EXDRL 0
16	:	1779746403.650	 14181.638	0	0	0	0	run_cell DJIA 3 EXDRL 0
19	:	1779746444.434	 14179.639	0	0	0	0	run_cell DJIA 3 EXDRL 3
23	:	1779746456.992	 14180.353	0	0	0	0	run_cell DJIA 4 EXDRL 2
21	:	1779746452.317	 14201.790	0	0	0	0	run_cell DJIA 4 EXDRL 0
24	:	1779746482.974	 14185.591	0	0	0	0	run_cell DJIA 4 EXDRL 3
20	:	1779746450.576	 14218.539	0	0	0	0	run_cell DJIA 3 EXDRL 4
17	:	1779746436.499	 14234.707	0	0	0	0	run_cell DJIA 3 EXDRL 1
28	:	1779746501.592	 14187.789	0	0	0	0	run_cell DJIA 5 EXDRL 2
22	:	1779746454.078	 14245.924	0	0	0	0	run_cell DJIA 4 EXDRL 1
30	:	1779746575.200	 14135.481	0	0	0	0	run_cell DJIA 5 EXDRL 4
25	:	1779746483.429	 14236.857	0	0	0	0	run_cell DJIA 4 EXDRL 4
27	:	1779746500.783	 14232.414	0	0	0	0	run_cell DJIA 5 EXDRL 1
29	:	1779746542.202	 14274.504	0	0	0	0	run_cell DJIA 5 EXDRL 3
31	:	1779760579.823	 14116.934	0	0	0	0	run_cell DJIA 6 EXDRL 0
35	:	1779760637.355	 14177.250	0	0	0	0	run_cell DJIA 6 EXDRL 4
32	:	1779760584.800	 14242.373	0	0	0	0	run_cell DJIA 6 EXDRL 1
34	:	1779760624.078	 14222.161	0	0	0	0	run_cell DJIA 6 EXDRL 3
39	:	1779760671.213	 14178.379	0	0	0	0	run_cell DJIA 7 EXDRL 3
33	:	1779760585.300	 14273.200	0	0	0	0	run_cell DJIA 6 EXDRL 2
38	:	1779760669.121	 14200.631	0	0	0	0	run_cell DJIA 7 EXDRL 2
37	:	1779760668.573	 14218.562	0	0	0	0	run_cell DJIA 7 EXDRL 1
36	:	1779760654.114	 14269.671	0	0	0	0	run_cell DJIA 7 EXDRL 0
44	:	1779760733.202	 14221.044	0	0	0	0	run_cell DJIA 8 EXDRL 3
40	:	1779760689.386	 14270.154	0	0	0	0	run_cell DJIA 7 EXDRL 4
43	:	1779760720.298	 14248.294	0	0	0	0	run_cell DJIA 8 EXDRL 2
41	:	1779760700.008	 14318.670	0	0	0	0	run_cell DJIA 8 EXDRL 0
42	:	1779760710.691	 14324.088	0	0	0	0	run_cell DJIA 8 EXDRL 1
45	:	1779760816.715	 14234.713	0	0	0	0	run_cell DJIA 8 EXDRL 4
46	:	1779774696.772	 14286.461	0	0	0	0	run_cell DJIA 9 EXDRL 0
50	:	1779774849.599	 14145.673	0	0	0	0	run_cell DJIA 9 EXDRL 4
48	:	1779774827.182	 14199.700	0	0	0	0	run_cell DJIA 9 EXDRL 2
47	:	1779774814.612	 14223.526	0	0	0	0	run_cell DJIA 9 EXDRL 1
49	:	1779774846.252	 14249.256	0	0	0	0	run_cell DJIA 9 EXDRL 3
53	:	1779774887.143	 14234.469	0	0	0	0	run_cell DJIA 10 EXDRL 2
54	:	1779774923.792	 14199.463	0	0	0	0	run_cell DJIA 10 EXDRL 3
52	:	1779774869.759	 14253.738	0	0	0	0	run_cell DJIA 10 EXDRL 1
51	:	1779774858.507	 14310.572	0	0	0	0	run_cell DJIA 10 EXDRL 0
56	:	1779774959.546	 14231.387	0	0	0	0	run_cell DJIA 11 EXDRL 0
58	:	1779775018.686	 14194.694	0	0	0	0	run_cell DJIA 11 EXDRL 2
55	:	1779774954.252	 14293.320	0	0	0	0	run_cell DJIA 10 EXDRL 4
57	:	1779774968.608	 14286.562	0	0	0	0	run_cell DJIA 11 EXDRL 1
60	:	1779775051.437	 14262.536	0	0	0	0	run_cell DJIA 11 EXDRL 4
59	:	1779775034.791	 14281.906	0	0	0	0	run_cell DJIA 11 EXDRL 3
61	:	1779788983.245	 15943.639	0	0	0	0	run_cell DJIA 12 EXDRL 0
64	:	1779789038.145	 15945.897	0	0	0	0	run_cell DJIA 12 EXDRL 3
63	:	1779789026.889	 16061.261	0	0	0	0	run_cell DJIA 12 EXDRL 2
62	:	1779788995.280	 16096.898	0	0	0	0	run_cell DJIA 12 EXDRL 1
65	:	1779789095.524	 16001.137	0	0	0	0	run_cell DJIA 12 EXDRL 4
68	:	1779789123.505	 17585.457	0	0	0	0	run_cell SP50 0 EXDRL 2
69	:	1779789169.091	 17557.549	0	0	0	0	run_cell SP50 0 EXDRL 3
71	:	1779789213.390	 17657.993	0	0	0	0	run_cell SP50 1 EXDRL 0
67	:	1779789123.264	 17763.782	0	0	0	0	run_cell SP50 0 EXDRL 1
66	:	1779789121.618	 17802.713	0	0	0	0	run_cell SP50 0 EXDRL 0
72	:	1779789247.579	 17760.082	0	0	0	0	run_cell SP50 1 EXDRL 1
74	:	1779789313.984	 17731.765	0	0	0	0	run_cell SP50 1 EXDRL 3
75	:	1779789316.706	 17741.439	0	0	0	0	run_cell SP50 1 EXDRL 4
73	:	1779789255.182	 17816.239	0	0	0	0	run_cell SP50 1 EXDRL 2
70	:	1779789190.944	 17914.434	0	0	0	0	run_cell SP50 0 EXDRL 4
79	:	1779805092.185	 18260.205	0	0	0	0	run_cell SP50 2 EXDRL 3
76	:	1779804926.917	 18697.217	0	0	0	0	run_cell SP50 2 EXDRL 0
78	:	1779805088.160	 18701.357	0	0	0	0	run_cell SP50 2 EXDRL 2
80	:	1779805096.667	 18878.274	0	0	0	0	run_cell SP50 2 EXDRL 4
77	:	1779804984.059	 19029.706	0	0	0	0	run_cell SP50 2 EXDRL 1
82	:	1779806726.648	 18589.016	0	0	0	0	run_cell SP50 3 EXDRL 1
81	:	1779806708.980	 18791.273	0	0	0	0	run_cell SP50 3 EXDRL 0
86	:	1779807007.670	 18529.164	0	0	0	0	run_cell SP50 4 EXDRL 0
90	:	1779807105.392	 18436.496	0	0	0	0	run_cell SP50 4 EXDRL 4
85	:	1779806924.339	 18653.407	0	0	0	0	run_cell SP50 3 EXDRL 4
84	:	1779806887.056	 18763.970	0	0	0	0	run_cell SP50 3 EXDRL 3
83	:	1779806871.395	 18780.597	0	0	0	0	run_cell SP50 3 EXDRL 2
88	:	1779807058.153	 18639.615	0	0	0	0	run_cell SP50 4 EXDRL 2
89	:	1779807071.429	 18635.130	0	0	0	0	run_cell SP50 4 EXDRL 3
87	:	1779807045.761	 18859.128	0	0	0	0	run_cell SP50 4 EXDRL 1
91	:	1779823352.435	 18487.605	0	0	0	0	run_cell SP50 5 EXDRL 0
92	:	1779823624.150	 18653.007	0	0	0	0	run_cell SP50 5 EXDRL 1
93	:	1779823789.532	 18742.632	0	0	0	0	run_cell SP50 5 EXDRL 2
95	:	1779824013.781	 18690.110	0	0	0	0	run_cell SP50 5 EXDRL 4
94	:	1779823974.952	 19075.600	0	0	0	0	run_cell SP50 5 EXDRL 3
96	:	1779825315.680	 18555.871	0	0	0	0	run_cell SP50 6 EXDRL 0
101	:	1779825651.039	 18339.211	0	0	0	0	run_cell SP50 7 EXDRL 0
98	:	1779825536.848	 18539.619	0	0	0	0	run_cell SP50 6 EXDRL 2
97	:	1779825500.267	 18727.334	0	0	0	0	run_cell SP50 6 EXDRL 1
99	:	1779825541.896	 18711.218	0	0	0	0	run_cell SP50 6 EXDRL 3
103	:	1779825697.777	 18620.710	0	0	0	0	run_cell SP50 7 EXDRL 2
100	:	1779825577.756	 18774.631	0	0	0	0	run_cell SP50 6 EXDRL 4
102	:	1779825651.998	 18775.575	0	0	0	0	run_cell SP50 7 EXDRL 1
104	:	1779825706.568	 18773.777	0	0	0	0	run_cell SP50 7 EXDRL 3
105	:	1779825904.901	 18593.319	0	0	0	0	run_cell SP50 7 EXDRL 4
106	:	1779841840.074	 18604.142	0	0	0	0	run_cell SP50 8 EXDRL 0
107	:	1779842277.176	 18619.753	0	0	0	0	run_cell SP50 8 EXDRL 1
108	:	1779842532.177	 18794.457	0	0	0	0	run_cell SP50 8 EXDRL 2
109	:	1779842703.911	 18768.411	0	0	0	0	run_cell SP50 8 EXDRL 3
110	:	1779843050.560	 18872.786	0	0	0	0	run_cell SP50 8 EXDRL 4
111	:	1779843871.560	 18680.531	0	0	0	0	run_cell SP50 9 EXDRL 0
113	:	1779844076.480	 18693.381	0	0	0	0	run_cell SP50 9 EXDRL 2
119	:	1779844480.359	 18325.539	0	0	0	0	run_cell SP50 10 EXDRL 3
115	:	1779844253.125	 18638.257	0	0	0	0	run_cell SP50 9 EXDRL 4
114	:	1779844227.611	 18664.148	0	0	0	0	run_cell SP50 9 EXDRL 3
116	:	1779844318.501	 18595.095	0	0	0	0	run_cell SP50 10 EXDRL 0
112	:	1779843990.266	 19033.101	0	0	0	0	run_cell SP50 9 EXDRL 1
117	:	1779844352.397	 18725.751	0	0	0	0	run_cell SP50 10 EXDRL 1
118	:	1779844427.586	 18786.259	0	0	0	0	run_cell SP50 10 EXDRL 2
120	:	1779844498.236	 18756.885	0	0	0	0	run_cell SP50 10 EXDRL 4
121	:	1779860444.255	 17763.877	0	0	0	0	run_cell SP50 11 EXDRL 0
124	:	1779861472.336	 17229.416	0	0	0	0	run_cell SP50 11 EXDRL 3
123	:	1779861326.643	 17491.675	0	0	0	0	run_cell SP50 11 EXDRL 2
131	:	1779862913.607	 15988.679	0	0	0	0	run_cell IBEX 0 EXDRL 0
132	:	1779863023.380	 15958.678	0	0	0	0	run_cell IBEX 0 EXDRL 1
133	:	1779863078.160	 15913.057	0	0	0	0	run_cell IBEX 0 EXDRL 2
122	:	1779860896.942	 18150.858	0	0	0	0	run_cell SP50 11 EXDRL 1
134	:	1779863213.860	 15938.076	0	0	0	0	run_cell IBEX 0 EXDRL 3
135	:	1779863255.135	 16030.818	0	0	0	0	run_cell IBEX 0 EXDRL 4
125	:	1779861923.359	 17741.426	0	0	0	0	run_cell SP50 11 EXDRL 4
126	:	1779862552.099	 17432.460	0	0	0	0	run_cell SP50 12 EXDRL 0
127	:	1779862769.876	 17329.258	0	0	0	0	run_cell SP50 12 EXDRL 1
130	:	1779862891.768	 17359.837	0	0	0	0	run_cell SP50 12 EXDRL 4
129	:	1779862891.392	 17390.818	0	0	0	0	run_cell SP50 12 EXDRL 3
128	:	1779862805.916	 17505.657	0	0	0	0	run_cell SP50 12 EXDRL 2
136	:	1779878208.167	 14154.945	0	0	0	0	run_cell IBEX 1 EXDRL 0
137	:	1779878701.764	 14081.167	0	0	0	0	run_cell IBEX 1 EXDRL 1
138	:	1779878818.334	 14153.689	0	0	0	0	run_cell IBEX 1 EXDRL 2
140	:	1779878982.066	 14007.908	0	0	0	0	run_cell IBEX 1 EXDRL 4
139	:	1779878902.306	 14091.545	0	0	0	0	run_cell IBEX 1 EXDRL 3
141	:	1779878991.234	 14069.508	0	0	0	0	run_cell IBEX 2 EXDRL 0
142	:	1779879047.809	 14111.940	0	0	0	0	run_cell IBEX 2 EXDRL 1
143	:	1779879151.954	 14055.536	0	0	0	0	run_cell IBEX 2 EXDRL 2
144	:	1779879285.962	 14059.265	0	0	0	0	run_cell IBEX 2 EXDRL 3
145	:	1779879664.792	 13968.256	0	0	0	0	run_cell IBEX 2 EXDRL 4
146	:	1779879984.566	 14047.745	0	0	0	0	run_cell IBEX 3 EXDRL 0
147	:	1779880099.148	 14094.803	0	0	0	0	run_cell IBEX 3 EXDRL 1
149	:	1779880282.218	 14005.989	0	0	0	0	run_cell IBEX 3 EXDRL 3
148	:	1779880251.612	 14107.697	0	0	0	0	run_cell IBEX 3 EXDRL 2
150	:	1779880311.584	 14053.625	0	0	0	0	run_cell IBEX 3 EXDRL 4
151	:	1779892363.124	 13980.924	0	0	0	0	run_cell IBEX 4 EXDRL 0
152	:	1779892782.940	 14085.642	0	0	0	0	run_cell IBEX 4 EXDRL 1
155	:	1779892993.858	 13978.914	0	0	0	0	run_cell IBEX 4 EXDRL 4
153	:	1779892972.036	 14040.809	0	0	0	0	run_cell IBEX 4 EXDRL 2
154	:	1779892989.984	 14041.276	0	0	0	0	run_cell IBEX 4 EXDRL 3
156	:	1779893060.751	 14051.425	0	0	0	0	run_cell IBEX 5 EXDRL 0
157	:	1779893159.759	 14068.131	0	0	0	0	run_cell IBEX 5 EXDRL 1
158	:	1779893207.505	 14027.076	0	0	0	0	run_cell IBEX 5 EXDRL 2
159	:	1779893345.241	 13991.690	0	0	0	0	run_cell IBEX 5 EXDRL 3
160	:	1779893633.060	 14025.373	0	0	0	0	run_cell IBEX 5 EXDRL 4
161	:	1779894032.320	 13982.858	0	0	0	0	run_cell IBEX 6 EXDRL 0
162	:	1779894193.965	 13969.242	0	0	0	0	run_cell IBEX 6 EXDRL 1
163	:	1779894288.218	 14007.759	0	0	0	0	run_cell IBEX 6 EXDRL 2
164	:	1779894359.320	 13938.399	0	0	0	0	run_cell IBEX 6 EXDRL 3
165	:	1779894365.220	 13987.134	0	0	0	0	run_cell IBEX 6 EXDRL 4
166	:	1779906344.064	 14009.395	0	0	0	0	run_cell IBEX 7 EXDRL 0
167	:	1779906868.596	 14025.702	0	0	0	0	run_cell IBEX 7 EXDRL 1
168	:	1779906972.780	 13980.615	0	0	0	0	run_cell IBEX 7 EXDRL 2
169	:	1779907012.856	 13984.608	0	0	0	0	run_cell IBEX 7 EXDRL 3
170	:	1779907031.268	 14016.147	0	0	0	0	run_cell IBEX 7 EXDRL 4
171	:	1779907112.188	 14030.081	0	0	0	0	run_cell IBEX 8 EXDRL 0
172	:	1779907227.900	 14040.411	0	0	0	0	run_cell IBEX 8 EXDRL 1
173	:	1779907234.589	 14058.394	0	0	0	0	run_cell IBEX 8 EXDRL 2
174	:	1779907336.948	 14083.755	0	0	0	0	run_cell IBEX 8 EXDRL 3
175	:	1779907658.449	 14050.833	0	0	0	0	run_cell IBEX 8 EXDRL 4
176	:	1779908015.188	 14006.371	0	0	0	0	run_cell IBEX 9 EXDRL 0
177	:	1779908163.218	 14098.041	0	0	0	0	run_cell IBEX 9 EXDRL 1
178	:	1779908295.985	 14052.765	0	0	0	0	run_cell IBEX 9 EXDRL 2
179	:	1779908297.730	 14105.592	0	0	0	0	run_cell IBEX 9 EXDRL 3
180	:	1779908352.361	 14101.915	0	0	0	0	run_cell IBEX 9 EXDRL 4
181	:	1779920353.468	 14004.223	0	0	0	0	run_cell IBEX 10 EXDRL 0
182	:	1779920894.316	 14116.516	0	0	0	0	run_cell IBEX 10 EXDRL 1
184	:	1779920997.478	 14069.653	0	0	0	0	run_cell IBEX 10 EXDRL 3
185	:	1779921047.422	 14023.038	0	0	0	0	run_cell IBEX 10 EXDRL 4
183	:	1779920953.410	 14125.856	0	0	0	0	run_cell IBEX 10 EXDRL 2
186	:	1779921142.280	 14015.776	0	0	0	0	run_cell IBEX 11 EXDRL 0
187	:	1779921268.323	 13983.541	0	0	0	0	run_cell IBEX 11 EXDRL 1
189	:	1779921420.714	 13843.282	0	0	0	0	run_cell IBEX 11 EXDRL 3
188	:	1779921292.991	 13985.213	0	0	0	0	run_cell IBEX 11 EXDRL 2
190	:	1779921709.294	 13720.074	0	0	0	0	run_cell IBEX 11 EXDRL 4
191	:	1779922021.567	 13536.292	0	0	0	0	run_cell IBEX 12 EXDRL 0
192	:	1779922261.277	 13409.761	0	0	0	0	run_cell IBEX 12 EXDRL 1
193	:	1779922348.760	 13323.394	0	0	0	0	run_cell IBEX 12 EXDRL 2
194	:	1779922403.330	 13303.417	0	0	0	0	run_cell IBEX 12 EXDRL 3
195	:	1779922454.288	 13255.408	0	0	0	0	run_cell IBEX 12 EXDRL 4
