Seq	Host	Starttime	JobRuntime	Send	Receive	Exitval	Signal	Command
13	:	1779480424.266	   357.756	0	0	0	0	python scripts/run_one_with_telemetry.py --config src/configs/full_optimal.yaml --market DJIA --fold 1 --variant V0 --seed 7 --out results/full_optimal --telemetry > logs/full_optimal/DJIA_f1_V0_s7.log 2>&1
11	:	1779480424.259	   358.008	0	0	0	0	python scripts/run_one_with_telemetry.py --config src/configs/full_optimal.yaml --market DJIA --fold 1 --variant V0 --seed 5 --out results/full_optimal --telemetry > logs/full_optimal/DJIA_f1_V0_s5.log 2>&1
14	:	1779480424.271	   358.057	0	0	0	0	python scripts/run_one_with_telemetry.py --config src/configs/full_optimal.yaml --market DJIA --fold 1 --variant V0 --seed 8 --out results/full_optimal --telemetry > logs/full_optimal/DJIA_f1_V0_s8.log 2>&1
12	:	1779480424.263	   358.592	0	0	0	0	python scripts/run_one_with_telemetry.py --config src/configs/full_optimal.yaml --market DJIA --fold 1 --variant V0 --seed 6 --out results/full_optimal --telemetry > logs/full_optimal/DJIA_f1_V0_s6.log 2>&1
5	:	1779480424.243	   359.404	0	0	0	0	python scripts/run_one_with_telemetry.py --config src/configs/full_optimal.yaml --market DJIA --fold 0 --variant V0 --seed 9 --out results/full_optimal --telemetry > logs/full_optimal/DJIA_f0_V0_s9.log 2>&1
2	:	1779480424.237	   359.671	0	0	0	0	python scripts/run_one_with_telemetry.py --config src/configs/full_optimal.yaml --market DJIA --fold 0 --variant V0 --seed 6 --out results/full_optimal --telemetry > logs/full_optimal/DJIA_f0_V0_s6.log 2>&1
15	:	1779480424.275	   362.271	0	0	0	0	python scripts/run_one_with_telemetry.py --config src/configs/full_optimal.yaml --market DJIA --fold 1 --variant V0 --seed 9 --out results/full_optimal --telemetry > logs/full_optimal/DJIA_f1_V0_s9.log 2>&1
4	:	1779480424.241	   362.618	0	0	0	0	python scripts/run_one_with_telemetry.py --config src/configs/full_optimal.yaml --market DJIA --fold 0 --variant V0 --seed 8 --out results/full_optimal --telemetry > logs/full_optimal/DJIA_f0_V0_s8.log 2>&1
3	:	1779480424.239	   362.855	0	0	0	0	python scripts/run_one_with_telemetry.py --config src/configs/full_optimal.yaml --market DJIA --fold 0 --variant V0 --seed 7 --out results/full_optimal --telemetry > logs/full_optimal/DJIA_f0_V0_s7.log 2>&1
1	:	1779480424.236	   366.565	0	0	0	0	python scripts/run_one_with_telemetry.py --config src/configs/full_optimal.yaml --market DJIA --fold 0 --variant V0 --seed 5 --out results/full_optimal --telemetry > logs/full_optimal/DJIA_f0_V0_s5.log 2>&1
24	:	1779480787.099	   253.131	0	0	0	0	python scripts/run_one_with_telemetry.py --config src/configs/full_optimal.yaml --market DJIA --fold 2 --variant V0 --seed 8 --out results/full_optimal --telemetry > logs/full_optimal/DJIA_f2_V0_s8.log 2>&1
22	:	1779480786.549	   255.355	0	0	0	0	python scripts/run_one_with_telemetry.py --config src/configs/full_optimal.yaml --market DJIA --fold 2 --variant V0 --seed 6 --out results/full_optimal --telemetry > logs/full_optimal/DJIA_f2_V0_s6.log 2>&1
21	:	1779480783.914	   259.783	0	0	0	0	python scripts/run_one_with_telemetry.py --config src/configs/full_optimal.yaml --market DJIA --fold 2 --variant V0 --seed 5 --out results/full_optimal --telemetry > logs/full_optimal/DJIA_f2_V0_s5.log 2>&1
23	:	1779480786.864	   257.507	0	0	0	0	python scripts/run_one_with_telemetry.py --config src/configs/full_optimal.yaml --market DJIA --fold 2 --variant V0 --seed 7 --out results/full_optimal --telemetry > logs/full_optimal/DJIA_f2_V0_s7.log 2>&1
25	:	1779480790.807	   253.732	0	0	0	0	python scripts/run_one_with_telemetry.py --config src/configs/full_optimal.yaml --market DJIA --fold 2 --variant V0 --seed 9 --out results/full_optimal --telemetry > logs/full_optimal/DJIA_f2_V0_s9.log 2>&1
8	:	1779480424.251	  3124.634	0	0	0	0	python scripts/run_one_with_telemetry.py --config src/configs/full_optimal.yaml --market DJIA --fold 0 --variant V4 --seed 7 --out results/full_optimal --telemetry > logs/full_optimal/DJIA_f0_V4_s7.log 2>&1
10	:	1779480424.256	  3131.109	0	0	0	0	python scripts/run_one_with_telemetry.py --config src/configs/full_optimal.yaml --market DJIA --fold 0 --variant V4 --seed 9 --out results/full_optimal --telemetry > logs/full_optimal/DJIA_f0_V4_s9.log 2>&1
9	:	1779480424.253	  3132.924	0	0	0	0	python scripts/run_one_with_telemetry.py --config src/configs/full_optimal.yaml --market DJIA --fold 0 --variant V4 --seed 8 --out results/full_optimal --telemetry > logs/full_optimal/DJIA_f0_V4_s8.log 2>&1
7	:	1779480424.248	  3144.921	0	0	0	0	python scripts/run_one_with_telemetry.py --config src/configs/full_optimal.yaml --market DJIA --fold 0 --variant V4 --seed 6 --out results/full_optimal --telemetry > logs/full_optimal/DJIA_f0_V4_s6.log 2>&1
6	:	1779480424.245	  3159.301	0	0	0	0	python scripts/run_one_with_telemetry.py --config src/configs/full_optimal.yaml --market DJIA --fold 0 --variant V4 --seed 5 --out results/full_optimal --telemetry > logs/full_optimal/DJIA_f0_V4_s5.log 2>&1
31	:	1779483548.890	   254.712	0	0	0	0	python scripts/run_one_with_telemetry.py --config src/configs/full_optimal.yaml --market DJIA --fold 3 --variant V0 --seed 5 --out results/full_optimal --telemetry > logs/full_optimal/DJIA_f3_V0_s5.log 2>&1
32	:	1779483555.370	   253.220	0	0	0	0	python scripts/run_one_with_telemetry.py --config src/configs/full_optimal.yaml --market DJIA --fold 3 --variant V0 --seed 6 --out results/full_optimal --telemetry > logs/full_optimal/DJIA_f3_V0_s6.log 2>&1
33	:	1779483557.182	   252.414	0	0	0	0	python scripts/run_one_with_telemetry.py --config src/configs/full_optimal.yaml --market DJIA --fold 3 --variant V0 --seed 7 --out results/full_optimal --telemetry > logs/full_optimal/DJIA_f3_V0_s7.log 2>&1
34	:	1779483569.174	   248.425	0	0	0	0	python scripts/run_one_with_telemetry.py --config src/configs/full_optimal.yaml --market DJIA --fold 3 --variant V0 --seed 8 --out results/full_optimal --telemetry > logs/full_optimal/DJIA_f3_V0_s8.log 2>&1
35	:	1779483583.551	   245.118	0	0	0	0	python scripts/run_one_with_telemetry.py --config src/configs/full_optimal.yaml --market DJIA --fold 3 --variant V0 --seed 9 --out results/full_optimal --telemetry > logs/full_optimal/DJIA_f3_V0_s9.log 2>&1
16	:	1779480782.033	  3067.048	0	0	0	0	python scripts/run_one_with_telemetry.py --config src/configs/full_optimal.yaml --market DJIA --fold 1 --variant V4 --seed 5 --out results/full_optimal --telemetry > logs/full_optimal/DJIA_f1_V4_s5.log 2>&1
18	:	1779480782.333	  3097.406	0	0	0	0	python scripts/run_one_with_telemetry.py --config src/configs/full_optimal.yaml --market DJIA --fold 1 --variant V4 --seed 7 --out results/full_optimal --telemetry > logs/full_optimal/DJIA_f1_V4_s7.log 2>&1
17	:	1779480782.273	  3115.573	0	0	0	0	python scripts/run_one_with_telemetry.py --config src/configs/full_optimal.yaml --market DJIA --fold 1 --variant V4 --seed 6 --out results/full_optimal --telemetry > logs/full_optimal/DJIA_f1_V4_s6.log 2>&1
19	:	1779480782.862	  3125.605	0	0	0	0	python scripts/run_one_with_telemetry.py --config src/configs/full_optimal.yaml --market DJIA --fold 1 --variant V4 --seed 8 --out results/full_optimal --telemetry > logs/full_optimal/DJIA_f1_V4_s8.log 2>&1
20	:	1779480783.653	  3128.240	0	0	0	0	python scripts/run_one_with_telemetry.py --config src/configs/full_optimal.yaml --market DJIA --fold 1 --variant V4 --seed 9 --out results/full_optimal --telemetry > logs/full_optimal/DJIA_f1_V4_s9.log 2>&1
26	:	1779481040.235	  3010.036	0	0	0	0	python scripts/run_one_with_telemetry.py --config src/configs/full_optimal.yaml --market DJIA --fold 2 --variant V4 --seed 5 --out results/full_optimal --telemetry > logs/full_optimal/DJIA_f2_V4_s5.log 2>&1
41	:	1779483849.085	   234.842	0	0	0	0	python scripts/run_one_with_telemetry.py --config src/configs/full_optimal.yaml --market DJIA --fold 4 --variant V0 --seed 5 --out results/full_optimal --telemetry > logs/full_optimal/DJIA_f4_V0_s5.log 2>&1
28	:	1779481043.700	  3049.320	0	0	0	0	python scripts/run_one_with_telemetry.py --config src/configs/full_optimal.yaml --market DJIA --fold 2 --variant V4 --seed 7 --out results/full_optimal --telemetry > logs/full_optimal/DJIA_f2_V4_s7.log 2>&1
29	:	1779481044.377	  3051.875	0	0	0	0	python scripts/run_one_with_telemetry.py --config src/configs/full_optimal.yaml --market DJIA --fold 2 --variant V4 --seed 8 --out results/full_optimal --telemetry > logs/full_optimal/DJIA_f2_V4_s8.log 2>&1
30	:	1779481044.543	  3059.552	0	0	0	0	python scripts/run_one_with_telemetry.py --config src/configs/full_optimal.yaml --market DJIA --fold 2 --variant V4 --seed 9 --out results/full_optimal --telemetry > logs/full_optimal/DJIA_f2_V4_s9.log 2>&1
27	:	1779481041.908	  3067.053	0	0	0	0	python scripts/run_one_with_telemetry.py --config src/configs/full_optimal.yaml --market DJIA --fold 2 --variant V4 --seed 6 --out results/full_optimal --telemetry > logs/full_optimal/DJIA_f2_V4_s6.log 2>&1
42	:	1779483879.743	   247.830	0	0	0	0	python scripts/run_one_with_telemetry.py --config src/configs/full_optimal.yaml --market DJIA --fold 4 --variant V0 --seed 6 --out results/full_optimal --telemetry > logs/full_optimal/DJIA_f4_V0_s6.log 2>&1
43	:	1779483897.851	   252.075	0	0	0	0	python scripts/run_one_with_telemetry.py --config src/configs/full_optimal.yaml --market DJIA --fold 4 --variant V0 --seed 7 --out results/full_optimal --telemetry > logs/full_optimal/DJIA_f4_V0_s7.log 2>&1
44	:	1779483908.472	   253.895	0	0	0	0	python scripts/run_one_with_telemetry.py --config src/configs/full_optimal.yaml --market DJIA --fold 4 --variant V0 --seed 8 --out results/full_optimal --telemetry > logs/full_optimal/DJIA_f4_V0_s8.log 2>&1
45	:	1779483911.898	   251.193	0	0	0	0	python scripts/run_one_with_telemetry.py --config src/configs/full_optimal.yaml --market DJIA --fold 4 --variant V0 --seed 9 --out results/full_optimal --telemetry > logs/full_optimal/DJIA_f4_V0_s9.log 2>&1
51	:	1779484108.967	   255.069	0	0	0	0	python scripts/run_one_with_telemetry.py --config src/configs/full_optimal.yaml --market DJIA --fold 5 --variant V0 --seed 5 --out results/full_optimal --telemetry > logs/full_optimal/DJIA_f5_V0_s5.log 2>&1
52	:	1779484127.579	   251.227	0	0	0	0	python scripts/run_one_with_telemetry.py --config src/configs/full_optimal.yaml --market DJIA --fold 5 --variant V0 --seed 6 --out results/full_optimal --telemetry > logs/full_optimal/DJIA_f5_V0_s6.log 2>&1
53	:	1779484149.933	   251.258	0	0	0	0	python scripts/run_one_with_telemetry.py --config src/configs/full_optimal.yaml --market DJIA --fold 5 --variant V0 --seed 7 --out results/full_optimal --telemetry > logs/full_optimal/DJIA_f5_V0_s7.log 2>&1
55	:	1779484163.095	   245.961	0	0	0	0	python scripts/run_one_with_telemetry.py --config src/configs/full_optimal.yaml --market DJIA --fold 5 --variant V0 --seed 9 --out results/full_optimal --telemetry > logs/full_optimal/DJIA_f5_V0_s9.log 2>&1
54	:	1779484162.371	   248.569	0	0	0	0	python scripts/run_one_with_telemetry.py --config src/configs/full_optimal.yaml --market DJIA --fold 5 --variant V0 --seed 8 --out results/full_optimal --telemetry > logs/full_optimal/DJIA_f5_V0_s8.log 2>&1
36	:	1779483803.607	  3047.211	0	0	0	0	python scripts/run_one_with_telemetry.py --config src/configs/full_optimal.yaml --market DJIA --fold 3 --variant V4 --seed 5 --out results/full_optimal --telemetry > logs/full_optimal/DJIA_f3_V4_s5.log 2>&1
39	:	1779483817.604	  3041.256	0	0	0	0	python scripts/run_one_with_telemetry.py --config src/configs/full_optimal.yaml --market DJIA --fold 3 --variant V4 --seed 8 --out results/full_optimal --telemetry > logs/full_optimal/DJIA_f3_V4_s8.log 2>&1
38	:	1779483809.600	  3057.982	0	0	0	0	python scripts/run_one_with_telemetry.py --config src/configs/full_optimal.yaml --market DJIA --fold 3 --variant V4 --seed 7 --out results/full_optimal --telemetry > logs/full_optimal/DJIA_f3_V4_s7.log 2>&1
40	:	1779483828.674	  3047.912	0	0	0	0	python scripts/run_one_with_telemetry.py --config src/configs/full_optimal.yaml --market DJIA --fold 3 --variant V4 --seed 9 --out results/full_optimal --telemetry > logs/full_optimal/DJIA_f3_V4_s9.log 2>&1
37	:	1779483808.593	  3126.190	0	0	0	0	python scripts/run_one_with_telemetry.py --config src/configs/full_optimal.yaml --market DJIA --fold 3 --variant V4 --seed 6 --out results/full_optimal --telemetry > logs/full_optimal/DJIA_f3_V4_s6.log 2>&1
61	:	1779486850.823	   245.103	0	0	0	0	python scripts/run_one_with_telemetry.py --config src/configs/full_optimal.yaml --market DJIA --fold 6 --variant V0 --seed 5 --out results/full_optimal --telemetry > logs/full_optimal/DJIA_f6_V0_s5.log 2>&1
62	:	1779486858.866	   243.544	0	0	0	0	python scripts/run_one_with_telemetry.py --config src/configs/full_optimal.yaml --market DJIA --fold 6 --variant V0 --seed 6 --out results/full_optimal --telemetry > logs/full_optimal/DJIA_f6_V0_s6.log 2>&1
46	:	1779484050.276	  3052.730	0	0	0	0	python scripts/run_one_with_telemetry.py --config src/configs/full_optimal.yaml --market DJIA --fold 4 --variant V4 --seed 5 --out results/full_optimal --telemetry > logs/full_optimal/DJIA_f4_V4_s5.log 2>&1
63	:	1779486867.586	   247.940	0	0	0	0	python scripts/run_one_with_telemetry.py --config src/configs/full_optimal.yaml --market DJIA --fold 6 --variant V0 --seed 7 --out results/full_optimal --telemetry > logs/full_optimal/DJIA_f6_V0_s7.log 2>&1
64	:	1779486876.591	   244.750	0	0	0	0	python scripts/run_one_with_telemetry.py --config src/configs/full_optimal.yaml --market DJIA --fold 6 --variant V0 --seed 8 --out results/full_optimal --telemetry > logs/full_optimal/DJIA_f6_V0_s8.log 2>&1
65	:	1779486934.790	   238.414	0	0	0	0	python scripts/run_one_with_telemetry.py --config src/configs/full_optimal.yaml --market DJIA --fold 6 --variant V0 --seed 9 --out results/full_optimal --telemetry > logs/full_optimal/DJIA_f6_V0_s9.log 2>&1
47	:	1779484083.933	  3096.122	0	0	0	0	python scripts/run_one_with_telemetry.py --config src/configs/full_optimal.yaml --market DJIA --fold 4 --variant V4 --seed 6 --out results/full_optimal --telemetry > logs/full_optimal/DJIA_f4_V4_s6.log 2>&1
48	:	1779484093.027	  3099.302	0	0	0	0	python scripts/run_one_with_telemetry.py --config src/configs/full_optimal.yaml --market DJIA --fold 4 --variant V4 --seed 7 --out results/full_optimal --telemetry > logs/full_optimal/DJIA_f4_V4_s7.log 2>&1
49	:	1779484096.258	  3114.416	0	0	0	0	python scripts/run_one_with_telemetry.py --config src/configs/full_optimal.yaml --market DJIA --fold 4 --variant V4 --seed 8 --out results/full_optimal --telemetry > logs/full_optimal/DJIA_f4_V4_s8.log 2>&1
50	:	1779484104.101	  3109.771	0	0	0	0	python scripts/run_one_with_telemetry.py --config src/configs/full_optimal.yaml --market DJIA --fold 4 --variant V4 --seed 9 --out results/full_optimal --telemetry > logs/full_optimal/DJIA_f4_V4_s9.log 2>&1
71	:	1779487173.209	   246.658	0	0	0	0	python scripts/run_one_with_telemetry.py --config src/configs/full_optimal.yaml --market DJIA --fold 7 --variant V0 --seed 5 --out results/full_optimal --telemetry > logs/full_optimal/DJIA_f7_V0_s5.log 2>&1
72	:	1779487180.059	   247.634	0	0	0	0	python scripts/run_one_with_telemetry.py --config src/configs/full_optimal.yaml --market DJIA --fold 7 --variant V0 --seed 6 --out results/full_optimal --telemetry > logs/full_optimal/DJIA_f7_V0_s6.log 2>&1
56	:	1779484364.041	  3070.042	0	0	0	0	python scripts/run_one_with_telemetry.py --config src/configs/full_optimal.yaml --market DJIA --fold 5 --variant V4 --seed 5 --out results/full_optimal --telemetry > logs/full_optimal/DJIA_f5_V4_s5.log 2>&1
73	:	1779487192.334	   249.402	0	0	0	0	python scripts/run_one_with_telemetry.py --config src/configs/full_optimal.yaml --market DJIA --fold 7 --variant V0 --seed 7 --out results/full_optimal --telemetry > logs/full_optimal/DJIA_f7_V0_s7.log 2>&1
57	:	1779484378.810	  3076.345	0	0	0	0	python scripts/run_one_with_telemetry.py --config src/configs/full_optimal.yaml --market DJIA --fold 5 --variant V4 --seed 6 --out results/full_optimal --telemetry > logs/full_optimal/DJIA_f5_V4_s6.log 2>&1
74	:	1779487210.680	   245.454	0	0	0	0	python scripts/run_one_with_telemetry.py --config src/configs/full_optimal.yaml --market DJIA --fold 7 --variant V0 --seed 8 --out results/full_optimal --telemetry > logs/full_optimal/DJIA_f7_V0_s8.log 2>&1
75	:	1779487213.879	   245.794	0	0	0	0	python scripts/run_one_with_telemetry.py --config src/configs/full_optimal.yaml --market DJIA --fold 7 --variant V0 --seed 9 --out results/full_optimal --telemetry > logs/full_optimal/DJIA_f7_V0_s9.log 2>&1
60	:	1779484410.944	  3066.296	0	0	0	0	python scripts/run_one_with_telemetry.py --config src/configs/full_optimal.yaml --market DJIA --fold 5 --variant V4 --seed 9 --out results/full_optimal --telemetry > logs/full_optimal/DJIA_f5_V4_s9.log 2>&1
59	:	1779484409.061	  3097.967	0	0	0	0	python scripts/run_one_with_telemetry.py --config src/configs/full_optimal.yaml --market DJIA --fold 5 --variant V4 --seed 8 --out results/full_optimal --telemetry > logs/full_optimal/DJIA_f5_V4_s8.log 2>&1
58	:	1779484401.195	  3108.911	0	0	0	0	python scripts/run_one_with_telemetry.py --config src/configs/full_optimal.yaml --market DJIA --fold 5 --variant V4 --seed 7 --out results/full_optimal --telemetry > logs/full_optimal/DJIA_f5_V4_s7.log 2>&1
81	:	1779487456.140	   242.350	0	0	0	0	python scripts/run_one_with_telemetry.py --config src/configs/full_optimal.yaml --market DJIA --fold 8 --variant V0 --seed 5 --out results/full_optimal --telemetry > logs/full_optimal/DJIA_f8_V0_s5.log 2>&1
82	:	1779487459.676	   240.937	0	0	0	0	python scripts/run_one_with_telemetry.py --config src/configs/full_optimal.yaml --market DJIA --fold 8 --variant V0 --seed 6 --out results/full_optimal --telemetry > logs/full_optimal/DJIA_f8_V0_s6.log 2>&1
83	:	1779487477.243	   246.460	0	0	0	0	python scripts/run_one_with_telemetry.py --config src/configs/full_optimal.yaml --market DJIA --fold 8 --variant V0 --seed 7 --out results/full_optimal --telemetry > logs/full_optimal/DJIA_f8_V0_s7.log 2>&1
84	:	1779487507.031	   244.792	0	0	0	0	python scripts/run_one_with_telemetry.py --config src/configs/full_optimal.yaml --market DJIA --fold 8 --variant V0 --seed 8 --out results/full_optimal --telemetry > logs/full_optimal/DJIA_f8_V0_s8.log 2>&1
85	:	1779487510.111	   242.730	0	0	0	0	python scripts/run_one_with_telemetry.py --config src/configs/full_optimal.yaml --market DJIA --fold 8 --variant V0 --seed 9 --out results/full_optimal --telemetry > logs/full_optimal/DJIA_f8_V0_s9.log 2>&1
70	:	1779487121.345	  3056.819	0	0	0	0	python scripts/run_one_with_telemetry.py --config src/configs/full_optimal.yaml --market DJIA --fold 6 --variant V4 --seed 9 --out results/full_optimal --telemetry > logs/full_optimal/DJIA_f6_V4_s9.log 2>&1
66	:	1779487095.931	  3083.831	0	0	0	0	python scripts/run_one_with_telemetry.py --config src/configs/full_optimal.yaml --market DJIA --fold 6 --variant V4 --seed 5 --out results/full_optimal --telemetry > logs/full_optimal/DJIA_f6_V4_s5.log 2>&1
67	:	1779487102.417	  3091.109	0	0	0	0	python scripts/run_one_with_telemetry.py --config src/configs/full_optimal.yaml --market DJIA --fold 6 --variant V4 --seed 6 --out results/full_optimal --telemetry > logs/full_optimal/DJIA_f6_V4_s6.log 2>&1
68	:	1779487103.013	  3095.286	0	0	0	0	python scripts/run_one_with_telemetry.py --config src/configs/full_optimal.yaml --market DJIA --fold 6 --variant V4 --seed 7 --out results/full_optimal --telemetry > logs/full_optimal/DJIA_f6_V4_s7.log 2>&1
69	:	1779487115.531	  3087.722	0	0	0	0	python scripts/run_one_with_telemetry.py --config src/configs/full_optimal.yaml --market DJIA --fold 6 --variant V4 --seed 8 --out results/full_optimal --telemetry > logs/full_optimal/DJIA_f6_V4_s8.log 2>&1
91	:	1779490178.169	   251.325	0	0	0	0	python scripts/run_one_with_telemetry.py --config src/configs/full_optimal.yaml --market DJIA --fold 9 --variant V0 --seed 5 --out results/full_optimal --telemetry > logs/full_optimal/DJIA_f9_V0_s5.log 2>&1
92	:	1779490179.766	   249.754	0	0	0	0	python scripts/run_one_with_telemetry.py --config src/configs/full_optimal.yaml --market DJIA --fold 9 --variant V0 --seed 6 --out results/full_optimal --telemetry > logs/full_optimal/DJIA_f9_V0_s6.log 2>&1
93	:	1779490193.533	   249.358	0	0	0	0	python scripts/run_one_with_telemetry.py --config src/configs/full_optimal.yaml --market DJIA --fold 9 --variant V0 --seed 7 --out results/full_optimal --telemetry > logs/full_optimal/DJIA_f9_V0_s7.log 2>&1
94	:	1779490198.304	   250.321	0	0	0	0	python scripts/run_one_with_telemetry.py --config src/configs/full_optimal.yaml --market DJIA --fold 9 --variant V0 --seed 8 --out results/full_optimal --telemetry > logs/full_optimal/DJIA_f9_V0_s8.log 2>&1
95	:	1779490203.258	   248.045	0	0	0	0	python scripts/run_one_with_telemetry.py --config src/configs/full_optimal.yaml --market DJIA --fold 9 --variant V0 --seed 9 --out results/full_optimal --telemetry > logs/full_optimal/DJIA_f9_V0_s9.log 2>&1
76	:	1779487419.874	  3075.641	0	0	0	0	python scripts/run_one_with_telemetry.py --config src/configs/full_optimal.yaml --market DJIA --fold 7 --variant V4 --seed 5 --out results/full_optimal --telemetry > logs/full_optimal/DJIA_f7_V4_s5.log 2>&1
78	:	1779487434.088	  3065.024	0	0	0	0	python scripts/run_one_with_telemetry.py --config src/configs/full_optimal.yaml --market DJIA --fold 7 --variant V4 --seed 7 --out results/full_optimal --telemetry > logs/full_optimal/DJIA_f7_V4_s7.log 2>&1
80	:	1779487455.160	  3070.536	0	0	0	0	python scripts/run_one_with_telemetry.py --config src/configs/full_optimal.yaml --market DJIA --fold 7 --variant V4 --seed 9 --out results/full_optimal --telemetry > logs/full_optimal/DJIA_f7_V4_s9.log 2>&1
77	:	1779487427.699	  3113.217	0	0	0	0	python scripts/run_one_with_telemetry.py --config src/configs/full_optimal.yaml --market DJIA --fold 7 --variant V4 --seed 6 --out results/full_optimal --telemetry > logs/full_optimal/DJIA_f7_V4_s6.log 2>&1
79	:	1779487441.742	  3129.044	0	0	0	0	python scripts/run_one_with_telemetry.py --config src/configs/full_optimal.yaml --market DJIA --fold 7 --variant V4 --seed 8 --out results/full_optimal --telemetry > logs/full_optimal/DJIA_f7_V4_s8.log 2>&1
101	:	1779490495.520	   243.352	0	0	0	0	python scripts/run_one_with_telemetry.py --config src/configs/full_optimal.yaml --market DJIA --fold 10 --variant V0 --seed 5 --out results/full_optimal --telemetry > logs/full_optimal/DJIA_f10_V0_s5.log 2>&1
102	:	1779490499.117	   242.690	0	0	0	0	python scripts/run_one_with_telemetry.py --config src/configs/full_optimal.yaml --market DJIA --fold 10 --variant V0 --seed 6 --out results/full_optimal --telemetry > logs/full_optimal/DJIA_f10_V0_s6.log 2>&1
103	:	1779490525.702	   245.389	0	0	0	0	python scripts/run_one_with_telemetry.py --config src/configs/full_optimal.yaml --market DJIA --fold 10 --variant V0 --seed 7 --out results/full_optimal --telemetry > logs/full_optimal/DJIA_f10_V0_s7.log 2>&1
86	:	1779487698.498	  3080.502	0	0	0	0	python scripts/run_one_with_telemetry.py --config src/configs/full_optimal.yaml --market DJIA --fold 8 --variant V4 --seed 5 --out results/full_optimal --telemetry > logs/full_optimal/DJIA_f8_V4_s5.log 2>&1
104	:	1779490540.920	   246.152	0	0	0	0	python scripts/run_one_with_telemetry.py --config src/configs/full_optimal.yaml --market DJIA --fold 10 --variant V0 --seed 8 --out results/full_optimal --telemetry > logs/full_optimal/DJIA_f10_V0_s8.log 2>&1
105	:	1779490570.791	   236.063	0	0	0	0	python scripts/run_one_with_telemetry.py --config src/configs/full_optimal.yaml --market DJIA --fold 10 --variant V0 --seed 9 --out results/full_optimal --telemetry > logs/full_optimal/DJIA_f10_V0_s9.log 2>&1
88	:	1779487723.708	  3101.785	0	0	0	0	python scripts/run_one_with_telemetry.py --config src/configs/full_optimal.yaml --market DJIA --fold 8 --variant V4 --seed 7 --out results/full_optimal --telemetry > logs/full_optimal/DJIA_f8_V4_s7.log 2>&1
90	:	1779487752.846	  3081.730	0	0	0	0	python scripts/run_one_with_telemetry.py --config src/configs/full_optimal.yaml --market DJIA --fold 8 --variant V4 --seed 9 --out results/full_optimal --telemetry > logs/full_optimal/DJIA_f8_V4_s9.log 2>&1
87	:	1779487700.618	  3173.832	0	0	0	0	python scripts/run_one_with_telemetry.py --config src/configs/full_optimal.yaml --market DJIA --fold 8 --variant V4 --seed 6 --out results/full_optimal --telemetry > logs/full_optimal/DJIA_f8_V4_s6.log 2>&1
89	:	1779487751.826	  3133.582	0	0	0	0	python scripts/run_one_with_telemetry.py --config src/configs/full_optimal.yaml --market DJIA --fold 8 --variant V4 --seed 8 --out results/full_optimal --telemetry > logs/full_optimal/DJIA_f8_V4_s8.log 2>&1
111	:	1779490806.858	   242.467	0	0	0	0	python scripts/run_one_with_telemetry.py --config src/configs/full_optimal.yaml --market DJIA --fold 11 --variant V0 --seed 5 --out results/full_optimal --telemetry > logs/full_optimal/DJIA_f11_V0_s5.log 2>&1
112	:	1779490825.499	   247.257	0	0	0	0	python scripts/run_one_with_telemetry.py --config src/configs/full_optimal.yaml --market DJIA --fold 11 --variant V0 --seed 6 --out results/full_optimal --telemetry > logs/full_optimal/DJIA_f11_V0_s6.log 2>&1
113	:	1779490834.582	   245.780	0	0	0	0	python scripts/run_one_with_telemetry.py --config src/configs/full_optimal.yaml --market DJIA --fold 11 --variant V0 --seed 7 --out results/full_optimal --telemetry > logs/full_optimal/DJIA_f11_V0_s7.log 2>&1
114	:	1779490874.454	   243.381	0	0	0	0	python scripts/run_one_with_telemetry.py --config src/configs/full_optimal.yaml --market DJIA --fold 11 --variant V0 --seed 8 --out results/full_optimal --telemetry > logs/full_optimal/DJIA_f11_V0_s8.log 2>&1
115	:	1779490885.414	   242.211	0	0	0	0	python scripts/run_one_with_telemetry.py --config src/configs/full_optimal.yaml --market DJIA --fold 11 --variant V0 --seed 9 --out results/full_optimal --telemetry > logs/full_optimal/DJIA_f11_V0_s9.log 2>&1
96	:	1779490429.502	  3027.500	0	0	0	0	python scripts/run_one_with_telemetry.py --config src/configs/full_optimal.yaml --market DJIA --fold 9 --variant V4 --seed 5 --out results/full_optimal --telemetry > logs/full_optimal/DJIA_f9_V4_s5.log 2>&1
97	:	1779490429.526	  3050.374	0	0	0	0	python scripts/run_one_with_telemetry.py --config src/configs/full_optimal.yaml --market DJIA --fold 9 --variant V4 --seed 6 --out results/full_optimal --telemetry > logs/full_optimal/DJIA_f9_V4_s6.log 2>&1
98	:	1779490442.895	  3038.217	0	0	0	0	python scripts/run_one_with_telemetry.py --config src/configs/full_optimal.yaml --market DJIA --fold 9 --variant V4 --seed 7 --out results/full_optimal --telemetry > logs/full_optimal/DJIA_f9_V4_s7.log 2>&1
99	:	1779490448.629	  3049.773	0	0	0	0	python scripts/run_one_with_telemetry.py --config src/configs/full_optimal.yaml --market DJIA --fold 9 --variant V4 --seed 8 --out results/full_optimal --telemetry > logs/full_optimal/DJIA_f9_V4_s8.log 2>&1
100	:	1779490451.306	  3052.785	0	0	0	0	python scripts/run_one_with_telemetry.py --config src/configs/full_optimal.yaml --market DJIA --fold 9 --variant V4 --seed 9 --out results/full_optimal --telemetry > logs/full_optimal/DJIA_f9_V4_s9.log 2>&1
121	:	1779493457.008	   243.983	0	0	0	0	python scripts/run_one_with_telemetry.py --config src/configs/full_optimal.yaml --market DJIA --fold 12 --variant V0 --seed 5 --out results/full_optimal --telemetry > logs/full_optimal/DJIA_f12_V0_s5.log 2>&1
123	:	1779493481.119	   245.526	0	0	0	0	python scripts/run_one_with_telemetry.py --config src/configs/full_optimal.yaml --market DJIA --fold 12 --variant V0 --seed 7 --out results/full_optimal --telemetry > logs/full_optimal/DJIA_f12_V0_s7.log 2>&1
122	:	1779493479.911	   251.667	0	0	0	0	python scripts/run_one_with_telemetry.py --config src/configs/full_optimal.yaml --market DJIA --fold 12 --variant V0 --seed 6 --out results/full_optimal --telemetry > logs/full_optimal/DJIA_f12_V0_s6.log 2>&1
125	:	1779493504.097	   243.188	0	0	0	0	python scripts/run_one_with_telemetry.py --config src/configs/full_optimal.yaml --market DJIA --fold 12 --variant V0 --seed 9 --out results/full_optimal --telemetry > logs/full_optimal/DJIA_f12_V0_s9.log 2>&1
124	:	1779493498.406	   250.950	0	0	0	0	python scripts/run_one_with_telemetry.py --config src/configs/full_optimal.yaml --market DJIA --fold 12 --variant V0 --seed 8 --out results/full_optimal --telemetry > logs/full_optimal/DJIA_f12_V0_s8.log 2>&1
106	:	1779490738.879	  3081.950	0	0	0	0	python scripts/run_one_with_telemetry.py --config src/configs/full_optimal.yaml --market DJIA --fold 10 --variant V4 --seed 5 --out results/full_optimal --telemetry > logs/full_optimal/DJIA_f10_V4_s5.log 2>&1
107	:	1779490741.814	  3088.805	0	0	0	0	python scripts/run_one_with_telemetry.py --config src/configs/full_optimal.yaml --market DJIA --fold 10 --variant V4 --seed 6 --out results/full_optimal --telemetry > logs/full_optimal/DJIA_f10_V4_s6.log 2>&1
108	:	1779490771.095	  3079.213	0	0	0	0	python scripts/run_one_with_telemetry.py --config src/configs/full_optimal.yaml --market DJIA --fold 10 --variant V4 --seed 7 --out results/full_optimal --telemetry > logs/full_optimal/DJIA_f10_V4_s7.log 2>&1
110	:	1779490787.077	  3068.075	0	0	0	0	python scripts/run_one_with_telemetry.py --config src/configs/full_optimal.yaml --market DJIA --fold 10 --variant V4 --seed 9 --out results/full_optimal --telemetry > logs/full_optimal/DJIA_f10_V4_s9.log 2>&1
109	:	1779490779.004	  3089.361	0	0	0	0	python scripts/run_one_with_telemetry.py --config src/configs/full_optimal.yaml --market DJIA --fold 10 --variant V4 --seed 8 --out results/full_optimal --telemetry > logs/full_optimal/DJIA_f10_V4_s8.log 2>&1
116	:	1779491049.331	  3055.141	0	0	0	0	python scripts/run_one_with_telemetry.py --config src/configs/full_optimal.yaml --market DJIA --fold 11 --variant V4 --seed 5 --out results/full_optimal --telemetry > logs/full_optimal/DJIA_f11_V4_s5.log 2>&1
131	:	1779493820.831	   315.942	0	0	0	0	python scripts/run_one_with_telemetry.py --config src/configs/full_optimal.yaml --market SP50 --fold 0 --variant V0 --seed 5 --out results/full_optimal --telemetry > logs/full_optimal/SP50_f0_V0_s5.log 2>&1
132	:	1779493830.623	   317.688	0	0	0	0	python scripts/run_one_with_telemetry.py --config src/configs/full_optimal.yaml --market SP50 --fold 0 --variant V0 --seed 6 --out results/full_optimal --telemetry > logs/full_optimal/SP50_f0_V0_s6.log 2>&1
117	:	1779491072.764	  3093.203	0	0	0	0	python scripts/run_one_with_telemetry.py --config src/configs/full_optimal.yaml --market DJIA --fold 11 --variant V4 --seed 6 --out results/full_optimal --telemetry > logs/full_optimal/DJIA_f11_V4_s6.log 2>&1
133	:	1779493850.312	   320.603	0	0	0	0	python scripts/run_one_with_telemetry.py --config src/configs/full_optimal.yaml --market SP50 --fold 0 --variant V0 --seed 7 --out results/full_optimal --telemetry > logs/full_optimal/SP50_f0_V0_s7.log 2>&1
134	:	1779493855.156	   321.277	0	0	0	0	python scripts/run_one_with_telemetry.py --config src/configs/full_optimal.yaml --market SP50 --fold 0 --variant V0 --seed 8 --out results/full_optimal --telemetry > logs/full_optimal/SP50_f0_V0_s8.log 2>&1
119	:	1779491117.841	  3068.569	0	0	0	0	python scripts/run_one_with_telemetry.py --config src/configs/full_optimal.yaml --market DJIA --fold 11 --variant V4 --seed 8 --out results/full_optimal --telemetry > logs/full_optimal/DJIA_f11_V4_s8.log 2>&1
118	:	1779491080.369	  3106.183	0	0	0	0	python scripts/run_one_with_telemetry.py --config src/configs/full_optimal.yaml --market DJIA --fold 11 --variant V4 --seed 7 --out results/full_optimal --telemetry > logs/full_optimal/DJIA_f11_V4_s7.log 2>&1
135	:	1779493868.371	   319.822	0	0	0	0	python scripts/run_one_with_telemetry.py --config src/configs/full_optimal.yaml --market SP50 --fold 0 --variant V0 --seed 9 --out results/full_optimal --telemetry > logs/full_optimal/SP50_f0_V0_s9.log 2>&1
120	:	1779491127.629	  3103.562	0	0	0	0	python scripts/run_one_with_telemetry.py --config src/configs/full_optimal.yaml --market DJIA --fold 11 --variant V4 --seed 9 --out results/full_optimal --telemetry > logs/full_optimal/DJIA_f11_V4_s9.log 2>&1
141	:	1779494176.437	   322.276	0	0	0	0	python scripts/run_one_with_telemetry.py --config src/configs/full_optimal.yaml --market SP50 --fold 1 --variant V0 --seed 5 --out results/full_optimal --telemetry > logs/full_optimal/SP50_f1_V0_s5.log 2>&1
143	:	1779494186.557	   325.350	0	0	0	0	python scripts/run_one_with_telemetry.py --config src/configs/full_optimal.yaml --market SP50 --fold 1 --variant V0 --seed 7 --out results/full_optimal --telemetry > logs/full_optimal/SP50_f1_V0_s7.log 2>&1
142	:	1779494186.415	   329.888	0	0	0	0	python scripts/run_one_with_telemetry.py --config src/configs/full_optimal.yaml --market SP50 --fold 1 --variant V0 --seed 6 --out results/full_optimal --telemetry > logs/full_optimal/SP50_f1_V0_s6.log 2>&1
144	:	1779494188.198	   328.299	0	0	0	0	python scripts/run_one_with_telemetry.py --config src/configs/full_optimal.yaml --market SP50 --fold 1 --variant V0 --seed 8 --out results/full_optimal --telemetry > logs/full_optimal/SP50_f1_V0_s8.log 2>&1
145	:	1779494231.198	   321.898	0	0	0	0	python scripts/run_one_with_telemetry.py --config src/configs/full_optimal.yaml --market SP50 --fold 1 --variant V0 --seed 9 --out results/full_optimal --telemetry > logs/full_optimal/SP50_f1_V0_s9.log 2>&1
126	:	1779493700.998	  3144.468	0	0	0	0	python scripts/run_one_with_telemetry.py --config src/configs/full_optimal.yaml --market DJIA --fold 12 --variant V4 --seed 5 --out results/full_optimal --telemetry > logs/full_optimal/DJIA_f12_V4_s5.log 2>&1
127	:	1779493726.650	  3154.098	0	0	0	0	python scripts/run_one_with_telemetry.py --config src/configs/full_optimal.yaml --market DJIA --fold 12 --variant V4 --seed 6 --out results/full_optimal --telemetry > logs/full_optimal/DJIA_f12_V4_s6.log 2>&1
128	:	1779493731.581	  3171.504	0	0	0	0	python scripts/run_one_with_telemetry.py --config src/configs/full_optimal.yaml --market DJIA --fold 12 --variant V4 --seed 7 --out results/full_optimal --telemetry > logs/full_optimal/DJIA_f12_V4_s7.log 2>&1
130	:	1779493749.360	  3168.549	0	0	0	0	python scripts/run_one_with_telemetry.py --config src/configs/full_optimal.yaml --market DJIA --fold 12 --variant V4 --seed 9 --out results/full_optimal --telemetry > logs/full_optimal/DJIA_f12_V4_s9.log 2>&1
129	:	1779493747.291	  3174.930	0	0	0	0	python scripts/run_one_with_telemetry.py --config src/configs/full_optimal.yaml --market DJIA --fold 12 --variant V4 --seed 8 --out results/full_optimal --telemetry > logs/full_optimal/DJIA_f12_V4_s8.log 2>&1
151	:	1779496845.470	   322.185	0	0	0	0	python scripts/run_one_with_telemetry.py --config src/configs/full_optimal.yaml --market SP50 --fold 2 --variant V0 --seed 5 --out results/full_optimal --telemetry > logs/full_optimal/SP50_f2_V0_s5.log 2>&1
152	:	1779496880.752	   329.835	0	0	0	0	python scripts/run_one_with_telemetry.py --config src/configs/full_optimal.yaml --market SP50 --fold 2 --variant V0 --seed 6 --out results/full_optimal --telemetry > logs/full_optimal/SP50_f2_V0_s6.log 2>&1
153	:	1779496903.093	   336.215	0	0	0	0	python scripts/run_one_with_telemetry.py --config src/configs/full_optimal.yaml --market SP50 --fold 2 --variant V0 --seed 7 --out results/full_optimal --telemetry > logs/full_optimal/SP50_f2_V0_s7.log 2>&1
154	:	1779496917.915	   336.328	0	0	0	0	python scripts/run_one_with_telemetry.py --config src/configs/full_optimal.yaml --market SP50 --fold 2 --variant V0 --seed 8 --out results/full_optimal --telemetry > logs/full_optimal/SP50_f2_V0_s8.log 2>&1
155	:	1779496922.227	   332.864	0	0	0	0	python scripts/run_one_with_telemetry.py --config src/configs/full_optimal.yaml --market SP50 --fold 2 --variant V0 --seed 9 --out results/full_optimal --telemetry > logs/full_optimal/SP50_f2_V0_s9.log 2>&1
136	:	1779494104.479	  3177.905	0	0	0	0	python scripts/run_one_with_telemetry.py --config src/configs/full_optimal.yaml --market SP50 --fold 0 --variant V4 --seed 5 --out results/full_optimal --telemetry > logs/full_optimal/SP50_f0_V4_s5.log 2>&1
137	:	1779494136.779	  3177.181	0	0	0	0	python scripts/run_one_with_telemetry.py --config src/configs/full_optimal.yaml --market SP50 --fold 0 --variant V4 --seed 6 --out results/full_optimal --telemetry > logs/full_optimal/SP50_f0_V4_s6.log 2>&1
138	:	1779494148.318	  3168.702	0	0	0	0	python scripts/run_one_with_telemetry.py --config src/configs/full_optimal.yaml --market SP50 --fold 0 --variant V4 --seed 7 --out results/full_optimal --telemetry > logs/full_optimal/SP50_f0_V4_s7.log 2>&1
140	:	1779494170.920	  3162.233	0	0	0	0	python scripts/run_one_with_telemetry.py --config src/configs/full_optimal.yaml --market SP50 --fold 0 --variant V4 --seed 9 --out results/full_optimal --telemetry > logs/full_optimal/SP50_f0_V4_s9.log 2>&1
139	:	1779494165.973	  3232.848	0	0	0	0	python scripts/run_one_with_telemetry.py --config src/configs/full_optimal.yaml --market SP50 --fold 0 --variant V4 --seed 8 --out results/full_optimal --telemetry > logs/full_optimal/SP50_f0_V4_s8.log 2>&1
161	:	1779497282.388	   322.918	0	0	0	0	python scripts/run_one_with_telemetry.py --config src/configs/full_optimal.yaml --market SP50 --fold 3 --variant V0 --seed 5 --out results/full_optimal --telemetry > logs/full_optimal/SP50_f3_V0_s5.log 2>&1
163	:	1779497317.024	   326.241	0	0	0	0	python scripts/run_one_with_telemetry.py --config src/configs/full_optimal.yaml --market SP50 --fold 3 --variant V0 --seed 7 --out results/full_optimal --telemetry > logs/full_optimal/SP50_f3_V0_s7.log 2>&1
162	:	1779497313.965	   330.077	0	0	0	0	python scripts/run_one_with_telemetry.py --config src/configs/full_optimal.yaml --market SP50 --fold 3 --variant V0 --seed 6 --out results/full_optimal --telemetry > logs/full_optimal/SP50_f3_V0_s6.log 2>&1
164	:	1779497333.160	   326.381	0	0	0	0	python scripts/run_one_with_telemetry.py --config src/configs/full_optimal.yaml --market SP50 --fold 3 --variant V0 --seed 8 --out results/full_optimal --telemetry > logs/full_optimal/SP50_f3_V0_s8.log 2>&1
149	:	1779494516.503	  3166.134	0	0	0	0	python scripts/run_one_with_telemetry.py --config src/configs/full_optimal.yaml --market SP50 --fold 1 --variant V4 --seed 8 --out results/full_optimal --telemetry > logs/full_optimal/SP50_f1_V4_s8.log 2>&1
148	:	1779494516.310	  3179.766	0	0	0	0	python scripts/run_one_with_telemetry.py --config src/configs/full_optimal.yaml --market SP50 --fold 1 --variant V4 --seed 7 --out results/full_optimal --telemetry > logs/full_optimal/SP50_f1_V4_s7.log 2>&1
165	:	1779497398.828	   307.444	0	0	0	0	python scripts/run_one_with_telemetry.py --config src/configs/full_optimal.yaml --market SP50 --fold 3 --variant V0 --seed 9 --out results/full_optimal --telemetry > logs/full_optimal/SP50_f3_V0_s9.log 2>&1
147	:	1779494511.911	  3196.000	0	0	0	0	python scripts/run_one_with_telemetry.py --config src/configs/full_optimal.yaml --market SP50 --fold 1 --variant V4 --seed 6 --out results/full_optimal --telemetry > logs/full_optimal/SP50_f1_V4_s6.log 2>&1
146	:	1779494498.720	  3222.134	0	0	0	0	python scripts/run_one_with_telemetry.py --config src/configs/full_optimal.yaml --market SP50 --fold 1 --variant V4 --seed 5 --out results/full_optimal --telemetry > logs/full_optimal/SP50_f1_V4_s5.log 2>&1
150	:	1779494553.100	  3204.552	0	0	0	0	python scripts/run_one_with_telemetry.py --config src/configs/full_optimal.yaml --market SP50 --fold 1 --variant V4 --seed 9 --out results/full_optimal --telemetry > logs/full_optimal/SP50_f1_V4_s9.log 2>&1
171	:	1779497696.083	   329.812	0	0	0	0	python scripts/run_one_with_telemetry.py --config src/configs/full_optimal.yaml --market SP50 --fold 4 --variant V0 --seed 5 --out results/full_optimal --telemetry > logs/full_optimal/SP50_f4_V0_s5.log 2>&1
173	:	1779497707.916	   332.121	0	0	0	0	python scripts/run_one_with_telemetry.py --config src/configs/full_optimal.yaml --market SP50 --fold 4 --variant V0 --seed 7 --out results/full_optimal --telemetry > logs/full_optimal/SP50_f4_V0_s7.log 2>&1
172	:	1779497706.277	   336.516	0	0	0	0	python scripts/run_one_with_telemetry.py --config src/configs/full_optimal.yaml --market SP50 --fold 4 --variant V0 --seed 6 --out results/full_optimal --telemetry > logs/full_optimal/SP50_f4_V0_s6.log 2>&1
174	:	1779497720.861	   328.671	0	0	0	0	python scripts/run_one_with_telemetry.py --config src/configs/full_optimal.yaml --market SP50 --fold 4 --variant V0 --seed 8 --out results/full_optimal --telemetry > logs/full_optimal/SP50_f4_V0_s8.log 2>&1
175	:	1779497757.658	   322.854	0	0	0	0	python scripts/run_one_with_telemetry.py --config src/configs/full_optimal.yaml --market SP50 --fold 4 --variant V0 --seed 9 --out results/full_optimal --telemetry > logs/full_optimal/SP50_f4_V0_s9.log 2>&1
156	:	1779497167.665	  3148.067	0	0	0	0	python scripts/run_one_with_telemetry.py --config src/configs/full_optimal.yaml --market SP50 --fold 2 --variant V4 --seed 5 --out results/full_optimal --telemetry > logs/full_optimal/SP50_f2_V4_s5.log 2>&1
158	:	1779497239.313	  3141.243	0	0	0	0	python scripts/run_one_with_telemetry.py --config src/configs/full_optimal.yaml --market SP50 --fold 2 --variant V4 --seed 7 --out results/full_optimal --telemetry > logs/full_optimal/SP50_f2_V4_s7.log 2>&1
157	:	1779497210.592	  3173.573	0	0	0	0	python scripts/run_one_with_telemetry.py --config src/configs/full_optimal.yaml --market SP50 --fold 2 --variant V4 --seed 6 --out results/full_optimal --telemetry > logs/full_optimal/SP50_f2_V4_s6.log 2>&1
160	:	1779497255.096	  3179.651	0	0	0	0	python scripts/run_one_with_telemetry.py --config src/configs/full_optimal.yaml --market SP50 --fold 2 --variant V4 --seed 9 --out results/full_optimal --telemetry > logs/full_optimal/SP50_f2_V4_s9.log 2>&1
159	:	1779497254.247	  3188.855	0	0	0	0	python scripts/run_one_with_telemetry.py --config src/configs/full_optimal.yaml --market SP50 --fold 2 --variant V4 --seed 8 --out results/full_optimal --telemetry > logs/full_optimal/SP50_f2_V4_s8.log 2>&1
181	:	1779500315.738	   299.044	0	0	0	0	python scripts/run_one_with_telemetry.py --config src/configs/full_optimal.yaml --market SP50 --fold 5 --variant V0 --seed 5 --out results/full_optimal --telemetry > logs/full_optimal/SP50_f5_V0_s5.log 2>&1
182	:	1779500380.561	   318.851	0	0	0	0	python scripts/run_one_with_telemetry.py --config src/configs/full_optimal.yaml --market SP50 --fold 5 --variant V0 --seed 6 --out results/full_optimal --telemetry > logs/full_optimal/SP50_f5_V0_s6.log 2>&1
183	:	1779500384.170	   318.073	0	0	0	0	python scripts/run_one_with_telemetry.py --config src/configs/full_optimal.yaml --market SP50 --fold 5 --variant V0 --seed 7 --out results/full_optimal --telemetry > logs/full_optimal/SP50_f5_V0_s7.log 2>&1
184	:	1779500434.751	   312.819	0	0	0	0	python scripts/run_one_with_telemetry.py --config src/configs/full_optimal.yaml --market SP50 --fold 5 --variant V0 --seed 8 --out results/full_optimal --telemetry > logs/full_optimal/SP50_f5_V0_s8.log 2>&1
185	:	1779500443.106	   312.680	0	0	0	0	python scripts/run_one_with_telemetry.py --config src/configs/full_optimal.yaml --market SP50 --fold 5 --variant V0 --seed 9 --out results/full_optimal --telemetry > logs/full_optimal/SP50_f5_V0_s9.log 2>&1
166	:	1779497605.313	  3212.352	0	0	0	0	python scripts/run_one_with_telemetry.py --config src/configs/full_optimal.yaml --market SP50 --fold 3 --variant V4 --seed 5 --out results/full_optimal --telemetry > logs/full_optimal/SP50_f3_V4_s5.log 2>&1
167	:	1779497643.270	  3179.722	0	0	0	0	python scripts/run_one_with_telemetry.py --config src/configs/full_optimal.yaml --market SP50 --fold 3 --variant V4 --seed 6 --out results/full_optimal --telemetry > logs/full_optimal/SP50_f3_V4_s6.log 2>&1
168	:	1779497644.047	  3180.982	0	0	0	0	python scripts/run_one_with_telemetry.py --config src/configs/full_optimal.yaml --market SP50 --fold 3 --variant V4 --seed 7 --out results/full_optimal --telemetry > logs/full_optimal/SP50_f3_V4_s7.log 2>&1
169	:	1779497659.547	  3178.025	0	0	0	0	python scripts/run_one_with_telemetry.py --config src/configs/full_optimal.yaml --market SP50 --fold 3 --variant V4 --seed 8 --out results/full_optimal --telemetry > logs/full_optimal/SP50_f3_V4_s8.log 2>&1
170	:	1779497682.642	  3222.962	0	0	0	0	python scripts/run_one_with_telemetry.py --config src/configs/full_optimal.yaml --market SP50 --fold 3 --variant V4 --seed 9 --out results/full_optimal --telemetry > logs/full_optimal/SP50_f3_V4_s9.log 2>&1
191	:	1779500817.672	   327.917	0	0	0	0	python scripts/run_one_with_telemetry.py --config src/configs/full_optimal.yaml --market SP50 --fold 6 --variant V0 --seed 5 --out results/full_optimal --telemetry > logs/full_optimal/SP50_f6_V0_s5.log 2>&1
192	:	1779500822.998	   330.409	0	0	0	0	python scripts/run_one_with_telemetry.py --config src/configs/full_optimal.yaml --market SP50 --fold 6 --variant V0 --seed 6 --out results/full_optimal --telemetry > logs/full_optimal/SP50_f6_V0_s6.log 2>&1
193	:	1779500825.034	   330.618	0	0	0	0	python scripts/run_one_with_telemetry.py --config src/configs/full_optimal.yaml --market SP50 --fold 6 --variant V0 --seed 7 --out results/full_optimal --telemetry > logs/full_optimal/SP50_f6_V0_s7.log 2>&1
194	:	1779500837.579	   327.497	0	0	0	0	python scripts/run_one_with_telemetry.py --config src/configs/full_optimal.yaml --market SP50 --fold 6 --variant V0 --seed 8 --out results/full_optimal --telemetry > logs/full_optimal/SP50_f6_V0_s8.log 2>&1
176	:	1779498025.902	  3181.078	0	0	0	0	python scripts/run_one_with_telemetry.py --config src/configs/full_optimal.yaml --market SP50 --fold 4 --variant V4 --seed 5 --out results/full_optimal --telemetry > logs/full_optimal/SP50_f4_V4_s5.log 2>&1
195	:	1779500905.612	   309.993	0	0	0	0	python scripts/run_one_with_telemetry.py --config src/configs/full_optimal.yaml --market SP50 --fold 6 --variant V0 --seed 9 --out results/full_optimal --telemetry > logs/full_optimal/SP50_f6_V0_s9.log 2>&1
179	:	1779498049.536	  3179.700	0	0	0	0	python scripts/run_one_with_telemetry.py --config src/configs/full_optimal.yaml --market SP50 --fold 4 --variant V4 --seed 8 --out results/full_optimal --telemetry > logs/full_optimal/SP50_f4_V4_s8.log 2>&1
177	:	1779498040.043	  3234.990	0	0	0	0	python scripts/run_one_with_telemetry.py --config src/configs/full_optimal.yaml --market SP50 --fold 4 --variant V4 --seed 6 --out results/full_optimal --telemetry > logs/full_optimal/SP50_f4_V4_s6.log 2>&1
178	:	1779498042.797	  3251.858	0	0	0	0	python scripts/run_one_with_telemetry.py --config src/configs/full_optimal.yaml --market SP50 --fold 4 --variant V4 --seed 7 --out results/full_optimal --telemetry > logs/full_optimal/SP50_f4_V4_s7.log 2>&1
180	:	1779498080.516	  3223.727	0	0	0	0	python scripts/run_one_with_telemetry.py --config src/configs/full_optimal.yaml --market SP50 --fold 4 --variant V4 --seed 9 --out results/full_optimal --telemetry > logs/full_optimal/SP50_f4_V4_s9.log 2>&1
201	:	1779501215.609	   314.546	0	0	0	0	python scripts/run_one_with_telemetry.py --config src/configs/full_optimal.yaml --market SP50 --fold 7 --variant V0 --seed 5 --out results/full_optimal --telemetry > logs/full_optimal/SP50_f7_V0_s5.log 2>&1
202	:	1779501229.241	   315.831	0	0	0	0	python scripts/run_one_with_telemetry.py --config src/configs/full_optimal.yaml --market SP50 --fold 7 --variant V0 --seed 6 --out results/full_optimal --telemetry > logs/full_optimal/SP50_f7_V0_s6.log 2>&1
203	:	1779501275.040	   328.906	0	0	0	0	python scripts/run_one_with_telemetry.py --config src/configs/full_optimal.yaml --market SP50 --fold 7 --variant V0 --seed 7 --out results/full_optimal --telemetry > logs/full_optimal/SP50_f7_V0_s7.log 2>&1
204	:	1779501294.659	   322.906	0	0	0	0	python scripts/run_one_with_telemetry.py --config src/configs/full_optimal.yaml --market SP50 --fold 7 --variant V0 --seed 8 --out results/full_optimal --telemetry > logs/full_optimal/SP50_f7_V0_s8.log 2>&1
205	:	1779501304.248	   317.272	0	0	0	0	python scripts/run_one_with_telemetry.py --config src/configs/full_optimal.yaml --market SP50 --fold 7 --variant V0 --seed 9 --out results/full_optimal --telemetry > logs/full_optimal/SP50_f7_V0_s9.log 2>&1
186	:	1779500614.787	  3188.582	0	0	0	0	python scripts/run_one_with_telemetry.py --config src/configs/full_optimal.yaml --market SP50 --fold 5 --variant V4 --seed 5 --out results/full_optimal --telemetry > logs/full_optimal/SP50_f5_V4_s5.log 2>&1
188	:	1779500702.249	  3245.241	0	0	0	0	python scripts/run_one_with_telemetry.py --config src/configs/full_optimal.yaml --market SP50 --fold 5 --variant V4 --seed 7 --out results/full_optimal --telemetry > logs/full_optimal/SP50_f5_V4_s7.log 2>&1
190	:	1779500755.791	  3213.571	0	0	0	0	python scripts/run_one_with_telemetry.py --config src/configs/full_optimal.yaml --market SP50 --fold 5 --variant V4 --seed 9 --out results/full_optimal --telemetry > logs/full_optimal/SP50_f5_V4_s9.log 2>&1
187	:	1779500699.418	  3278.776	0	0	0	0	python scripts/run_one_with_telemetry.py --config src/configs/full_optimal.yaml --market SP50 --fold 5 --variant V4 --seed 6 --out results/full_optimal --telemetry > logs/full_optimal/SP50_f5_V4_s6.log 2>&1
189	:	1779500747.575	  3262.704	0	0	0	0	python scripts/run_one_with_telemetry.py --config src/configs/full_optimal.yaml --market SP50 --fold 5 --variant V4 --seed 8 --out results/full_optimal --telemetry > logs/full_optimal/SP50_f5_V4_s8.log 2>&1
211	:	1779503803.376	   269.811	0	0	0	0	python scripts/run_one_with_telemetry.py --config src/configs/full_optimal.yaml --market SP50 --fold 8 --variant V0 --seed 5 --out results/full_optimal --telemetry > logs/full_optimal/SP50_f8_V0_s5.log 2>&1
212	:	1779503947.497	   312.266	0	0	0	0	python scripts/run_one_with_telemetry.py --config src/configs/full_optimal.yaml --market SP50 --fold 8 --variant V0 --seed 6 --out results/full_optimal --telemetry > logs/full_optimal/SP50_f8_V0_s6.log 2>&1
213	:	1779503969.367	   313.175	0	0	0	0	python scripts/run_one_with_telemetry.py --config src/configs/full_optimal.yaml --market SP50 --fold 8 --variant V0 --seed 7 --out results/full_optimal --telemetry > logs/full_optimal/SP50_f8_V0_s7.log 2>&1
214	:	1779503978.200	   313.471	0	0	0	0	python scripts/run_one_with_telemetry.py --config src/configs/full_optimal.yaml --market SP50 --fold 8 --variant V0 --seed 8 --out results/full_optimal --telemetry > logs/full_optimal/SP50_f8_V0_s8.log 2>&1
215	:	1779504010.285	   301.925	0	0	0	0	python scripts/run_one_with_telemetry.py --config src/configs/full_optimal.yaml --market SP50 --fold 8 --variant V0 --seed 9 --out results/full_optimal --telemetry > logs/full_optimal/SP50_f8_V0_s9.log 2>&1
196	:	1779501145.595	  3179.478	0	0	0	0	python scripts/run_one_with_telemetry.py --config src/configs/full_optimal.yaml --market SP50 --fold 6 --variant V4 --seed 5 --out results/full_optimal --telemetry > logs/full_optimal/SP50_f6_V4_s5.log 2>&1
198	:	1779501155.656	  3194.995	0	0	0	0	python scripts/run_one_with_telemetry.py --config src/configs/full_optimal.yaml --market SP50 --fold 6 --variant V4 --seed 7 --out results/full_optimal --telemetry > logs/full_optimal/SP50_f6_V4_s7.log 2>&1
197	:	1779501153.412	  3204.733	0	0	0	0	python scripts/run_one_with_telemetry.py --config src/configs/full_optimal.yaml --market SP50 --fold 6 --variant V4 --seed 6 --out results/full_optimal --telemetry > logs/full_optimal/SP50_f6_V4_s6.log 2>&1
200	:	1779501206.985	  3173.389	0	0	0	0	python scripts/run_one_with_telemetry.py --config src/configs/full_optimal.yaml --market SP50 --fold 6 --variant V4 --seed 9 --out results/full_optimal --telemetry > logs/full_optimal/SP50_f6_V4_s9.log 2>&1
199	:	1779501165.081	  3234.224	0	0	0	0	python scripts/run_one_with_telemetry.py --config src/configs/full_optimal.yaml --market SP50 --fold 6 --variant V4 --seed 8 --out results/full_optimal --telemetry > logs/full_optimal/SP50_f6_V4_s8.log 2>&1
221	:	1779504325.078	   323.207	0	0	0	0	python scripts/run_one_with_telemetry.py --config src/configs/full_optimal.yaml --market SP50 --fold 9 --variant V0 --seed 5 --out results/full_optimal --telemetry > logs/full_optimal/SP50_f9_V0_s5.log 2>&1
206	:	1779501530.163	  3137.136	0	0	0	0	python scripts/run_one_with_telemetry.py --config src/configs/full_optimal.yaml --market SP50 --fold 7 --variant V4 --seed 5 --out results/full_optimal --telemetry > logs/full_optimal/SP50_f7_V4_s5.log 2>&1
222	:	1779504350.656	   326.490	0	0	0	0	python scripts/run_one_with_telemetry.py --config src/configs/full_optimal.yaml --market SP50 --fold 9 --variant V0 --seed 6 --out results/full_optimal --telemetry > logs/full_optimal/SP50_f9_V0_s6.log 2>&1
223	:	1779504358.153	   326.009	0	0	0	0	python scripts/run_one_with_telemetry.py --config src/configs/full_optimal.yaml --market SP50 --fold 9 --variant V0 --seed 7 --out results/full_optimal --telemetry > logs/full_optimal/SP50_f9_V0_s7.log 2>&1
224	:	1779504380.379	   327.082	0	0	0	0	python scripts/run_one_with_telemetry.py --config src/configs/full_optimal.yaml --market SP50 --fold 9 --variant V0 --seed 8 --out results/full_optimal --telemetry > logs/full_optimal/SP50_f9_V0_s8.log 2>&1
207	:	1779501545.077	  3168.041	0	0	0	0	python scripts/run_one_with_telemetry.py --config src/configs/full_optimal.yaml --market SP50 --fold 7 --variant V4 --seed 6 --out results/full_optimal --telemetry > logs/full_optimal/SP50_f7_V4_s6.log 2>&1
225	:	1779504399.311	   321.312	0	0	0	0	python scripts/run_one_with_telemetry.py --config src/configs/full_optimal.yaml --market SP50 --fold 9 --variant V0 --seed 9 --out results/full_optimal --telemetry > logs/full_optimal/SP50_f9_V0_s9.log 2>&1
209	:	1779501617.569	  3148.632	0	0	0	0	python scripts/run_one_with_telemetry.py --config src/configs/full_optimal.yaml --market SP50 --fold 7 --variant V4 --seed 8 --out results/full_optimal --telemetry > logs/full_optimal/SP50_f7_V4_s8.log 2>&1
208	:	1779501603.951	  3182.725	0	0	0	0	python scripts/run_one_with_telemetry.py --config src/configs/full_optimal.yaml --market SP50 --fold 7 --variant V4 --seed 7 --out results/full_optimal --telemetry > logs/full_optimal/SP50_f7_V4_s7.log 2>&1
210	:	1779501621.525	  3169.031	0	0	0	0	python scripts/run_one_with_telemetry.py --config src/configs/full_optimal.yaml --market SP50 --fold 7 --variant V4 --seed 9 --out results/full_optimal --telemetry > logs/full_optimal/SP50_f7_V4_s9.log 2>&1
231	:	1779504713.124	   316.085	0	0	0	0	python scripts/run_one_with_telemetry.py --config src/configs/full_optimal.yaml --market SP50 --fold 10 --variant V0 --seed 5 --out results/full_optimal --telemetry > logs/full_optimal/SP50_f10_V0_s5.log 2>&1
232	:	1779504720.628	   316.677	0	0	0	0	python scripts/run_one_with_telemetry.py --config src/configs/full_optimal.yaml --market SP50 --fold 10 --variant V0 --seed 6 --out results/full_optimal --telemetry > logs/full_optimal/SP50_f10_V0_s6.log 2>&1
233	:	1779504766.206	   329.240	0	0	0	0	python scripts/run_one_with_telemetry.py --config src/configs/full_optimal.yaml --market SP50 --fold 10 --variant V0 --seed 7 --out results/full_optimal --telemetry > logs/full_optimal/SP50_f10_V0_s7.log 2>&1
235	:	1779504790.561	   322.559	0	0	0	0	python scripts/run_one_with_telemetry.py --config src/configs/full_optimal.yaml --market SP50 --fold 10 --variant V0 --seed 9 --out results/full_optimal --telemetry > logs/full_optimal/SP50_f10_V0_s9.log 2>&1
234	:	1779504786.684	   328.194	0	0	0	0	python scripts/run_one_with_telemetry.py --config src/configs/full_optimal.yaml --market SP50 --fold 10 --variant V0 --seed 8 --out results/full_optimal --telemetry > logs/full_optimal/SP50_f10_V0_s8.log 2>&1
216	:	1779504073.194	  3151.002	0	0	0	0	python scripts/run_one_with_telemetry.py --config src/configs/full_optimal.yaml --market SP50 --fold 8 --variant V4 --seed 5 --out results/full_optimal --telemetry > logs/full_optimal/SP50_f8_V4_s5.log 2>&1
217	:	1779504259.769	  3188.756	0	0	0	0	python scripts/run_one_with_telemetry.py --config src/configs/full_optimal.yaml --market SP50 --fold 8 --variant V4 --seed 6 --out results/full_optimal --telemetry > logs/full_optimal/SP50_f8_V4_s6.log 2>&1
219	:	1779504291.678	  3160.082	0	0	0	0	python scripts/run_one_with_telemetry.py --config src/configs/full_optimal.yaml --market SP50 --fold 8 --variant V4 --seed 8 --out results/full_optimal --telemetry > logs/full_optimal/SP50_f8_V4_s8.log 2>&1
241	:	1779507224.198	   241.180	0	0	0	0	python scripts/run_one_with_telemetry.py --config src/configs/full_optimal.yaml --market SP50 --fold 11 --variant V0 --seed 5 --out results/full_optimal --telemetry > logs/full_optimal/SP50_f11_V0_s5.log 2>&1
220	:	1779504312.216	  3180.148	0	0	0	0	python scripts/run_one_with_telemetry.py --config src/configs/full_optimal.yaml --market SP50 --fold 8 --variant V4 --seed 9 --out results/full_optimal --telemetry > logs/full_optimal/SP50_f8_V4_s9.log 2>&1
218	:	1779504282.548	  3216.982	0	0	0	0	python scripts/run_one_with_telemetry.py --config src/configs/full_optimal.yaml --market SP50 --fold 8 --variant V4 --seed 7 --out results/full_optimal --telemetry > logs/full_optimal/SP50_f8_V4_s7.log 2>&1
242	:	1779507448.530	   305.028	0	0	0	0	python scripts/run_one_with_telemetry.py --config src/configs/full_optimal.yaml --market SP50 --fold 11 --variant V0 --seed 6 --out results/full_optimal --telemetry > logs/full_optimal/SP50_f11_V0_s6.log 2>&1
243	:	1779507451.763	   308.394	0	0	0	0	python scripts/run_one_with_telemetry.py --config src/configs/full_optimal.yaml --market SP50 --fold 11 --variant V0 --seed 7 --out results/full_optimal --telemetry > logs/full_optimal/SP50_f11_V0_s7.log 2>&1
244	:	1779507465.382	   305.483	0	0	0	0	python scripts/run_one_with_telemetry.py --config src/configs/full_optimal.yaml --market SP50 --fold 11 --variant V0 --seed 8 --out results/full_optimal --telemetry > logs/full_optimal/SP50_f11_V0_s8.log 2>&1
226	:	1779504648.291	  3136.104	0	0	0	0	python scripts/run_one_with_telemetry.py --config src/configs/full_optimal.yaml --market SP50 --fold 9 --variant V4 --seed 5 --out results/full_optimal --telemetry > logs/full_optimal/SP50_f9_V4_s5.log 2>&1
245	:	1779507492.372	   302.062	0	0	0	0	python scripts/run_one_with_telemetry.py --config src/configs/full_optimal.yaml --market SP50 --fold 11 --variant V0 --seed 9 --out results/full_optimal --telemetry > logs/full_optimal/SP50_f11_V0_s9.log 2>&1
227	:	1779504667.306	  3159.036	0	0	0	0	python scripts/run_one_with_telemetry.py --config src/configs/full_optimal.yaml --market SP50 --fold 9 --variant V4 --seed 6 --out results/full_optimal --telemetry > logs/full_optimal/SP50_f9_V4_s6.log 2>&1
230	:	1779504707.467	  3134.667	0	0	0	0	python scripts/run_one_with_telemetry.py --config src/configs/full_optimal.yaml --market SP50 --fold 9 --variant V4 --seed 9 --out results/full_optimal --telemetry > logs/full_optimal/SP50_f9_V4_s9.log 2>&1
229	:	1779504684.168	  3166.565	0	0	0	0	python scripts/run_one_with_telemetry.py --config src/configs/full_optimal.yaml --market SP50 --fold 9 --variant V4 --seed 8 --out results/full_optimal --telemetry > logs/full_optimal/SP50_f9_V4_s8.log 2>&1
228	:	1779504677.151	  3180.729	0	0	0	0	python scripts/run_one_with_telemetry.py --config src/configs/full_optimal.yaml --market SP50 --fold 9 --variant V4 --seed 7 --out results/full_optimal --telemetry > logs/full_optimal/SP50_f9_V4_s7.log 2>&1
251	:	1779507794.439	   320.020	0	0	0	0	python scripts/run_one_with_telemetry.py --config src/configs/full_optimal.yaml --market SP50 --fold 12 --variant V0 --seed 5 --out results/full_optimal --telemetry > logs/full_optimal/SP50_f12_V0_s5.log 2>&1
252	:	1779507826.347	   329.843	0	0	0	0	python scripts/run_one_with_telemetry.py --config src/configs/full_optimal.yaml --market SP50 --fold 12 --variant V0 --seed 6 --out results/full_optimal --telemetry > logs/full_optimal/SP50_f12_V0_s6.log 2>&1
253	:	1779507842.137	   330.056	0	0	0	0	python scripts/run_one_with_telemetry.py --config src/configs/full_optimal.yaml --market SP50 --fold 12 --variant V0 --seed 7 --out results/full_optimal --telemetry > logs/full_optimal/SP50_f12_V0_s7.log 2>&1
254	:	1779507850.738	   329.950	0	0	0	0	python scripts/run_one_with_telemetry.py --config src/configs/full_optimal.yaml --market SP50 --fold 12 --variant V0 --seed 8 --out results/full_optimal --telemetry > logs/full_optimal/SP50_f12_V0_s8.log 2>&1
255	:	1779507857.885	   324.108	0	0	0	0	python scripts/run_one_with_telemetry.py --config src/configs/full_optimal.yaml --market SP50 --fold 12 --variant V0 --seed 9 --out results/full_optimal --telemetry > logs/full_optimal/SP50_f12_V0_s9.log 2>&1
236	:	1779505029.216	  3179.547	0	0	0	0	python scripts/run_one_with_telemetry.py --config src/configs/full_optimal.yaml --market SP50 --fold 10 --variant V4 --seed 5 --out results/full_optimal --telemetry > logs/full_optimal/SP50_f10_V4_s5.log 2>&1
237	:	1779505037.312	  3187.463	0	0	0	0	python scripts/run_one_with_telemetry.py --config src/configs/full_optimal.yaml --market SP50 --fold 10 --variant V4 --seed 6 --out results/full_optimal --telemetry > logs/full_optimal/SP50_f10_V4_s6.log 2>&1
240	:	1779505114.883	  3148.613	0	0	0	0	python scripts/run_one_with_telemetry.py --config src/configs/full_optimal.yaml --market SP50 --fold 10 --variant V4 --seed 9 --out results/full_optimal --telemetry > logs/full_optimal/SP50_f10_V4_s9.log 2>&1
238	:	1779505095.452	  3201.642	0	0	0	0	python scripts/run_one_with_telemetry.py --config src/configs/full_optimal.yaml --market SP50 --fold 10 --variant V4 --seed 7 --out results/full_optimal --telemetry > logs/full_optimal/SP50_f10_V4_s7.log 2>&1
239	:	1779505113.126	  3190.450	0	0	0	0	python scripts/run_one_with_telemetry.py --config src/configs/full_optimal.yaml --market SP50 --fold 10 --variant V4 --seed 8 --out results/full_optimal --telemetry > logs/full_optimal/SP50_f10_V4_s8.log 2>&1
261	:	1779508208.769	   237.009	0	0	0	0	python scripts/run_one_with_telemetry.py --config src/configs/full_optimal.yaml --market IBEX --fold 0 --variant V0 --seed 5 --out results/full_optimal --telemetry > logs/full_optimal/IBEX_f0_V0_s5.log 2>&1
262	:	1779508224.781	   242.521	0	0	0	0	python scripts/run_one_with_telemetry.py --config src/configs/full_optimal.yaml --market IBEX --fold 0 --variant V0 --seed 6 --out results/full_optimal --telemetry > logs/full_optimal/IBEX_f0_V0_s6.log 2>&1
263	:	1779508263.501	   242.163	0	0	0	0	python scripts/run_one_with_telemetry.py --config src/configs/full_optimal.yaml --market IBEX --fold 0 --variant V0 --seed 7 --out results/full_optimal --telemetry > logs/full_optimal/IBEX_f0_V0_s7.log 2>&1
264	:	1779508297.100	   244.687	0	0	0	0	python scripts/run_one_with_telemetry.py --config src/configs/full_optimal.yaml --market IBEX --fold 0 --variant V0 --seed 8 --out results/full_optimal --telemetry > logs/full_optimal/IBEX_f0_V0_s8.log 2>&1
265	:	1779508303.580	   244.782	0	0	0	0	python scripts/run_one_with_telemetry.py --config src/configs/full_optimal.yaml --market IBEX --fold 0 --variant V0 --seed 9 --out results/full_optimal --telemetry > logs/full_optimal/IBEX_f0_V0_s9.log 2>&1
246	:	1779507499.535	  3126.630	0	0	0	0	python scripts/run_one_with_telemetry.py --config src/configs/full_optimal.yaml --market SP50 --fold 11 --variant V4 --seed 5 --out results/full_optimal --telemetry > logs/full_optimal/SP50_f11_V4_s5.log 2>&1
271	:	1779510626.170	   194.323	0	0	0	0	python scripts/run_one_with_telemetry.py --config src/configs/full_optimal.yaml --market IBEX --fold 1 --variant V0 --seed 5 --out results/full_optimal --telemetry > logs/full_optimal/IBEX_f1_V0_s5.log 2>&1
249	:	1779507770.869	  3116.059	0	0	0	0	python scripts/run_one_with_telemetry.py --config src/configs/full_optimal.yaml --market SP50 --fold 11 --variant V4 --seed 8 --out results/full_optimal --telemetry > logs/full_optimal/SP50_f11_V4_s8.log 2>&1
247	:	1779507753.562	  3140.274	0	0	0	0	python scripts/run_one_with_telemetry.py --config src/configs/full_optimal.yaml --market SP50 --fold 11 --variant V4 --seed 6 --out results/full_optimal --telemetry > logs/full_optimal/SP50_f11_V4_s6.log 2>&1
248	:	1779507760.164	  3158.911	0	0	0	0	python scripts/run_one_with_telemetry.py --config src/configs/full_optimal.yaml --market SP50 --fold 11 --variant V4 --seed 7 --out results/full_optimal --telemetry > logs/full_optimal/SP50_f11_V4_s7.log 2>&1
250	:	1779507784.400	  3173.498	0	0	0	0	python scripts/run_one_with_telemetry.py --config src/configs/full_optimal.yaml --market SP50 --fold 11 --variant V4 --seed 9 --out results/full_optimal --telemetry > logs/full_optimal/SP50_f11_V4_s9.log 2>&1
272	:	1779510820.499	   223.212	0	0	0	0	python scripts/run_one_with_telemetry.py --config src/configs/full_optimal.yaml --market IBEX --fold 1 --variant V0 --seed 6 --out results/full_optimal --telemetry > logs/full_optimal/IBEX_f1_V0_s6.log 2>&1
273	:	1779510886.934	   231.673	0	0	0	0	python scripts/run_one_with_telemetry.py --config src/configs/full_optimal.yaml --market IBEX --fold 1 --variant V0 --seed 7 --out results/full_optimal --telemetry > logs/full_optimal/IBEX_f1_V0_s7.log 2>&1
274	:	1779510893.842	   231.556	0	0	0	0	python scripts/run_one_with_telemetry.py --config src/configs/full_optimal.yaml --market IBEX --fold 1 --variant V0 --seed 8 --out results/full_optimal --telemetry > logs/full_optimal/IBEX_f1_V0_s8.log 2>&1
275	:	1779510919.082	   228.027	0	0	0	0	python scripts/run_one_with_telemetry.py --config src/configs/full_optimal.yaml --market IBEX --fold 1 --variant V0 --seed 9 --out results/full_optimal --telemetry > logs/full_optimal/IBEX_f1_V0_s9.log 2>&1
256	:	1779508114.466	  3145.067	0	0	0	0	python scripts/run_one_with_telemetry.py --config src/configs/full_optimal.yaml --market SP50 --fold 12 --variant V4 --seed 5 --out results/full_optimal --telemetry > logs/full_optimal/SP50_f12_V4_s5.log 2>&1
257	:	1779508156.197	  3126.303	0	0	0	0	python scripts/run_one_with_telemetry.py --config src/configs/full_optimal.yaml --market SP50 --fold 12 --variant V4 --seed 6 --out results/full_optimal --telemetry > logs/full_optimal/SP50_f12_V4_s6.log 2>&1
260	:	1779508181.996	  3103.606	0	0	0	0	python scripts/run_one_with_telemetry.py --config src/configs/full_optimal.yaml --market SP50 --fold 12 --variant V4 --seed 9 --out results/full_optimal --telemetry > logs/full_optimal/SP50_f12_V4_s9.log 2>&1
258	:	1779508172.199	  3123.339	0	0	0	0	python scripts/run_one_with_telemetry.py --config src/configs/full_optimal.yaml --market SP50 --fold 12 --variant V4 --seed 7 --out results/full_optimal --telemetry > logs/full_optimal/SP50_f12_V4_s7.log 2>&1
259	:	1779508180.692	  3183.042	0	0	0	0	python scripts/run_one_with_telemetry.py --config src/configs/full_optimal.yaml --market SP50 --fold 12 --variant V4 --seed 8 --out results/full_optimal --telemetry > logs/full_optimal/SP50_f12_V4_s8.log 2>&1
281	:	1779511259.538	   236.361	0	0	0	0	python scripts/run_one_with_telemetry.py --config src/configs/full_optimal.yaml --market IBEX --fold 2 --variant V0 --seed 5 --out results/full_optimal --telemetry > logs/full_optimal/IBEX_f2_V0_s5.log 2>&1
282	:	1779511282.505	   242.388	0	0	0	0	python scripts/run_one_with_telemetry.py --config src/configs/full_optimal.yaml --market IBEX --fold 2 --variant V0 --seed 6 --out results/full_optimal --telemetry > logs/full_optimal/IBEX_f2_V0_s6.log 2>&1
283	:	1779511285.608	   245.832	0	0	0	0	python scripts/run_one_with_telemetry.py --config src/configs/full_optimal.yaml --market IBEX --fold 2 --variant V0 --seed 7 --out results/full_optimal --telemetry > logs/full_optimal/IBEX_f2_V0_s7.log 2>&1
284	:	1779511295.542	   244.671	0	0	0	0	python scripts/run_one_with_telemetry.py --config src/configs/full_optimal.yaml --market IBEX --fold 2 --variant V0 --seed 8 --out results/full_optimal --telemetry > logs/full_optimal/IBEX_f2_V0_s8.log 2>&1
266	:	1779508445.785	  3119.445	0	0	0	0	python scripts/run_one_with_telemetry.py --config src/configs/full_optimal.yaml --market IBEX --fold 0 --variant V4 --seed 5 --out results/full_optimal --telemetry > logs/full_optimal/IBEX_f0_V4_s5.log 2>&1
285	:	1779511363.742	   229.616	0	0	0	0	python scripts/run_one_with_telemetry.py --config src/configs/full_optimal.yaml --market IBEX --fold 2 --variant V0 --seed 9 --out results/full_optimal --telemetry > logs/full_optimal/IBEX_f2_V0_s9.log 2>&1
268	:	1779508505.668	  3092.385	0	0	0	0	python scripts/run_one_with_telemetry.py --config src/configs/full_optimal.yaml --market IBEX --fold 0 --variant V4 --seed 7 --out results/full_optimal --telemetry > logs/full_optimal/IBEX_f0_V4_s7.log 2>&1
267	:	1779508467.308	  3138.707	0	0	0	0	python scripts/run_one_with_telemetry.py --config src/configs/full_optimal.yaml --market IBEX --fold 0 --variant V4 --seed 6 --out results/full_optimal --telemetry > logs/full_optimal/IBEX_f0_V4_s6.log 2>&1
269	:	1779508541.791	  3136.061	0	0	0	0	python scripts/run_one_with_telemetry.py --config src/configs/full_optimal.yaml --market IBEX --fold 0 --variant V4 --seed 8 --out results/full_optimal --telemetry > logs/full_optimal/IBEX_f0_V4_s8.log 2>&1
270	:	1779508548.367	  3158.651	0	0	0	0	python scripts/run_one_with_telemetry.py --config src/configs/full_optimal.yaml --market IBEX --fold 0 --variant V4 --seed 9 --out results/full_optimal --telemetry > logs/full_optimal/IBEX_f0_V4_s9.log 2>&1
291	:	1779511593.365	   233.069	0	0	0	0	python scripts/run_one_with_telemetry.py --config src/configs/full_optimal.yaml --market IBEX --fold 3 --variant V0 --seed 5 --out results/full_optimal --telemetry > logs/full_optimal/IBEX_f3_V0_s5.log 2>&1
292	:	1779511598.057	   236.343	0	0	0	0	python scripts/run_one_with_telemetry.py --config src/configs/full_optimal.yaml --market IBEX --fold 3 --variant V0 --seed 6 --out results/full_optimal --telemetry > logs/full_optimal/IBEX_f3_V0_s6.log 2>&1
293	:	1779511606.021	   234.745	0	0	0	0	python scripts/run_one_with_telemetry.py --config src/configs/full_optimal.yaml --market IBEX --fold 3 --variant V0 --seed 7 --out results/full_optimal --telemetry > logs/full_optimal/IBEX_f3_V0_s7.log 2>&1
294	:	1779511677.857	   232.744	0	0	0	0	python scripts/run_one_with_telemetry.py --config src/configs/full_optimal.yaml --market IBEX --fold 3 --variant V0 --seed 8 --out results/full_optimal --telemetry > logs/full_optimal/IBEX_f3_V0_s8.log 2>&1
295	:	1779511707.024	   227.631	0	0	0	0	python scripts/run_one_with_telemetry.py --config src/configs/full_optimal.yaml --market IBEX --fold 3 --variant V0 --seed 9 --out results/full_optimal --telemetry > logs/full_optimal/IBEX_f3_V0_s9.log 2>&1
276	:	1779510957.905	  3093.347	0	0	0	0	python scripts/run_one_with_telemetry.py --config src/configs/full_optimal.yaml --market IBEX --fold 1 --variant V4 --seed 5 --out results/full_optimal --telemetry > logs/full_optimal/IBEX_f1_V4_s5.log 2>&1
277	:	1779511043.717	  3099.085	0	0	0	0	python scripts/run_one_with_telemetry.py --config src/configs/full_optimal.yaml --market IBEX --fold 1 --variant V4 --seed 6 --out results/full_optimal --telemetry > logs/full_optimal/IBEX_f1_V4_s6.log 2>&1
279	:	1779511125.403	  3095.229	0	0	0	0	python scripts/run_one_with_telemetry.py --config src/configs/full_optimal.yaml --market IBEX --fold 1 --variant V4 --seed 8 --out results/full_optimal --telemetry > logs/full_optimal/IBEX_f1_V4_s8.log 2>&1
278	:	1779511118.612	  3114.525	0	0	0	0	python scripts/run_one_with_telemetry.py --config src/configs/full_optimal.yaml --market IBEX --fold 1 --variant V4 --seed 7 --out results/full_optimal --telemetry > logs/full_optimal/IBEX_f1_V4_s7.log 2>&1
301	:	1779514051.257	   200.166	0	0	0	0	python scripts/run_one_with_telemetry.py --config src/configs/full_optimal.yaml --market IBEX --fold 4 --variant V0 --seed 5 --out results/full_optimal --telemetry > logs/full_optimal/IBEX_f4_V0_s5.log 2>&1
280	:	1779511147.113	  3134.597	0	0	0	0	python scripts/run_one_with_telemetry.py --config src/configs/full_optimal.yaml --market IBEX --fold 1 --variant V4 --seed 9 --out results/full_optimal --telemetry > logs/full_optimal/IBEX_f1_V4_s9.log 2>&1
302	:	1779514142.808	   226.778	0	0	0	0	python scripts/run_one_with_telemetry.py --config src/configs/full_optimal.yaml --market IBEX --fold 4 --variant V0 --seed 6 --out results/full_optimal --telemetry > logs/full_optimal/IBEX_f4_V0_s6.log 2>&1
303	:	1779514220.639	   229.887	0	0	0	0	python scripts/run_one_with_telemetry.py --config src/configs/full_optimal.yaml --market IBEX --fold 4 --variant V0 --seed 7 --out results/full_optimal --telemetry > logs/full_optimal/IBEX_f4_V0_s7.log 2>&1
304	:	1779514233.142	   226.993	0	0	0	0	python scripts/run_one_with_telemetry.py --config src/configs/full_optimal.yaml --market IBEX --fold 4 --variant V0 --seed 8 --out results/full_optimal --telemetry > logs/full_optimal/IBEX_f4_V0_s8.log 2>&1
305	:	1779514251.427	   221.700	0	0	0	0	python scripts/run_one_with_telemetry.py --config src/configs/full_optimal.yaml --market IBEX --fold 4 --variant V0 --seed 9 --out results/full_optimal --telemetry > logs/full_optimal/IBEX_f4_V0_s9.log 2>&1
286	:	1779511495.906	  3106.405	0	0	0	0	python scripts/run_one_with_telemetry.py --config src/configs/full_optimal.yaml --market IBEX --fold 2 --variant V4 --seed 5 --out results/full_optimal --telemetry > logs/full_optimal/IBEX_f2_V4_s5.log 2>&1
288	:	1779511531.445	  3096.986	0	0	0	0	python scripts/run_one_with_telemetry.py --config src/configs/full_optimal.yaml --market IBEX --fold 2 --variant V4 --seed 7 --out results/full_optimal --telemetry > logs/full_optimal/IBEX_f2_V4_s7.log 2>&1
290	:	1779511565.237	  3117.193	0	0	0	0	python scripts/run_one_with_telemetry.py --config src/configs/full_optimal.yaml --market IBEX --fold 2 --variant V4 --seed 9 --out results/full_optimal --telemetry > logs/full_optimal/IBEX_f2_V4_s9.log 2>&1
287	:	1779511524.899	  3159.098	0	0	0	0	python scripts/run_one_with_telemetry.py --config src/configs/full_optimal.yaml --market IBEX --fold 2 --variant V4 --seed 6 --out results/full_optimal --telemetry > logs/full_optimal/IBEX_f2_V4_s6.log 2>&1
289	:	1779511540.219	  3146.486	0	0	0	0	python scripts/run_one_with_telemetry.py --config src/configs/full_optimal.yaml --market IBEX --fold 2 --variant V4 --seed 8 --out results/full_optimal --telemetry > logs/full_optimal/IBEX_f2_V4_s8.log 2>&1
311	:	1779514602.315	   233.287	0	0	0	0	python scripts/run_one_with_telemetry.py --config src/configs/full_optimal.yaml --market IBEX --fold 5 --variant V0 --seed 5 --out results/full_optimal --telemetry > logs/full_optimal/IBEX_f5_V0_s5.log 2>&1
312	:	1779514628.437	   235.333	0	0	0	0	python scripts/run_one_with_telemetry.py --config src/configs/full_optimal.yaml --market IBEX --fold 5 --variant V0 --seed 6 --out results/full_optimal --telemetry > logs/full_optimal/IBEX_f5_V0_s6.log 2>&1
313	:	1779514682.434	   240.657	0	0	0	0	python scripts/run_one_with_telemetry.py --config src/configs/full_optimal.yaml --market IBEX --fold 5 --variant V0 --seed 7 --out results/full_optimal --telemetry > logs/full_optimal/IBEX_f5_V0_s7.log 2>&1
314	:	1779514684.001	   241.713	0	0	0	0	python scripts/run_one_with_telemetry.py --config src/configs/full_optimal.yaml --market IBEX --fold 5 --variant V0 --seed 8 --out results/full_optimal --telemetry > logs/full_optimal/IBEX_f5_V0_s8.log 2>&1
315	:	1779514686.712	   239.526	0	0	0	0	python scripts/run_one_with_telemetry.py --config src/configs/full_optimal.yaml --market IBEX --fold 5 --variant V0 --seed 9 --out results/full_optimal --telemetry > logs/full_optimal/IBEX_f5_V0_s9.log 2>&1
298	:	1779511840.770	  3104.444	0	0	0	0	python scripts/run_one_with_telemetry.py --config src/configs/full_optimal.yaml --market IBEX --fold 3 --variant V4 --seed 7 --out results/full_optimal --telemetry > logs/full_optimal/IBEX_f3_V4_s7.log 2>&1
296	:	1779511826.441	  3124.124	0	0	0	0	python scripts/run_one_with_telemetry.py --config src/configs/full_optimal.yaml --market IBEX --fold 3 --variant V4 --seed 5 --out results/full_optimal --telemetry > logs/full_optimal/IBEX_f3_V4_s5.log 2>&1
297	:	1779511834.404	  3129.172	0	0	0	0	python scripts/run_one_with_telemetry.py --config src/configs/full_optimal.yaml --market IBEX --fold 3 --variant V4 --seed 6 --out results/full_optimal --telemetry > logs/full_optimal/IBEX_f3_V4_s6.log 2>&1
299	:	1779511910.607	  3135.840	0	0	0	0	python scripts/run_one_with_telemetry.py --config src/configs/full_optimal.yaml --market IBEX --fold 3 --variant V4 --seed 8 --out results/full_optimal --telemetry > logs/full_optimal/IBEX_f3_V4_s8.log 2>&1
300	:	1779511934.659	  3165.758	0	0	0	0	python scripts/run_one_with_telemetry.py --config src/configs/full_optimal.yaml --market IBEX --fold 3 --variant V4 --seed 9 --out results/full_optimal --telemetry > logs/full_optimal/IBEX_f3_V4_s9.log 2>&1
321	:	1779514945.220	   234.728	0	0	0	0	python scripts/run_one_with_telemetry.py --config src/configs/full_optimal.yaml --market IBEX --fold 6 --variant V0 --seed 5 --out results/full_optimal --telemetry > logs/full_optimal/IBEX_f6_V0_s5.log 2>&1
322	:	1779514950.570	   231.515	0	0	0	0	python scripts/run_one_with_telemetry.py --config src/configs/full_optimal.yaml --market IBEX --fold 6 --variant V0 --seed 6 --out results/full_optimal --telemetry > logs/full_optimal/IBEX_f6_V0_s6.log 2>&1
323	:	1779514963.582	   232.410	0	0	0	0	python scripts/run_one_with_telemetry.py --config src/configs/full_optimal.yaml --market IBEX --fold 6 --variant V0 --seed 7 --out results/full_optimal --telemetry > logs/full_optimal/IBEX_f6_V0_s7.log 2>&1
324	:	1779515046.453	   233.705	0	0	0	0	python scripts/run_one_with_telemetry.py --config src/configs/full_optimal.yaml --market IBEX --fold 6 --variant V0 --seed 8 --out results/full_optimal --telemetry > logs/full_optimal/IBEX_f6_V0_s8.log 2>&1
325	:	1779515100.422	   218.953	0	0	0	0	python scripts/run_one_with_telemetry.py --config src/configs/full_optimal.yaml --market IBEX --fold 6 --variant V0 --seed 9 --out results/full_optimal --telemetry > logs/full_optimal/IBEX_f6_V0_s9.log 2>&1
306	:	1779514281.715	  3105.906	0	0	0	0	python scripts/run_one_with_telemetry.py --config src/configs/full_optimal.yaml --market IBEX --fold 4 --variant V4 --seed 5 --out results/full_optimal --telemetry > logs/full_optimal/IBEX_f4_V4_s5.log 2>&1
307	:	1779514369.593	  3094.851	0	0	0	0	python scripts/run_one_with_telemetry.py --config src/configs/full_optimal.yaml --market IBEX --fold 4 --variant V4 --seed 6 --out results/full_optimal --telemetry > logs/full_optimal/IBEX_f4_V4_s6.log 2>&1
308	:	1779514450.532	  3099.776	0	0	0	0	python scripts/run_one_with_telemetry.py --config src/configs/full_optimal.yaml --market IBEX --fold 4 --variant V4 --seed 7 --out results/full_optimal --telemetry > logs/full_optimal/IBEX_f4_V4_s7.log 2>&1
309	:	1779514460.139	  3104.157	0	0	0	0	python scripts/run_one_with_telemetry.py --config src/configs/full_optimal.yaml --market IBEX --fold 4 --variant V4 --seed 8 --out results/full_optimal --telemetry > logs/full_optimal/IBEX_f4_V4_s8.log 2>&1
310	:	1779514473.132	  3114.883	0	0	0	0	python scripts/run_one_with_telemetry.py --config src/configs/full_optimal.yaml --market IBEX --fold 4 --variant V4 --seed 9 --out results/full_optimal --telemetry > logs/full_optimal/IBEX_f4_V4_s9.log 2>&1
331	:	1779517387.625	   203.928	0	0	0	0	python scripts/run_one_with_telemetry.py --config src/configs/full_optimal.yaml --market IBEX --fold 7 --variant V0 --seed 5 --out results/full_optimal --telemetry > logs/full_optimal/IBEX_f7_V0_s5.log 2>&1
332	:	1779517464.449	   219.891	0	0	0	0	python scripts/run_one_with_telemetry.py --config src/configs/full_optimal.yaml --market IBEX --fold 7 --variant V0 --seed 6 --out results/full_optimal --telemetry > logs/full_optimal/IBEX_f7_V0_s6.log 2>&1
333	:	1779517550.314	   225.269	0	0	0	0	python scripts/run_one_with_telemetry.py --config src/configs/full_optimal.yaml --market IBEX --fold 7 --variant V0 --seed 7 --out results/full_optimal --telemetry > logs/full_optimal/IBEX_f7_V0_s7.log 2>&1
334	:	1779517564.302	   227.964	0	0	0	0	python scripts/run_one_with_telemetry.py --config src/configs/full_optimal.yaml --market IBEX --fold 7 --variant V0 --seed 8 --out results/full_optimal --telemetry > logs/full_optimal/IBEX_f7_V0_s8.log 2>&1
335	:	1779517588.022	   228.205	0	0	0	0	python scripts/run_one_with_telemetry.py --config src/configs/full_optimal.yaml --market IBEX --fold 7 --variant V0 --seed 9 --out results/full_optimal --telemetry > logs/full_optimal/IBEX_f7_V0_s9.log 2>&1
316	:	1779514835.608	  3025.693	0	0	0	0	python scripts/run_one_with_telemetry.py --config src/configs/full_optimal.yaml --market IBEX --fold 5 --variant V4 --seed 5 --out results/full_optimal --telemetry > logs/full_optimal/IBEX_f5_V4_s5.log 2>&1
317	:	1779514863.776	  3059.907	0	0	0	0	python scripts/run_one_with_telemetry.py --config src/configs/full_optimal.yaml --market IBEX --fold 5 --variant V4 --seed 6 --out results/full_optimal --telemetry > logs/full_optimal/IBEX_f5_V4_s6.log 2>&1
318	:	1779514923.097	  3047.685	0	0	0	0	python scripts/run_one_with_telemetry.py --config src/configs/full_optimal.yaml --market IBEX --fold 5 --variant V4 --seed 7 --out results/full_optimal --telemetry > logs/full_optimal/IBEX_f5_V4_s7.log 2>&1
320	:	1779514926.242	  3045.161	0	0	0	0	python scripts/run_one_with_telemetry.py --config src/configs/full_optimal.yaml --market IBEX --fold 5 --variant V4 --seed 9 --out results/full_optimal --telemetry > logs/full_optimal/IBEX_f5_V4_s9.log 2>&1
319	:	1779514925.718	  3078.843	0	0	0	0	python scripts/run_one_with_telemetry.py --config src/configs/full_optimal.yaml --market IBEX --fold 5 --variant V4 --seed 8 --out results/full_optimal --telemetry > logs/full_optimal/IBEX_f5_V4_s8.log 2>&1
341	:	1779517861.306	   219.609	0	0	0	0	python scripts/run_one_with_telemetry.py --config src/configs/full_optimal.yaml --market IBEX --fold 8 --variant V0 --seed 5 --out results/full_optimal --telemetry > logs/full_optimal/IBEX_f8_V0_s5.log 2>&1
342	:	1779517923.690	   238.621	0	0	0	0	python scripts/run_one_with_telemetry.py --config src/configs/full_optimal.yaml --market IBEX --fold 8 --variant V0 --seed 6 --out results/full_optimal --telemetry > logs/full_optimal/IBEX_f8_V0_s6.log 2>&1
326	:	1779515179.955	  2994.945	0	0	0	0	python scripts/run_one_with_telemetry.py --config src/configs/full_optimal.yaml --market IBEX --fold 6 --variant V4 --seed 5 --out results/full_optimal --telemetry > logs/full_optimal/IBEX_f6_V4_s5.log 2>&1
328	:	1779515195.996	  2993.899	0	0	0	0	python scripts/run_one_with_telemetry.py --config src/configs/full_optimal.yaml --market IBEX --fold 6 --variant V4 --seed 7 --out results/full_optimal --telemetry > logs/full_optimal/IBEX_f6_V4_s7.log 2>&1
343	:	1779517970.788	   236.602	0	0	0	0	python scripts/run_one_with_telemetry.py --config src/configs/full_optimal.yaml --market IBEX --fold 8 --variant V0 --seed 7 --out results/full_optimal --telemetry > logs/full_optimal/IBEX_f8_V0_s7.log 2>&1
344	:	1779517971.410	   236.115	0	0	0	0	python scripts/run_one_with_telemetry.py --config src/configs/full_optimal.yaml --market IBEX --fold 8 --variant V0 --seed 8 --out results/full_optimal --telemetry > logs/full_optimal/IBEX_f8_V0_s8.log 2>&1
345	:	1779518004.565	   231.359	0	0	0	0	python scripts/run_one_with_telemetry.py --config src/configs/full_optimal.yaml --market IBEX --fold 8 --variant V0 --seed 9 --out results/full_optimal --telemetry > logs/full_optimal/IBEX_f8_V0_s9.log 2>&1
327	:	1779515182.089	  3063.203	0	0	0	0	python scripts/run_one_with_telemetry.py --config src/configs/full_optimal.yaml --market IBEX --fold 6 --variant V4 --seed 6 --out results/full_optimal --telemetry > logs/full_optimal/IBEX_f6_V4_s6.log 2>&1
329	:	1779515280.165	  3064.258	0	0	0	0	python scripts/run_one_with_telemetry.py --config src/configs/full_optimal.yaml --market IBEX --fold 6 --variant V4 --seed 8 --out results/full_optimal --telemetry > logs/full_optimal/IBEX_f6_V4_s8.log 2>&1
330	:	1779515319.382	  3044.398	0	0	0	0	python scripts/run_one_with_telemetry.py --config src/configs/full_optimal.yaml --market IBEX --fold 6 --variant V4 --seed 9 --out results/full_optimal --telemetry > logs/full_optimal/IBEX_f6_V4_s9.log 2>&1
351	:	1779518207.530	   227.700	0	0	0	0	python scripts/run_one_with_telemetry.py --config src/configs/full_optimal.yaml --market IBEX --fold 9 --variant V0 --seed 5 --out results/full_optimal --telemetry > logs/full_optimal/IBEX_f9_V0_s5.log 2>&1
352	:	1779518235.929	   230.555	0	0	0	0	python scripts/run_one_with_telemetry.py --config src/configs/full_optimal.yaml --market IBEX --fold 9 --variant V0 --seed 6 --out results/full_optimal --telemetry > logs/full_optimal/IBEX_f9_V0_s6.log 2>&1
353	:	1779518245.298	   232.944	0	0	0	0	python scripts/run_one_with_telemetry.py --config src/configs/full_optimal.yaml --market IBEX --fold 9 --variant V0 --seed 7 --out results/full_optimal --telemetry > logs/full_optimal/IBEX_f9_V0_s7.log 2>&1
354	:	1779518344.430	   229.632	0	0	0	0	python scripts/run_one_with_telemetry.py --config src/configs/full_optimal.yaml --market IBEX --fold 9 --variant V0 --seed 8 --out results/full_optimal --telemetry > logs/full_optimal/IBEX_f9_V0_s8.log 2>&1
355	:	1779518363.789	   221.925	0	0	0	0	python scripts/run_one_with_telemetry.py --config src/configs/full_optimal.yaml --market IBEX --fold 9 --variant V0 --seed 9 --out results/full_optimal --telemetry > logs/full_optimal/IBEX_f9_V0_s9.log 2>&1
336	:	1779517591.558	  3034.500	0	0	0	0	python scripts/run_one_with_telemetry.py --config src/configs/full_optimal.yaml --market IBEX --fold 7 --variant V4 --seed 5 --out results/full_optimal --telemetry > logs/full_optimal/IBEX_f7_V4_s5.log 2>&1
337	:	1779517684.346	  3108.278	0	0	0	0	python scripts/run_one_with_telemetry.py --config src/configs/full_optimal.yaml --market IBEX --fold 7 --variant V4 --seed 6 --out results/full_optimal --telemetry > logs/full_optimal/IBEX_f7_V4_s6.log 2>&1
361	:	1779520626.063	   193.623	0	0	0	0	python scripts/run_one_with_telemetry.py --config src/configs/full_optimal.yaml --market IBEX --fold 10 --variant V0 --seed 5 --out results/full_optimal --telemetry > logs/full_optimal/IBEX_f10_V0_s5.log 2>&1
338	:	1779517775.587	  3076.874	0	0	0	0	python scripts/run_one_with_telemetry.py --config src/configs/full_optimal.yaml --market IBEX --fold 7 --variant V4 --seed 7 --out results/full_optimal --telemetry > logs/full_optimal/IBEX_f7_V4_s7.log 2>&1
339	:	1779517792.273	  3132.443	0	0	0	0	python scripts/run_one_with_telemetry.py --config src/configs/full_optimal.yaml --market IBEX --fold 7 --variant V4 --seed 8 --out results/full_optimal --telemetry > logs/full_optimal/IBEX_f7_V4_s8.log 2>&1
340	:	1779517816.231	  3114.302	0	0	0	0	python scripts/run_one_with_telemetry.py --config src/configs/full_optimal.yaml --market IBEX --fold 7 --variant V4 --seed 9 --out results/full_optimal --telemetry > logs/full_optimal/IBEX_f7_V4_s9.log 2>&1
362	:	1779520792.630	   222.135	0	0	0	0	python scripts/run_one_with_telemetry.py --config src/configs/full_optimal.yaml --market IBEX --fold 10 --variant V0 --seed 6 --out results/full_optimal --telemetry > logs/full_optimal/IBEX_f10_V0_s6.log 2>&1
363	:	1779520819.690	   221.702	0	0	0	0	python scripts/run_one_with_telemetry.py --config src/configs/full_optimal.yaml --market IBEX --fold 10 --variant V0 --seed 7 --out results/full_optimal --telemetry > logs/full_optimal/IBEX_f10_V0_s7.log 2>&1
364	:	1779520852.467	   221.671	0	0	0	0	python scripts/run_one_with_telemetry.py --config src/configs/full_optimal.yaml --market IBEX --fold 10 --variant V0 --seed 8 --out results/full_optimal --telemetry > logs/full_optimal/IBEX_f10_V0_s8.log 2>&1
365	:	1779520924.723	   213.506	0	0	0	0	python scripts/run_one_with_telemetry.py --config src/configs/full_optimal.yaml --market IBEX --fold 10 --variant V0 --seed 9 --out results/full_optimal --telemetry > logs/full_optimal/IBEX_f10_V0_s9.log 2>&1
346	:	1779518080.926	  3104.531	0	0	0	0	python scripts/run_one_with_telemetry.py --config src/configs/full_optimal.yaml --market IBEX --fold 8 --variant V4 --seed 5 --out results/full_optimal --telemetry > logs/full_optimal/IBEX_f8_V4_s5.log 2>&1
347	:	1779518162.319	  3126.101	0	0	0	0	python scripts/run_one_with_telemetry.py --config src/configs/full_optimal.yaml --market IBEX --fold 8 --variant V4 --seed 6 --out results/full_optimal --telemetry > logs/full_optimal/IBEX_f8_V4_s6.log 2>&1
349	:	1779518189.900	  3106.710	0	0	0	0	python scripts/run_one_with_telemetry.py --config src/configs/full_optimal.yaml --market IBEX --fold 8 --variant V4 --seed 8 --out results/full_optimal --telemetry > logs/full_optimal/IBEX_f8_V4_s8.log 2>&1
348	:	1779518174.907	  3124.807	0	0	0	0	python scripts/run_one_with_telemetry.py --config src/configs/full_optimal.yaml --market IBEX --fold 8 --variant V4 --seed 7 --out results/full_optimal --telemetry > logs/full_optimal/IBEX_f8_V4_s7.log 2>&1
350	:	1779518207.395	  3164.309	0	0	0	0	python scripts/run_one_with_telemetry.py --config src/configs/full_optimal.yaml --market IBEX --fold 8 --variant V4 --seed 9 --out results/full_optimal --telemetry > logs/full_optimal/IBEX_f8_V4_s9.log 2>&1
371	:	1779521185.463	   213.858	0	0	0	0	python scripts/run_one_with_telemetry.py --config src/configs/full_optimal.yaml --market IBEX --fold 11 --variant V0 --seed 5 --out results/full_optimal --telemetry > logs/full_optimal/IBEX_f11_V0_s5.log 2>&1
372	:	1779521288.425	   235.511	0	0	0	0	python scripts/run_one_with_telemetry.py --config src/configs/full_optimal.yaml --market IBEX --fold 11 --variant V0 --seed 6 --out results/full_optimal --telemetry > logs/full_optimal/IBEX_f11_V0_s6.log 2>&1
373	:	1779521296.618	   235.539	0	0	0	0	python scripts/run_one_with_telemetry.py --config src/configs/full_optimal.yaml --market IBEX --fold 11 --variant V0 --seed 7 --out results/full_optimal --telemetry > logs/full_optimal/IBEX_f11_V0_s7.log 2>&1
374	:	1779521299.720	   237.013	0	0	0	0	python scripts/run_one_with_telemetry.py --config src/configs/full_optimal.yaml --market IBEX --fold 11 --variant V0 --seed 8 --out results/full_optimal --telemetry > logs/full_optimal/IBEX_f11_V0_s8.log 2>&1
356	:	1779518435.236	  3155.418	0	0	0	0	python scripts/run_one_with_telemetry.py --config src/configs/full_optimal.yaml --market IBEX --fold 9 --variant V4 --seed 5 --out results/full_optimal --telemetry > logs/full_optimal/IBEX_f9_V4_s5.log 2>&1
375	:	1779521371.710	   222.855	0	0	0	0	python scripts/run_one_with_telemetry.py --config src/configs/full_optimal.yaml --market IBEX --fold 11 --variant V0 --seed 9 --out results/full_optimal --telemetry > logs/full_optimal/IBEX_f11_V0_s9.log 2>&1
358	:	1779518478.251	  3153.525	0	0	0	0	python scripts/run_one_with_telemetry.py --config src/configs/full_optimal.yaml --market IBEX --fold 9 --variant V4 --seed 7 --out results/full_optimal --telemetry > logs/full_optimal/IBEX_f9_V4_s7.log 2>&1
357	:	1779518466.489	  3224.209	0	0	0	0	python scripts/run_one_with_telemetry.py --config src/configs/full_optimal.yaml --market IBEX --fold 9 --variant V4 --seed 6 --out results/full_optimal --telemetry > logs/full_optimal/IBEX_f9_V4_s6.log 2>&1
359	:	1779518574.067	  3192.529	0	0	0	0	python scripts/run_one_with_telemetry.py --config src/configs/full_optimal.yaml --market IBEX --fold 9 --variant V4 --seed 8 --out results/full_optimal --telemetry > logs/full_optimal/IBEX_f9_V4_s8.log 2>&1
360	:	1779518585.719	  3207.465	0	0	0	0	python scripts/run_one_with_telemetry.py --config src/configs/full_optimal.yaml --market IBEX --fold 9 --variant V4 --seed 9 --out results/full_optimal --telemetry > logs/full_optimal/IBEX_f9_V4_s9.log 2>&1
381	:	1779521594.568	   217.565	0	0	0	0	python scripts/run_one_with_telemetry.py --config src/configs/full_optimal.yaml --market IBEX --fold 12 --variant V0 --seed 5 --out results/full_optimal --telemetry > logs/full_optimal/IBEX_f12_V0_s5.log 2>&1
382	:	1779521631.782	   225.485	0	0	0	0	python scripts/run_one_with_telemetry.py --config src/configs/full_optimal.yaml --market IBEX --fold 12 --variant V0 --seed 6 --out results/full_optimal --telemetry > logs/full_optimal/IBEX_f12_V0_s6.log 2>&1
383	:	1779521690.703	   226.549	0	0	0	0	python scripts/run_one_with_telemetry.py --config src/configs/full_optimal.yaml --market IBEX --fold 12 --variant V0 --seed 7 --out results/full_optimal --telemetry > logs/full_optimal/IBEX_f12_V0_s7.log 2>&1
384	:	1779521766.600	   223.141	0	0	0	0	python scripts/run_one_with_telemetry.py --config src/configs/full_optimal.yaml --market IBEX --fold 12 --variant V0 --seed 8 --out results/full_optimal --telemetry > logs/full_optimal/IBEX_f12_V0_s8.log 2>&1
385	:	1779521793.191	   217.210	0	0	0	0	python scripts/run_one_with_telemetry.py --config src/configs/full_optimal.yaml --market IBEX --fold 12 --variant V0 --seed 9 --out results/full_optimal --telemetry > logs/full_optimal/IBEX_f12_V0_s9.log 2>&1
366	:	1779520930.539	  3156.967	0	0	0	0	python scripts/run_one_with_telemetry.py --config src/configs/full_optimal.yaml --market IBEX --fold 10 --variant V4 --seed 5 --out results/full_optimal --telemetry > logs/full_optimal/IBEX_f10_V4_s5.log 2>&1
368	:	1779521041.398	  3113.098	0	0	0	0	python scripts/run_one_with_telemetry.py --config src/configs/full_optimal.yaml --market IBEX --fold 10 --variant V4 --seed 7 --out results/full_optimal --telemetry > logs/full_optimal/IBEX_f10_V4_s7.log 2>&1
369	:	1779521074.143	  3112.512	0	0	0	0	python scripts/run_one_with_telemetry.py --config src/configs/full_optimal.yaml --market IBEX --fold 10 --variant V4 --seed 8 --out results/full_optimal --telemetry > logs/full_optimal/IBEX_f10_V4_s8.log 2>&1
367	:	1779521014.771	  3172.345	0	0	0	0	python scripts/run_one_with_telemetry.py --config src/configs/full_optimal.yaml --market IBEX --fold 10 --variant V4 --seed 6 --out results/full_optimal --telemetry > logs/full_optimal/IBEX_f10_V4_s6.log 2>&1
370	:	1779521138.234	  3139.875	0	0	0	0	python scripts/run_one_with_telemetry.py --config src/configs/full_optimal.yaml --market IBEX --fold 10 --variant V4 --seed 9 --out results/full_optimal --telemetry > logs/full_optimal/IBEX_f10_V4_s9.log 2>&1
376	:	1779521399.326	  3020.513	0	0	0	0	python scripts/run_one_with_telemetry.py --config src/configs/full_optimal.yaml --market IBEX --fold 11 --variant V4 --seed 5 --out results/full_optimal --telemetry > logs/full_optimal/IBEX_f11_V4_s5.log 2>&1
379	:	1779521536.736	  2959.464	0	0	0	0	python scripts/run_one_with_telemetry.py --config src/configs/full_optimal.yaml --market IBEX --fold 11 --variant V4 --seed 8 --out results/full_optimal --telemetry > logs/full_optimal/IBEX_f11_V4_s8.log 2>&1
378	:	1779521532.162	  2990.220	0	0	0	0	python scripts/run_one_with_telemetry.py --config src/configs/full_optimal.yaml --market IBEX --fold 11 --variant V4 --seed 7 --out results/full_optimal --telemetry > logs/full_optimal/IBEX_f11_V4_s7.log 2>&1
377	:	1779521523.940	  3025.062	0	0	0	0	python scripts/run_one_with_telemetry.py --config src/configs/full_optimal.yaml --market IBEX --fold 11 --variant V4 --seed 6 --out results/full_optimal --telemetry > logs/full_optimal/IBEX_f11_V4_s6.log 2>&1
380	:	1779521590.660	  3005.488	0	0	0	0	python scripts/run_one_with_telemetry.py --config src/configs/full_optimal.yaml --market IBEX --fold 11 --variant V4 --seed 9 --out results/full_optimal --telemetry > logs/full_optimal/IBEX_f11_V4_s9.log 2>&1
386	:	1779521812.140	  2842.790	0	0	0	0	python scripts/run_one_with_telemetry.py --config src/configs/full_optimal.yaml --market IBEX --fold 12 --variant V4 --seed 5 --out results/full_optimal --telemetry > logs/full_optimal/IBEX_f12_V4_s5.log 2>&1
387	:	1779521857.274	  2830.194	0	0	0	0	python scripts/run_one_with_telemetry.py --config src/configs/full_optimal.yaml --market IBEX --fold 12 --variant V4 --seed 6 --out results/full_optimal --telemetry > logs/full_optimal/IBEX_f12_V4_s6.log 2>&1
388	:	1779521917.258	  2806.788	0	0	0	0	python scripts/run_one_with_telemetry.py --config src/configs/full_optimal.yaml --market IBEX --fold 12 --variant V4 --seed 7 --out results/full_optimal --telemetry > logs/full_optimal/IBEX_f12_V4_s7.log 2>&1
389	:	1779521989.745	  2770.754	0	0	0	0	python scripts/run_one_with_telemetry.py --config src/configs/full_optimal.yaml --market IBEX --fold 12 --variant V4 --seed 8 --out results/full_optimal --telemetry > logs/full_optimal/IBEX_f12_V4_s8.log 2>&1
390	:	1779522010.405	  2766.944	0	0	0	0	python scripts/run_one_with_telemetry.py --config src/configs/full_optimal.yaml --market IBEX --fold 12 --variant V4 --seed 9 --out results/full_optimal --telemetry > logs/full_optimal/IBEX_f12_V4_s9.log 2>&1
