Seq	Host	Starttime	JobRuntime	Send	Receive	Exitval	Signal	Command
1	:	1778840043.334	     4.284	0	0	0	0	python scripts/run_one.py --config src/configs/full_optimal_fx_mix.yaml --market FX_MIX --fold 0 --variant V0 --seed 0 --out results/full_optimal > logs/full_optimal/FX_MIX_f0_V0_s0.log 2>&1
8	:	1778840043.361	   332.115	0	0	0	0	python scripts/run_one.py --config src/configs/full_optimal_fx_mix.yaml --market FX_MIX --fold 0 --variant V1 --seed 2 --out results/full_optimal > logs/full_optimal/FX_MIX_f0_V1_s2.log 2>&1
3	:	1778840043.339	   332.391	0	0	0	0	python scripts/run_one.py --config src/configs/full_optimal_fx_mix.yaml --market FX_MIX --fold 0 --variant V0 --seed 2 --out results/full_optimal > logs/full_optimal/FX_MIX_f0_V0_s2.log 2>&1
5	:	1778840043.347	   332.594	0	0	0	0	python scripts/run_one.py --config src/configs/full_optimal_fx_mix.yaml --market FX_MIX --fold 0 --variant V0 --seed 4 --out results/full_optimal > logs/full_optimal/FX_MIX_f0_V0_s4.log 2>&1
10	:	1778840043.369	   332.815	0	0	0	0	python scripts/run_one.py --config src/configs/full_optimal_fx_mix.yaml --market FX_MIX --fold 0 --variant V1 --seed 4 --out results/full_optimal > logs/full_optimal/FX_MIX_f0_V1_s4.log 2>&1
7	:	1778840043.356	   333.426	0	0	0	0	python scripts/run_one.py --config src/configs/full_optimal_fx_mix.yaml --market FX_MIX --fold 0 --variant V1 --seed 1 --out results/full_optimal > logs/full_optimal/FX_MIX_f0_V1_s1.log 2>&1
6	:	1778840043.351	   333.763	0	0	0	0	python scripts/run_one.py --config src/configs/full_optimal_fx_mix.yaml --market FX_MIX --fold 0 --variant V1 --seed 0 --out results/full_optimal > logs/full_optimal/FX_MIX_f0_V1_s0.log 2>&1
2	:	1778840043.337	   337.746	0	0	0	0	python scripts/run_one.py --config src/configs/full_optimal_fx_mix.yaml --market FX_MIX --fold 0 --variant V0 --seed 1 --out results/full_optimal > logs/full_optimal/FX_MIX_f0_V0_s1.log 2>&1
9	:	1778840043.365	   338.529	0	0	0	0	python scripts/run_one.py --config src/configs/full_optimal_fx_mix.yaml --market FX_MIX --fold 0 --variant V1 --seed 3 --out results/full_optimal > logs/full_optimal/FX_MIX_f0_V1_s3.log 2>&1
4	:	1778840043.342	   338.670	0	0	0	0	python scripts/run_one.py --config src/configs/full_optimal_fx_mix.yaml --market FX_MIX --fold 0 --variant V0 --seed 3 --out results/full_optimal > logs/full_optimal/FX_MIX_f0_V0_s3.log 2>&1
16	:	1778840376.786	   588.746	0	0	0	0	python scripts/run_one.py --config src/configs/full_optimal_fx_mix.yaml --market FX_MIX --fold 0 --variant V3 --seed 0 --out results/full_optimal > logs/full_optimal/FX_MIX_f0_V3_s0.log 2>&1
19	:	1778840381.898	   586.740	0	0	0	0	python scripts/run_one.py --config src/configs/full_optimal_fx_mix.yaml --market FX_MIX --fold 0 --variant V3 --seed 3 --out results/full_optimal > logs/full_optimal/FX_MIX_f0_V3_s3.log 2>&1
17	:	1778840377.118	   594.763	0	0	0	0	python scripts/run_one.py --config src/configs/full_optimal_fx_mix.yaml --market FX_MIX --fold 0 --variant V3 --seed 1 --out results/full_optimal > logs/full_optimal/FX_MIX_f0_V3_s1.log 2>&1
20	:	1778840382.017	   589.585	0	0	0	0	python scripts/run_one.py --config src/configs/full_optimal_fx_mix.yaml --market FX_MIX --fold 0 --variant V3 --seed 4 --out results/full_optimal > logs/full_optimal/FX_MIX_f0_V3_s4.log 2>&1
18	:	1778840381.087	   594.170	0	0	0	0	python scripts/run_one.py --config src/configs/full_optimal_fx_mix.yaml --market FX_MIX --fold 0 --variant V3 --seed 2 --out results/full_optimal > logs/full_optimal/FX_MIX_f0_V3_s2.log 2>&1
11	:	1778840047.626	  3170.361	0	0	0	0	python scripts/run_one.py --config src/configs/full_optimal_fx_mix.yaml --market FX_MIX --fold 0 --variant V2 --seed 0 --out results/full_optimal > logs/full_optimal/FX_MIX_f0_V2_s0.log 2>&1
26	:	1778843218.006	   267.862	0	0	0	0	python scripts/run_one.py --config src/configs/full_optimal_fx_mix.yaml --market FX_MIX --fold 1 --variant V0 --seed 0 --out results/full_optimal > logs/full_optimal/FX_MIX_f1_V0_s0.log 2>&1
13	:	1778840375.737	  3139.460	0	0	0	0	python scripts/run_one.py --config src/configs/full_optimal_fx_mix.yaml --market FX_MIX --fold 0 --variant V2 --seed 2 --out results/full_optimal > logs/full_optimal/FX_MIX_f0_V2_s2.log 2>&1
14	:	1778840375.944	  3167.302	0	0	0	0	python scripts/run_one.py --config src/configs/full_optimal_fx_mix.yaml --market FX_MIX --fold 0 --variant V2 --seed 3 --out results/full_optimal > logs/full_optimal/FX_MIX_f0_V2_s3.log 2>&1
12	:	1778840375.481	  3209.710	0	0	0	0	python scripts/run_one.py --config src/configs/full_optimal_fx_mix.yaml --market FX_MIX --fold 0 --variant V2 --seed 1 --out results/full_optimal > logs/full_optimal/FX_MIX_f0_V2_s1.log 2>&1
15	:	1778840376.189	  3215.421	0	0	0	0	python scripts/run_one.py --config src/configs/full_optimal_fx_mix.yaml --market FX_MIX --fold 0 --variant V2 --seed 4 --out results/full_optimal > logs/full_optimal/FX_MIX_f0_V2_s4.log 2>&1
27	:	1778843485.874	   293.280	0	0	0	0	python scripts/run_one.py --config src/configs/full_optimal_fx_mix.yaml --market FX_MIX --fold 1 --variant V0 --seed 1 --out results/full_optimal > logs/full_optimal/FX_MIX_f1_V0_s1.log 2>&1
28	:	1778843515.206	   298.136	0	0	0	0	python scripts/run_one.py --config src/configs/full_optimal_fx_mix.yaml --market FX_MIX --fold 1 --variant V0 --seed 2 --out results/full_optimal > logs/full_optimal/FX_MIX_f1_V0_s2.log 2>&1
29	:	1778843543.252	   296.764	0	0	0	0	python scripts/run_one.py --config src/configs/full_optimal_fx_mix.yaml --market FX_MIX --fold 1 --variant V0 --seed 3 --out results/full_optimal > logs/full_optimal/FX_MIX_f1_V0_s3.log 2>&1
30	:	1778843585.199	   299.132	0	0	0	0	python scripts/run_one.py --config src/configs/full_optimal_fx_mix.yaml --market FX_MIX --fold 1 --variant V0 --seed 4 --out results/full_optimal > logs/full_optimal/FX_MIX_f1_V0_s4.log 2>&1
31	:	1778843591.618	   303.297	0	0	0	0	python scripts/run_one.py --config src/configs/full_optimal_fx_mix.yaml --market FX_MIX --fold 1 --variant V1 --seed 0 --out results/full_optimal > logs/full_optimal/FX_MIX_f1_V1_s0.log 2>&1
32	:	1778843779.166	   293.106	0	0	0	0	python scripts/run_one.py --config src/configs/full_optimal_fx_mix.yaml --market FX_MIX --fold 1 --variant V1 --seed 1 --out results/full_optimal > logs/full_optimal/FX_MIX_f1_V1_s1.log 2>&1
33	:	1778843813.348	   292.884	0	0	0	0	python scripts/run_one.py --config src/configs/full_optimal_fx_mix.yaml --market FX_MIX --fold 1 --variant V1 --seed 2 --out results/full_optimal > logs/full_optimal/FX_MIX_f1_V1_s2.log 2>&1
34	:	1778843840.023	   292.684	0	0	0	0	python scripts/run_one.py --config src/configs/full_optimal_fx_mix.yaml --market FX_MIX --fold 1 --variant V1 --seed 3 --out results/full_optimal > logs/full_optimal/FX_MIX_f1_V1_s3.log 2>&1
35	:	1778843884.337	   287.262	0	0	0	0	python scripts/run_one.py --config src/configs/full_optimal_fx_mix.yaml --market FX_MIX --fold 1 --variant V1 --seed 4 --out results/full_optimal > logs/full_optimal/FX_MIX_f1_V1_s4.log 2>&1
23	:	1778840971.885	  3402.453	0	0	0	0	python scripts/run_one.py --config src/configs/full_optimal_fx_mix.yaml --market FX_MIX --fold 0 --variant V4 --seed 2 --out results/full_optimal > logs/full_optimal/FX_MIX_f0_V4_s2.log 2>&1
25	:	1778840975.261	  3413.187	0	0	0	0	python scripts/run_one.py --config src/configs/full_optimal_fx_mix.yaml --market FX_MIX --fold 0 --variant V4 --seed 4 --out results/full_optimal > logs/full_optimal/FX_MIX_f0_V4_s4.log 2>&1
24	:	1778840971.607	  3417.605	0	0	0	0	python scripts/run_one.py --config src/configs/full_optimal_fx_mix.yaml --market FX_MIX --fold 0 --variant V4 --seed 3 --out results/full_optimal > logs/full_optimal/FX_MIX_f0_V4_s3.log 2>&1
22	:	1778840968.643	  3430.217	0	0	0	0	python scripts/run_one.py --config src/configs/full_optimal_fx_mix.yaml --market FX_MIX --fold 0 --variant V4 --seed 1 --out results/full_optimal > logs/full_optimal/FX_MIX_f0_V4_s1.log 2>&1
21	:	1778840965.537	  3542.646	0	0	0	0	python scripts/run_one.py --config src/configs/full_optimal_fx_mix.yaml --market FX_MIX --fold 0 --variant V4 --seed 0 --out results/full_optimal > logs/full_optimal/FX_MIX_f0_V4_s0.log 2>&1
41	:	1778844374.344	   561.221	0	0	0	0	python scripts/run_one.py --config src/configs/full_optimal_fx_mix.yaml --market FX_MIX --fold 1 --variant V3 --seed 0 --out results/full_optimal > logs/full_optimal/FX_MIX_f1_V3_s0.log 2>&1
43	:	1778844389.219	   562.041	0	0	0	0	python scripts/run_one.py --config src/configs/full_optimal_fx_mix.yaml --market FX_MIX --fold 1 --variant V3 --seed 2 --out results/full_optimal > logs/full_optimal/FX_MIX_f1_V3_s2.log 2>&1
42	:	1778844388.463	   565.460	0	0	0	0	python scripts/run_one.py --config src/configs/full_optimal_fx_mix.yaml --market FX_MIX --fold 1 --variant V3 --seed 1 --out results/full_optimal > logs/full_optimal/FX_MIX_f1_V3_s1.log 2>&1
44	:	1778844398.865	   563.246	0	0	0	0	python scripts/run_one.py --config src/configs/full_optimal_fx_mix.yaml --market FX_MIX --fold 1 --variant V3 --seed 3 --out results/full_optimal > logs/full_optimal/FX_MIX_f1_V3_s3.log 2>&1
45	:	1778844508.190	   562.467	0	0	0	0	python scripts/run_one.py --config src/configs/full_optimal_fx_mix.yaml --market FX_MIX --fold 1 --variant V3 --seed 4 --out results/full_optimal > logs/full_optimal/FX_MIX_f1_V3_s4.log 2>&1
36	:	1778843894.921	  3072.200	0	0	0	0	python scripts/run_one.py --config src/configs/full_optimal_fx_mix.yaml --market FX_MIX --fold 1 --variant V2 --seed 0 --out results/full_optimal > logs/full_optimal/FX_MIX_f1_V2_s0.log 2>&1
51	:	1778846967.149	   278.179	0	0	0	0	python scripts/run_one.py --config src/configs/full_optimal_fx_mix.yaml --market FX_MIX --fold 2 --variant V0 --seed 0 --out results/full_optimal > logs/full_optimal/FX_MIX_f2_V0_s0.log 2>&1
38	:	1778844106.238	  3148.266	0	0	0	0	python scripts/run_one.py --config src/configs/full_optimal_fx_mix.yaml --market FX_MIX --fold 1 --variant V2 --seed 2 --out results/full_optimal > logs/full_optimal/FX_MIX_f1_V2_s2.log 2>&1
39	:	1778844132.713	  3131.435	0	0	0	0	python scripts/run_one.py --config src/configs/full_optimal_fx_mix.yaml --market FX_MIX --fold 1 --variant V2 --seed 3 --out results/full_optimal > logs/full_optimal/FX_MIX_f1_V2_s3.log 2>&1
40	:	1778844171.604	  3128.444	0	0	0	0	python scripts/run_one.py --config src/configs/full_optimal_fx_mix.yaml --market FX_MIX --fold 1 --variant V2 --seed 4 --out results/full_optimal > logs/full_optimal/FX_MIX_f1_V2_s4.log 2>&1
37	:	1778844072.275	  3237.009	0	0	0	0	python scripts/run_one.py --config src/configs/full_optimal_fx_mix.yaml --market FX_MIX --fold 1 --variant V2 --seed 1 --out results/full_optimal > logs/full_optimal/FX_MIX_f1_V2_s1.log 2>&1
52	:	1778847245.342	   304.513	0	0	0	0	python scripts/run_one.py --config src/configs/full_optimal_fx_mix.yaml --market FX_MIX --fold 2 --variant V0 --seed 1 --out results/full_optimal > logs/full_optimal/FX_MIX_f2_V0_s1.log 2>&1
53	:	1778847254.509	   307.213	0	0	0	0	python scripts/run_one.py --config src/configs/full_optimal_fx_mix.yaml --market FX_MIX --fold 2 --variant V0 --seed 2 --out results/full_optimal > logs/full_optimal/FX_MIX_f2_V0_s2.log 2>&1
54	:	1778847264.155	   307.975	0	0	0	0	python scripts/run_one.py --config src/configs/full_optimal_fx_mix.yaml --market FX_MIX --fold 2 --variant V0 --seed 3 --out results/full_optimal > logs/full_optimal/FX_MIX_f2_V0_s3.log 2>&1
55	:	1778847300.056	   305.842	0	0	0	0	python scripts/run_one.py --config src/configs/full_optimal_fx_mix.yaml --market FX_MIX --fold 2 --variant V0 --seed 4 --out results/full_optimal > logs/full_optimal/FX_MIX_f2_V0_s4.log 2>&1
56	:	1778847309.292	   308.720	0	0	0	0	python scripts/run_one.py --config src/configs/full_optimal_fx_mix.yaml --market FX_MIX --fold 2 --variant V1 --seed 0 --out results/full_optimal > logs/full_optimal/FX_MIX_f2_V1_s0.log 2>&1
57	:	1778847549.860	   310.608	0	0	0	0	python scripts/run_one.py --config src/configs/full_optimal_fx_mix.yaml --market FX_MIX --fold 2 --variant V1 --seed 1 --out results/full_optimal > logs/full_optimal/FX_MIX_f2_V1_s1.log 2>&1
58	:	1778847561.729	   304.181	0	0	0	0	python scripts/run_one.py --config src/configs/full_optimal_fx_mix.yaml --market FX_MIX --fold 2 --variant V1 --seed 2 --out results/full_optimal > logs/full_optimal/FX_MIX_f2_V1_s2.log 2>&1
59	:	1778847572.143	   304.903	0	0	0	0	python scripts/run_one.py --config src/configs/full_optimal_fx_mix.yaml --market FX_MIX --fold 2 --variant V1 --seed 3 --out results/full_optimal > logs/full_optimal/FX_MIX_f2_V1_s3.log 2>&1
60	:	1778847605.904	   301.168	0	0	0	0	python scripts/run_one.py --config src/configs/full_optimal_fx_mix.yaml --market FX_MIX --fold 2 --variant V1 --seed 4 --out results/full_optimal > logs/full_optimal/FX_MIX_f2_V1_s4.log 2>&1
46	:	1778844935.571	  3407.793	0	0	0	0	python scripts/run_one.py --config src/configs/full_optimal_fx_mix.yaml --market FX_MIX --fold 1 --variant V4 --seed 0 --out results/full_optimal > logs/full_optimal/FX_MIX_f1_V4_s0.log 2>&1
49	:	1778844962.116	  3419.302	0	0	0	0	python scripts/run_one.py --config src/configs/full_optimal_fx_mix.yaml --market FX_MIX --fold 1 --variant V4 --seed 3 --out results/full_optimal > logs/full_optimal/FX_MIX_f1_V4_s3.log 2>&1
47	:	1778844951.268	  3449.004	0	0	0	0	python scripts/run_one.py --config src/configs/full_optimal_fx_mix.yaml --market FX_MIX --fold 1 --variant V4 --seed 1 --out results/full_optimal > logs/full_optimal/FX_MIX_f1_V4_s1.log 2>&1
48	:	1778844953.928	  3462.434	0	0	0	0	python scripts/run_one.py --config src/configs/full_optimal_fx_mix.yaml --market FX_MIX --fold 1 --variant V4 --seed 2 --out results/full_optimal > logs/full_optimal/FX_MIX_f1_V4_s2.log 2>&1
50	:	1778845070.661	  3440.444	0	0	0	0	python scripts/run_one.py --config src/configs/full_optimal_fx_mix.yaml --market FX_MIX --fold 1 --variant V4 --seed 4 --out results/full_optimal > logs/full_optimal/FX_MIX_f1_V4_s4.log 2>&1
66	:	1778848343.381	   584.634	0	0	0	0	python scripts/run_one.py --config src/configs/full_optimal_fx_mix.yaml --market FX_MIX --fold 2 --variant V3 --seed 0 --out results/full_optimal > logs/full_optimal/FX_MIX_f2_V3_s0.log 2>&1
67	:	1778848381.424	   587.621	0	0	0	0	python scripts/run_one.py --config src/configs/full_optimal_fx_mix.yaml --market FX_MIX --fold 2 --variant V3 --seed 1 --out results/full_optimal > logs/full_optimal/FX_MIX_f2_V3_s1.log 2>&1
68	:	1778848400.277	   575.127	0	0	0	0	python scripts/run_one.py --config src/configs/full_optimal_fx_mix.yaml --market FX_MIX --fold 2 --variant V3 --seed 2 --out results/full_optimal > logs/full_optimal/FX_MIX_f2_V3_s2.log 2>&1
69	:	1778848416.375	   585.306	0	0	0	0	python scripts/run_one.py --config src/configs/full_optimal_fx_mix.yaml --market FX_MIX --fold 2 --variant V3 --seed 3 --out results/full_optimal > logs/full_optimal/FX_MIX_f2_V3_s3.log 2>&1
70	:	1778848511.117	   576.757	0	0	0	0	python scripts/run_one.py --config src/configs/full_optimal_fx_mix.yaml --market FX_MIX --fold 2 --variant V3 --seed 4 --out results/full_optimal > logs/full_optimal/FX_MIX_f2_V3_s4.log 2>&1
61	:	1778847618.030	  3359.397	0	0	0	0	python scripts/run_one.py --config src/configs/full_optimal_fx_mix.yaml --market FX_MIX --fold 2 --variant V2 --seed 0 --out results/full_optimal > logs/full_optimal/FX_MIX_f2_V2_s0.log 2>&1
63	:	1778847865.919	  3497.559	0	0	0	0	python scripts/run_one.py --config src/configs/full_optimal_fx_mix.yaml --market FX_MIX --fold 2 --variant V2 --seed 2 --out results/full_optimal > logs/full_optimal/FX_MIX_f2_V2_s2.log 2>&1
76	:	1778850977.454	   394.506	0	0	0	0	python scripts/run_one.py --config src/configs/full_optimal_fx_mix.yaml --market FX_MIX --fold 3 --variant V0 --seed 0 --out results/full_optimal > logs/full_optimal/FX_MIX_f3_V0_s0.log 2>&1
64	:	1778847877.051	  3579.904	0	0	0	0	python scripts/run_one.py --config src/configs/full_optimal_fx_mix.yaml --market FX_MIX --fold 2 --variant V2 --seed 3 --out results/full_optimal > logs/full_optimal/FX_MIX_f2_V2_s3.log 2>&1
62	:	1778847860.476	  3617.578	0	0	0	0	python scripts/run_one.py --config src/configs/full_optimal_fx_mix.yaml --market FX_MIX --fold 2 --variant V2 --seed 1 --out results/full_optimal > logs/full_optimal/FX_MIX_f2_V2_s1.log 2>&1
65	:	1778847907.078	  3609.779	0	0	0	0	python scripts/run_one.py --config src/configs/full_optimal_fx_mix.yaml --market FX_MIX --fold 2 --variant V2 --seed 4 --out results/full_optimal > logs/full_optimal/FX_MIX_f2_V2_s4.log 2>&1
78	:	1778851371.966	   438.700	0	0	0	0	python scripts/run_one.py --config src/configs/full_optimal_fx_mix.yaml --market FX_MIX --fold 3 --variant V0 --seed 2 --out results/full_optimal > logs/full_optimal/FX_MIX_f3_V0_s2.log 2>&1
77	:	1778851363.486	   452.677	0	0	0	0	python scripts/run_one.py --config src/configs/full_optimal_fx_mix.yaml --market FX_MIX --fold 3 --variant V0 --seed 1 --out results/full_optimal > logs/full_optimal/FX_MIX_f3_V0_s1.log 2>&1
79	:	1778851456.964	   456.703	0	0	0	0	python scripts/run_one.py --config src/configs/full_optimal_fx_mix.yaml --market FX_MIX --fold 3 --variant V0 --seed 3 --out results/full_optimal > logs/full_optimal/FX_MIX_f3_V0_s3.log 2>&1
80	:	1778851478.068	   443.491	0	0	0	0	python scripts/run_one.py --config src/configs/full_optimal_fx_mix.yaml --market FX_MIX --fold 3 --variant V0 --seed 4 --out results/full_optimal > logs/full_optimal/FX_MIX_f3_V0_s4.log 2>&1
81	:	1778851516.873	   443.463	0	0	0	0	python scripts/run_one.py --config src/configs/full_optimal_fx_mix.yaml --market FX_MIX --fold 3 --variant V1 --seed 0 --out results/full_optimal > logs/full_optimal/FX_MIX_f3_V1_s0.log 2>&1
82	:	1778851810.683	   404.816	0	0	0	0	python scripts/run_one.py --config src/configs/full_optimal_fx_mix.yaml --market FX_MIX --fold 3 --variant V1 --seed 1 --out results/full_optimal > logs/full_optimal/FX_MIX_f3_V1_s1.log 2>&1
83	:	1778851816.220	   401.395	0	0	0	0	python scripts/run_one.py --config src/configs/full_optimal_fx_mix.yaml --market FX_MIX --fold 3 --variant V1 --seed 2 --out results/full_optimal > logs/full_optimal/FX_MIX_f3_V1_s2.log 2>&1
84	:	1778851913.681	   403.134	0	0	0	0	python scripts/run_one.py --config src/configs/full_optimal_fx_mix.yaml --market FX_MIX --fold 3 --variant V1 --seed 3 --out results/full_optimal > logs/full_optimal/FX_MIX_f3_V1_s3.log 2>&1
85	:	1778851921.576	   400.868	0	0	0	0	python scripts/run_one.py --config src/configs/full_optimal_fx_mix.yaml --market FX_MIX --fold 3 --variant V1 --seed 4 --out results/full_optimal > logs/full_optimal/FX_MIX_f3_V1_s4.log 2>&1
71	:	1778848928.023	  4452.007	0	0	0	0	python scripts/run_one.py --config src/configs/full_optimal_fx_mix.yaml --market FX_MIX --fold 2 --variant V4 --seed 0 --out results/full_optimal > logs/full_optimal/FX_MIX_f2_V4_s0.log 2>&1
73	:	1778848975.410	  4421.398	0	0	0	0	python scripts/run_one.py --config src/configs/full_optimal_fx_mix.yaml --market FX_MIX --fold 2 --variant V4 --seed 2 --out results/full_optimal > logs/full_optimal/FX_MIX_f2_V4_s2.log 2>&1
72	:	1778848969.058	  4452.113	0	0	0	0	python scripts/run_one.py --config src/configs/full_optimal_fx_mix.yaml --market FX_MIX --fold 2 --variant V4 --seed 1 --out results/full_optimal > logs/full_optimal/FX_MIX_f2_V4_s1.log 2>&1
74	:	1778849001.695	  4469.980	0	0	0	0	python scripts/run_one.py --config src/configs/full_optimal_fx_mix.yaml --market FX_MIX --fold 2 --variant V4 --seed 3 --out results/full_optimal > logs/full_optimal/FX_MIX_f2_V4_s3.log 2>&1
75	:	1778849087.879	  4511.215	0	0	0	0	python scripts/run_one.py --config src/configs/full_optimal_fx_mix.yaml --market FX_MIX --fold 2 --variant V4 --seed 4 --out results/full_optimal > logs/full_optimal/FX_MIX_f2_V4_s4.log 2>&1
91	:	1778853380.042	   774.161	0	0	0	0	python scripts/run_one.py --config src/configs/full_optimal_fx_mix.yaml --market FX_MIX --fold 3 --variant V3 --seed 0 --out results/full_optimal > logs/full_optimal/FX_MIX_f3_V3_s0.log 2>&1
92	:	1778853396.817	   803.028	0	0	0	0	python scripts/run_one.py --config src/configs/full_optimal_fx_mix.yaml --market FX_MIX --fold 3 --variant V3 --seed 1 --out results/full_optimal > logs/full_optimal/FX_MIX_f3_V3_s1.log 2>&1
93	:	1778853421.182	   811.277	0	0	0	0	python scripts/run_one.py --config src/configs/full_optimal_fx_mix.yaml --market FX_MIX --fold 3 --variant V3 --seed 2 --out results/full_optimal > logs/full_optimal/FX_MIX_f3_V3_s2.log 2>&1
94	:	1778853471.684	   790.184	0	0	0	0	python scripts/run_one.py --config src/configs/full_optimal_fx_mix.yaml --market FX_MIX --fold 3 --variant V3 --seed 3 --out results/full_optimal > logs/full_optimal/FX_MIX_f3_V3_s3.log 2>&1
95	:	1778853599.100	   802.059	0	0	0	0	python scripts/run_one.py --config src/configs/full_optimal_fx_mix.yaml --market FX_MIX --fold 3 --variant V3 --seed 4 --out results/full_optimal > logs/full_optimal/FX_MIX_f3_V3_s4.log 2>&1
86	:	1778851960.349	  4469.552	0	0	0	0	python scripts/run_one.py --config src/configs/full_optimal_fx_mix.yaml --market FX_MIX --fold 3 --variant V2 --seed 0 --out results/full_optimal > logs/full_optimal/FX_MIX_f3_V2_s0.log 2>&1
88	:	1778852217.628	  4327.694	0	0	0	0	python scripts/run_one.py --config src/configs/full_optimal_fx_mix.yaml --market FX_MIX --fold 3 --variant V2 --seed 2 --out results/full_optimal > logs/full_optimal/FX_MIX_f3_V2_s2.log 2>&1
87	:	1778852215.505	  4382.125	0	0	0	0	python scripts/run_one.py --config src/configs/full_optimal_fx_mix.yaml --market FX_MIX --fold 3 --variant V2 --seed 1 --out results/full_optimal > logs/full_optimal/FX_MIX_f3_V2_s1.log 2>&1
90	:	1778852322.450	  4326.352	0	0	0	0	python scripts/run_one.py --config src/configs/full_optimal_fx_mix.yaml --market FX_MIX --fold 3 --variant V2 --seed 4 --out results/full_optimal > logs/full_optimal/FX_MIX_f3_V2_s4.log 2>&1
89	:	1778852316.828	  4372.809	0	0	0	0	python scripts/run_one.py --config src/configs/full_optimal_fx_mix.yaml --market FX_MIX --fold 3 --variant V2 --seed 3 --out results/full_optimal > logs/full_optimal/FX_MIX_f3_V2_s3.log 2>&1
101	:	1778856429.934	   365.200	0	0	0	0	python scripts/run_one.py --config src/configs/full_optimal_fx_mix.yaml --market FX_MIX --fold 4 --variant V0 --seed 0 --out results/full_optimal > logs/full_optimal/FX_MIX_f4_V0_s0.log 2>&1
102	:	1778856545.338	   373.382	0	0	0	0	python scripts/run_one.py --config src/configs/full_optimal_fx_mix.yaml --market FX_MIX --fold 4 --variant V0 --seed 1 --out results/full_optimal > logs/full_optimal/FX_MIX_f4_V0_s1.log 2>&1
103	:	1778856597.638	   389.473	0	0	0	0	python scripts/run_one.py --config src/configs/full_optimal_fx_mix.yaml --market FX_MIX --fold 4 --variant V0 --seed 2 --out results/full_optimal > logs/full_optimal/FX_MIX_f4_V0_s2.log 2>&1
104	:	1778856648.810	   395.472	0	0	0	0	python scripts/run_one.py --config src/configs/full_optimal_fx_mix.yaml --market FX_MIX --fold 4 --variant V0 --seed 3 --out results/full_optimal > logs/full_optimal/FX_MIX_f4_V0_s3.log 2>&1
105	:	1778856689.652	   401.699	0	0	0	0	python scripts/run_one.py --config src/configs/full_optimal_fx_mix.yaml --market FX_MIX --fold 4 --variant V0 --seed 4 --out results/full_optimal > logs/full_optimal/FX_MIX_f4_V0_s4.log 2>&1
106	:	1778856795.140	   410.382	0	0	0	0	python scripts/run_one.py --config src/configs/full_optimal_fx_mix.yaml --market FX_MIX --fold 4 --variant V1 --seed 0 --out results/full_optimal > logs/full_optimal/FX_MIX_f4_V1_s0.log 2>&1
107	:	1778856918.727	   417.836	0	0	0	0	python scripts/run_one.py --config src/configs/full_optimal_fx_mix.yaml --market FX_MIX --fold 4 --variant V1 --seed 1 --out results/full_optimal > logs/full_optimal/FX_MIX_f4_V1_s1.log 2>&1
108	:	1778856987.116	   413.894	0	0	0	0	python scripts/run_one.py --config src/configs/full_optimal_fx_mix.yaml --market FX_MIX --fold 4 --variant V1 --seed 2 --out results/full_optimal > logs/full_optimal/FX_MIX_f4_V1_s2.log 2>&1
109	:	1778857044.294	   412.554	0	0	0	0	python scripts/run_one.py --config src/configs/full_optimal_fx_mix.yaml --market FX_MIX --fold 4 --variant V1 --seed 3 --out results/full_optimal > logs/full_optimal/FX_MIX_f4_V1_s3.log 2>&1
110	:	1778857091.356	   415.716	0	0	0	0	python scripts/run_one.py --config src/configs/full_optimal_fx_mix.yaml --market FX_MIX --fold 4 --variant V1 --seed 4 --out results/full_optimal > logs/full_optimal/FX_MIX_f4_V1_s4.log 2>&1
96	:	1778854154.219	  4392.885	0	0	0	0	python scripts/run_one.py --config src/configs/full_optimal_fx_mix.yaml --market FX_MIX --fold 3 --variant V4 --seed 0 --out results/full_optimal > logs/full_optimal/FX_MIX_f3_V4_s0.log 2>&1
98	:	1778854232.464	  4317.219	0	0	0	0	python scripts/run_one.py --config src/configs/full_optimal_fx_mix.yaml --market FX_MIX --fold 3 --variant V4 --seed 2 --out results/full_optimal > logs/full_optimal/FX_MIX_f3_V4_s2.log 2>&1
97	:	1778854199.862	  4397.243	0	0	0	0	python scripts/run_one.py --config src/configs/full_optimal_fx_mix.yaml --market FX_MIX --fold 3 --variant V4 --seed 1 --out results/full_optimal > logs/full_optimal/FX_MIX_f3_V4_s1.log 2>&1
99	:	1778854261.883	  4359.380	0	0	0	0	python scripts/run_one.py --config src/configs/full_optimal_fx_mix.yaml --market FX_MIX --fold 3 --variant V4 --seed 3 --out results/full_optimal > logs/full_optimal/FX_MIX_f3_V4_s3.log 2>&1
100	:	1778854401.172	  4418.121	0	0	0	0	python scripts/run_one.py --config src/configs/full_optimal_fx_mix.yaml --market FX_MIX --fold 3 --variant V4 --seed 4 --out results/full_optimal > logs/full_optimal/FX_MIX_f3_V4_s4.log 2>&1
117	:	1778858549.692	   589.861	0	0	0	0	python scripts/run_one.py --config src/configs/full_optimal_fx_mix.yaml --market FX_MIX --fold 4 --variant V3 --seed 1 --out results/full_optimal > logs/full_optimal/FX_MIX_f4_V3_s1.log 2>&1
116	:	1778858547.113	   598.742	0	0	0	0	python scripts/run_one.py --config src/configs/full_optimal_fx_mix.yaml --market FX_MIX --fold 4 --variant V3 --seed 0 --out results/full_optimal > logs/full_optimal/FX_MIX_f4_V3_s0.log 2>&1
118	:	1778858597.111	   600.945	0	0	0	0	python scripts/run_one.py --config src/configs/full_optimal_fx_mix.yaml --market FX_MIX --fold 4 --variant V3 --seed 2 --out results/full_optimal > logs/full_optimal/FX_MIX_f4_V3_s2.log 2>&1
119	:	1778858621.272	   594.115	0	0	0	0	python scripts/run_one.py --config src/configs/full_optimal_fx_mix.yaml --market FX_MIX --fold 4 --variant V3 --seed 3 --out results/full_optimal > logs/full_optimal/FX_MIX_f4_V3_s3.log 2>&1
120	:	1778858819.302	   584.486	0	0	0	0	python scripts/run_one.py --config src/configs/full_optimal_fx_mix.yaml --market FX_MIX --fold 4 --variant V3 --seed 4 --out results/full_optimal > logs/full_optimal/FX_MIX_f4_V3_s4.log 2>&1
111	:	1778857205.530	  3681.440	0	0	0	0	python scripts/run_one.py --config src/configs/full_optimal_fx_mix.yaml --market FX_MIX --fold 4 --variant V2 --seed 0 --out results/full_optimal > logs/full_optimal/FX_MIX_f4_V2_s0.log 2>&1
112	:	1778857336.571	  3598.970	0	0	0	0	python scripts/run_one.py --config src/configs/full_optimal_fx_mix.yaml --market FX_MIX --fold 4 --variant V2 --seed 1 --out results/full_optimal > logs/full_optimal/FX_MIX_f4_V2_s1.log 2>&1
113	:	1778857401.020	  3536.881	0	0	0	0	python scripts/run_one.py --config src/configs/full_optimal_fx_mix.yaml --market FX_MIX --fold 4 --variant V2 --seed 2 --out results/full_optimal > logs/full_optimal/FX_MIX_f4_V2_s2.log 2>&1
114	:	1778857456.858	  3518.588	0	0	0	0	python scripts/run_one.py --config src/configs/full_optimal_fx_mix.yaml --market FX_MIX --fold 4 --variant V2 --seed 3 --out results/full_optimal > logs/full_optimal/FX_MIX_f4_V2_s3.log 2>&1
115	:	1778857507.085	  3646.259	0	0	0	0	python scripts/run_one.py --config src/configs/full_optimal_fx_mix.yaml --market FX_MIX --fold 4 --variant V2 --seed 4 --out results/full_optimal > logs/full_optimal/FX_MIX_f4_V2_s4.log 2>&1
126	:	1778860886.985	   393.269	0	0	0	0	python scripts/run_one.py --config src/configs/full_optimal_fx_mix.yaml --market FX_MIX --fold 5 --variant V0 --seed 0 --out results/full_optimal > logs/full_optimal/FX_MIX_f5_V0_s0.log 2>&1
127	:	1778860935.552	   397.540	0	0	0	0	python scripts/run_one.py --config src/configs/full_optimal_fx_mix.yaml --market FX_MIX --fold 5 --variant V0 --seed 1 --out results/full_optimal > logs/full_optimal/FX_MIX_f5_V0_s1.log 2>&1
128	:	1778860937.911	   396.631	0	0	0	0	python scripts/run_one.py --config src/configs/full_optimal_fx_mix.yaml --market FX_MIX --fold 5 --variant V0 --seed 2 --out results/full_optimal > logs/full_optimal/FX_MIX_f5_V0_s2.log 2>&1
129	:	1778860975.454	   388.746	0	0	0	0	python scripts/run_one.py --config src/configs/full_optimal_fx_mix.yaml --market FX_MIX --fold 5 --variant V0 --seed 3 --out results/full_optimal > logs/full_optimal/FX_MIX_f5_V0_s3.log 2>&1
130	:	1778861153.351	   403.861	0	0	0	0	python scripts/run_one.py --config src/configs/full_optimal_fx_mix.yaml --market FX_MIX --fold 5 --variant V0 --seed 4 --out results/full_optimal > logs/full_optimal/FX_MIX_f5_V0_s4.log 2>&1
131	:	1778861280.266	   400.187	0	0	0	0	python scripts/run_one.py --config src/configs/full_optimal_fx_mix.yaml --market FX_MIX --fold 5 --variant V1 --seed 0 --out results/full_optimal > logs/full_optimal/FX_MIX_f5_V1_s0.log 2>&1
133	:	1778861334.547	   395.131	0	0	0	0	python scripts/run_one.py --config src/configs/full_optimal_fx_mix.yaml --market FX_MIX --fold 5 --variant V1 --seed 2 --out results/full_optimal > logs/full_optimal/FX_MIX_f5_V1_s2.log 2>&1
132	:	1778861333.098	   397.603	0	0	0	0	python scripts/run_one.py --config src/configs/full_optimal_fx_mix.yaml --market FX_MIX --fold 5 --variant V1 --seed 1 --out results/full_optimal > logs/full_optimal/FX_MIX_f5_V1_s1.log 2>&1
134	:	1778861364.213	   392.784	0	0	0	0	python scripts/run_one.py --config src/configs/full_optimal_fx_mix.yaml --market FX_MIX --fold 5 --variant V1 --seed 3 --out results/full_optimal > logs/full_optimal/FX_MIX_f5_V1_s3.log 2>&1
135	:	1778861557.219	   382.483	0	0	0	0	python scripts/run_one.py --config src/configs/full_optimal_fx_mix.yaml --market FX_MIX --fold 5 --variant V1 --seed 4 --out results/full_optimal > logs/full_optimal/FX_MIX_f5_V1_s4.log 2>&1
123	:	1778859198.069	  4556.161	0	0	0	0	python scripts/run_one.py --config src/configs/full_optimal_fx_mix.yaml --market FX_MIX --fold 4 --variant V4 --seed 2 --out results/full_optimal > logs/full_optimal/FX_MIX_f4_V4_s2.log 2>&1
122	:	1778859145.861	  4620.781	0	0	0	0	python scripts/run_one.py --config src/configs/full_optimal_fx_mix.yaml --market FX_MIX --fold 4 --variant V4 --seed 1 --out results/full_optimal > logs/full_optimal/FX_MIX_f4_V4_s1.log 2>&1
124	:	1778859215.393	  4595.401	0	0	0	0	python scripts/run_one.py --config src/configs/full_optimal_fx_mix.yaml --market FX_MIX --fold 4 --variant V4 --seed 3 --out results/full_optimal > logs/full_optimal/FX_MIX_f4_V4_s3.log 2>&1
121	:	1778859139.558	  4749.751	0	0	0	0	python scripts/run_one.py --config src/configs/full_optimal_fx_mix.yaml --market FX_MIX --fold 4 --variant V4 --seed 0 --out results/full_optimal > logs/full_optimal/FX_MIX_f4_V4_s0.log 2>&1
125	:	1778859403.802	  4626.260	0	0	0	0	python scripts/run_one.py --config src/configs/full_optimal_fx_mix.yaml --market FX_MIX --fold 4 --variant V4 --seed 4 --out results/full_optimal > logs/full_optimal/FX_MIX_f4_V4_s4.log 2>&1
141	:	1778863754.245	   772.023	0	0	0	0	python scripts/run_one.py --config src/configs/full_optimal_fx_mix.yaml --market FX_MIX --fold 5 --variant V3 --seed 0 --out results/full_optimal > logs/full_optimal/FX_MIX_f5_V3_s0.log 2>&1
142	:	1778863766.647	   789.550	0	0	0	0	python scripts/run_one.py --config src/configs/full_optimal_fx_mix.yaml --market FX_MIX --fold 5 --variant V3 --seed 1 --out results/full_optimal > logs/full_optimal/FX_MIX_f5_V3_s1.log 2>&1
143	:	1778863810.800	   770.275	0	0	0	0	python scripts/run_one.py --config src/configs/full_optimal_fx_mix.yaml --market FX_MIX --fold 5 --variant V3 --seed 2 --out results/full_optimal > logs/full_optimal/FX_MIX_f5_V3_s2.log 2>&1
144	:	1778863889.319	   786.632	0	0	0	0	python scripts/run_one.py --config src/configs/full_optimal_fx_mix.yaml --market FX_MIX --fold 5 --variant V3 --seed 3 --out results/full_optimal > logs/full_optimal/FX_MIX_f5_V3_s3.log 2>&1
145	:	1778864030.068	   772.385	0	0	0	0	python scripts/run_one.py --config src/configs/full_optimal_fx_mix.yaml --market FX_MIX --fold 5 --variant V3 --seed 4 --out results/full_optimal > logs/full_optimal/FX_MIX_f5_V3_s4.log 2>&1
136	:	1778861680.459	  4437.654	0	0	0	0	python scripts/run_one.py --config src/configs/full_optimal_fx_mix.yaml --market FX_MIX --fold 5 --variant V2 --seed 0 --out results/full_optimal > logs/full_optimal/FX_MIX_f5_V2_s0.log 2>&1
138	:	1778861730.714	  4423.197	0	0	0	0	python scripts/run_one.py --config src/configs/full_optimal_fx_mix.yaml --market FX_MIX --fold 5 --variant V2 --seed 2 --out results/full_optimal > logs/full_optimal/FX_MIX_f5_V2_s2.log 2>&1
137	:	1778861729.686	  4444.592	0	0	0	0	python scripts/run_one.py --config src/configs/full_optimal_fx_mix.yaml --market FX_MIX --fold 5 --variant V2 --seed 1 --out results/full_optimal > logs/full_optimal/FX_MIX_f5_V2_s1.log 2>&1
139	:	1778861757.004	  4504.904	0	0	0	0	python scripts/run_one.py --config src/configs/full_optimal_fx_mix.yaml --market FX_MIX --fold 5 --variant V2 --seed 3 --out results/full_optimal > logs/full_optimal/FX_MIX_f5_V2_s3.log 2>&1
140	:	1778861939.719	  4434.025	0	0	0	0	python scripts/run_one.py --config src/configs/full_optimal_fx_mix.yaml --market FX_MIX --fold 5 --variant V2 --seed 4 --out results/full_optimal > logs/full_optimal/FX_MIX_f5_V2_s4.log 2>&1
151	:	1778866118.129	   410.256	0	0	0	0	python scripts/run_one.py --config src/configs/full_optimal_fx_mix.yaml --market FX_MIX --fold 6 --variant V0 --seed 0 --out results/full_optimal > logs/full_optimal/FX_MIX_f6_V0_s0.log 2>&1
152	:	1778866153.919	   419.529	0	0	0	0	python scripts/run_one.py --config src/configs/full_optimal_fx_mix.yaml --market FX_MIX --fold 6 --variant V0 --seed 1 --out results/full_optimal > logs/full_optimal/FX_MIX_f6_V0_s1.log 2>&1
153	:	1778866174.287	   412.549	0	0	0	0	python scripts/run_one.py --config src/configs/full_optimal_fx_mix.yaml --market FX_MIX --fold 6 --variant V0 --seed 2 --out results/full_optimal > logs/full_optimal/FX_MIX_f6_V0_s2.log 2>&1
154	:	1778866261.921	   429.733	0	0	0	0	python scripts/run_one.py --config src/configs/full_optimal_fx_mix.yaml --market FX_MIX --fold 6 --variant V0 --seed 3 --out results/full_optimal > logs/full_optimal/FX_MIX_f6_V0_s3.log 2>&1
155	:	1778866373.752	   415.655	0	0	0	0	python scripts/run_one.py --config src/configs/full_optimal_fx_mix.yaml --market FX_MIX --fold 6 --variant V0 --seed 4 --out results/full_optimal > logs/full_optimal/FX_MIX_f6_V0_s4.log 2>&1
156	:	1778866528.393	   424.108	0	0	0	0	python scripts/run_one.py --config src/configs/full_optimal_fx_mix.yaml --market FX_MIX --fold 6 --variant V1 --seed 0 --out results/full_optimal > logs/full_optimal/FX_MIX_f6_V1_s0.log 2>&1
157	:	1778866573.463	   419.514	0	0	0	0	python scripts/run_one.py --config src/configs/full_optimal_fx_mix.yaml --market FX_MIX --fold 6 --variant V1 --seed 1 --out results/full_optimal > logs/full_optimal/FX_MIX_f6_V1_s1.log 2>&1
158	:	1778866586.851	   412.534	0	0	0	0	python scripts/run_one.py --config src/configs/full_optimal_fx_mix.yaml --market FX_MIX --fold 6 --variant V1 --seed 2 --out results/full_optimal > logs/full_optimal/FX_MIX_f6_V1_s2.log 2>&1
159	:	1778866691.661	   403.196	0	0	0	0	python scripts/run_one.py --config src/configs/full_optimal_fx_mix.yaml --market FX_MIX --fold 6 --variant V1 --seed 3 --out results/full_optimal > logs/full_optimal/FX_MIX_f6_V1_s3.log 2>&1
160	:	1778866789.426	   394.368	0	0	0	0	python scripts/run_one.py --config src/configs/full_optimal_fx_mix.yaml --market FX_MIX --fold 6 --variant V1 --seed 4 --out results/full_optimal > logs/full_optimal/FX_MIX_f6_V1_s4.log 2>&1
148	:	1778864581.088	  5282.361	0	0	0	0	python scripts/run_one.py --config src/configs/full_optimal_fx_mix.yaml --market FX_MIX --fold 5 --variant V4 --seed 2 --out results/full_optimal > logs/full_optimal/FX_MIX_f5_V4_s2.log 2>&1
146	:	1778864526.273	  5382.457	0	0	0	0	python scripts/run_one.py --config src/configs/full_optimal_fx_mix.yaml --market FX_MIX --fold 5 --variant V4 --seed 0 --out results/full_optimal > logs/full_optimal/FX_MIX_f5_V4_s0.log 2>&1
147	:	1778864556.202	  5390.853	0	0	0	0	python scripts/run_one.py --config src/configs/full_optimal_fx_mix.yaml --market FX_MIX --fold 5 --variant V4 --seed 1 --out results/full_optimal > logs/full_optimal/FX_MIX_f5_V4_s1.log 2>&1
149	:	1778864675.958	  5321.232	0	0	0	0	python scripts/run_one.py --config src/configs/full_optimal_fx_mix.yaml --market FX_MIX --fold 5 --variant V4 --seed 3 --out results/full_optimal > logs/full_optimal/FX_MIX_f5_V4_s3.log 2>&1
150	:	1778864802.490	  5329.925	0	0	0	0	python scripts/run_one.py --config src/configs/full_optimal_fx_mix.yaml --market FX_MIX --fold 5 --variant V4 --seed 4 --out results/full_optimal > logs/full_optimal/FX_MIX_f5_V4_s4.log 2>&1
166	:	1778869863.908	  1154.285	0	0	0	0	python scripts/run_one.py --config src/configs/full_optimal_fx_mix.yaml --market FX_MIX --fold 6 --variant V3 --seed 0 --out results/full_optimal > logs/full_optimal/FX_MIX_f6_V3_s0.log 2>&1
167	:	1778869908.789	  1155.500	0	0	0	0	python scripts/run_one.py --config src/configs/full_optimal_fx_mix.yaml --market FX_MIX --fold 6 --variant V3 --seed 1 --out results/full_optimal > logs/full_optimal/FX_MIX_f6_V3_s1.log 2>&1
168	:	1778869947.072	  1143.430	0	0	0	0	python scripts/run_one.py --config src/configs/full_optimal_fx_mix.yaml --market FX_MIX --fold 6 --variant V3 --seed 2 --out results/full_optimal > logs/full_optimal/FX_MIX_f6_V3_s2.log 2>&1
169	:	1778869997.251	  1153.207	0	0	0	0	python scripts/run_one.py --config src/configs/full_optimal_fx_mix.yaml --market FX_MIX --fold 6 --variant V3 --seed 3 --out results/full_optimal > logs/full_optimal/FX_MIX_f6_V3_s3.log 2>&1
170	:	1778870132.431	  1063.276	0	0	0	0	python scripts/run_one.py --config src/configs/full_optimal_fx_mix.yaml --market FX_MIX --fold 6 --variant V3 --seed 4 --out results/full_optimal > logs/full_optimal/FX_MIX_f6_V3_s4.log 2>&1
161	:	1778866952.509	  5561.485	0	0	0	0	python scripts/run_one.py --config src/configs/full_optimal_fx_mix.yaml --market FX_MIX --fold 6 --variant V2 --seed 0 --out results/full_optimal > logs/full_optimal/FX_MIX_f6_V2_s0.log 2>&1
163	:	1778866999.399	  5574.240	0	0	0	0	python scripts/run_one.py --config src/configs/full_optimal_fx_mix.yaml --market FX_MIX --fold 6 --variant V2 --seed 2 --out results/full_optimal > logs/full_optimal/FX_MIX_f6_V2_s2.log 2>&1
162	:	1778866992.987	  5581.720	0	0	0	0	python scripts/run_one.py --config src/configs/full_optimal_fx_mix.yaml --market FX_MIX --fold 6 --variant V2 --seed 1 --out results/full_optimal > logs/full_optimal/FX_MIX_f6_V2_s1.log 2>&1
164	:	1778867094.865	  5543.615	0	0	0	0	python scripts/run_one.py --config src/configs/full_optimal_fx_mix.yaml --market FX_MIX --fold 6 --variant V2 --seed 3 --out results/full_optimal > logs/full_optimal/FX_MIX_f6_V2_s3.log 2>&1
165	:	1778867183.808	  5530.783	0	0	0	0	python scripts/run_one.py --config src/configs/full_optimal_fx_mix.yaml --market FX_MIX --fold 6 --variant V2 --seed 4 --out results/full_optimal > logs/full_optimal/FX_MIX_f6_V2_s4.log 2>&1
176	:	1778872514.011	   359.151	0	0	0	0	python scripts/run_one.py --config src/configs/full_optimal_fx_mix.yaml --market FX_MIX --fold 7 --variant V0 --seed 0 --out results/full_optimal > logs/full_optimal/FX_MIX_f7_V0_s0.log 2>&1
177	:	1778872573.649	   371.080	0	0	0	0	python scripts/run_one.py --config src/configs/full_optimal_fx_mix.yaml --market FX_MIX --fold 7 --variant V0 --seed 1 --out results/full_optimal > logs/full_optimal/FX_MIX_f7_V0_s1.log 2>&1
178	:	1778872574.727	   371.473	0	0	0	0	python scripts/run_one.py --config src/configs/full_optimal_fx_mix.yaml --market FX_MIX --fold 7 --variant V0 --seed 2 --out results/full_optimal > logs/full_optimal/FX_MIX_f7_V0_s2.log 2>&1
179	:	1778872638.488	   355.837	0	0	0	0	python scripts/run_one.py --config src/configs/full_optimal_fx_mix.yaml --market FX_MIX --fold 7 --variant V0 --seed 3 --out results/full_optimal > logs/full_optimal/FX_MIX_f7_V0_s3.log 2>&1
180	:	1778872714.601	   345.270	0	0	0	0	python scripts/run_one.py --config src/configs/full_optimal_fx_mix.yaml --market FX_MIX --fold 7 --variant V0 --seed 4 --out results/full_optimal > logs/full_optimal/FX_MIX_f7_V0_s4.log 2>&1
181	:	1778872873.172	   382.463	0	0	0	0	python scripts/run_one.py --config src/configs/full_optimal_fx_mix.yaml --market FX_MIX --fold 7 --variant V1 --seed 0 --out results/full_optimal > logs/full_optimal/FX_MIX_f7_V1_s0.log 2>&1
183	:	1778872946.206	   394.100	0	0	0	0	python scripts/run_one.py --config src/configs/full_optimal_fx_mix.yaml --market FX_MIX --fold 7 --variant V1 --seed 2 --out results/full_optimal > logs/full_optimal/FX_MIX_f7_V1_s2.log 2>&1
182	:	1778872944.732	   408.671	0	0	0	0	python scripts/run_one.py --config src/configs/full_optimal_fx_mix.yaml --market FX_MIX --fold 7 --variant V1 --seed 1 --out results/full_optimal > logs/full_optimal/FX_MIX_f7_V1_s1.log 2>&1
184	:	1778872994.330	   418.386	0	0	0	0	python scripts/run_one.py --config src/configs/full_optimal_fx_mix.yaml --market FX_MIX --fold 7 --variant V1 --seed 3 --out results/full_optimal > logs/full_optimal/FX_MIX_f7_V1_s3.log 2>&1
185	:	1778873059.885	   411.918	0	0	0	0	python scripts/run_one.py --config src/configs/full_optimal_fx_mix.yaml --market FX_MIX --fold 7 --variant V1 --seed 4 --out results/full_optimal > logs/full_optimal/FX_MIX_f7_V1_s4.log 2>&1
171	:	1778871018.209	  4541.747	0	0	0	0	python scripts/run_one.py --config src/configs/full_optimal_fx_mix.yaml --market FX_MIX --fold 6 --variant V4 --seed 0 --out results/full_optimal > logs/full_optimal/FX_MIX_f6_V4_s0.log 2>&1
173	:	1778871090.530	  4560.796	0	0	0	0	python scripts/run_one.py --config src/configs/full_optimal_fx_mix.yaml --market FX_MIX --fold 6 --variant V4 --seed 2 --out results/full_optimal > logs/full_optimal/FX_MIX_f6_V4_s2.log 2>&1
172	:	1778871064.311	  4628.529	0	0	0	0	python scripts/run_one.py --config src/configs/full_optimal_fx_mix.yaml --market FX_MIX --fold 6 --variant V4 --seed 1 --out results/full_optimal > logs/full_optimal/FX_MIX_f6_V4_s1.log 2>&1
174	:	1778871150.493	  4555.460	0	0	0	0	python scripts/run_one.py --config src/configs/full_optimal_fx_mix.yaml --market FX_MIX --fold 6 --variant V4 --seed 3 --out results/full_optimal > logs/full_optimal/FX_MIX_f6_V4_s3.log 2>&1
175	:	1778871195.729	  4560.689	0	0	0	0	python scripts/run_one.py --config src/configs/full_optimal_fx_mix.yaml --market FX_MIX --fold 6 --variant V4 --seed 4 --out results/full_optimal > logs/full_optimal/FX_MIX_f6_V4_s4.log 2>&1
191	:	1778875560.000	   602.517	0	0	0	0	python scripts/run_one.py --config src/configs/full_optimal_fx_mix.yaml --market FX_MIX --fold 7 --variant V3 --seed 0 --out results/full_optimal > logs/full_optimal/FX_MIX_f7_V3_s0.log 2>&1
192	:	1778875651.336	   592.857	0	0	0	0	python scripts/run_one.py --config src/configs/full_optimal_fx_mix.yaml --market FX_MIX --fold 7 --variant V3 --seed 1 --out results/full_optimal > logs/full_optimal/FX_MIX_f7_V3_s1.log 2>&1
193	:	1778875692.847	   595.692	0	0	0	0	python scripts/run_one.py --config src/configs/full_optimal_fx_mix.yaml --market FX_MIX --fold 7 --variant V3 --seed 2 --out results/full_optimal > logs/full_optimal/FX_MIX_f7_V3_s2.log 2>&1
194	:	1778875705.962	   589.191	0	0	0	0	python scripts/run_one.py --config src/configs/full_optimal_fx_mix.yaml --market FX_MIX --fold 7 --variant V3 --seed 3 --out results/full_optimal > logs/full_optimal/FX_MIX_f7_V3_s3.log 2>&1
195	:	1778875756.426	   610.949	0	0	0	0	python scripts/run_one.py --config src/configs/full_optimal_fx_mix.yaml --market FX_MIX --fold 7 --variant V3 --seed 4 --out results/full_optimal > logs/full_optimal/FX_MIX_f7_V3_s4.log 2>&1
186	:	1778873255.643	  3651.652	0	0	0	0	python scripts/run_one.py --config src/configs/full_optimal_fx_mix.yaml --market FX_MIX --fold 7 --variant V2 --seed 0 --out results/full_optimal > logs/full_optimal/FX_MIX_f7_V2_s0.log 2>&1
188	:	1778873353.408	  3634.842	0	0	0	0	python scripts/run_one.py --config src/configs/full_optimal_fx_mix.yaml --market FX_MIX --fold 7 --variant V2 --seed 2 --out results/full_optimal > logs/full_optimal/FX_MIX_f7_V2_s2.log 2>&1
189	:	1778873412.727	  3725.019	0	0	0	0	python scripts/run_one.py --config src/configs/full_optimal_fx_mix.yaml --market FX_MIX --fold 7 --variant V2 --seed 3 --out results/full_optimal > logs/full_optimal/FX_MIX_f7_V2_s3.log 2>&1
187	:	1778873340.314	  3799.388	0	0	0	0	python scripts/run_one.py --config src/configs/full_optimal_fx_mix.yaml --market FX_MIX --fold 7 --variant V2 --seed 1 --out results/full_optimal > logs/full_optimal/FX_MIX_f7_V2_s1.log 2>&1
190	:	1778873471.808	  3700.776	0	0	0	0	python scripts/run_one.py --config src/configs/full_optimal_fx_mix.yaml --market FX_MIX --fold 7 --variant V2 --seed 4 --out results/full_optimal > logs/full_optimal/FX_MIX_f7_V2_s4.log 2>&1
201	:	1778876907.320	   400.205	0	0	0	0	python scripts/run_one.py --config src/configs/full_optimal_fx_mix.yaml --market FX_MIX --fold 8 --variant V0 --seed 0 --out results/full_optimal > logs/full_optimal/FX_MIX_f8_V0_s0.log 2>&1
202	:	1778876988.267	   386.357	0	0	0	0	python scripts/run_one.py --config src/configs/full_optimal_fx_mix.yaml --market FX_MIX --fold 8 --variant V0 --seed 1 --out results/full_optimal > logs/full_optimal/FX_MIX_f8_V0_s1.log 2>&1
203	:	1778877137.763	   385.552	0	0	0	0	python scripts/run_one.py --config src/configs/full_optimal_fx_mix.yaml --market FX_MIX --fold 8 --variant V0 --seed 2 --out results/full_optimal > logs/full_optimal/FX_MIX_f8_V0_s2.log 2>&1
204	:	1778877139.719	   383.888	0	0	0	0	python scripts/run_one.py --config src/configs/full_optimal_fx_mix.yaml --market FX_MIX --fold 8 --variant V0 --seed 3 --out results/full_optimal > logs/full_optimal/FX_MIX_f8_V0_s3.log 2>&1
205	:	1778877172.596	   398.587	0	0	0	0	python scripts/run_one.py --config src/configs/full_optimal_fx_mix.yaml --market FX_MIX --fold 8 --variant V0 --seed 4 --out results/full_optimal > logs/full_optimal/FX_MIX_f8_V0_s4.log 2>&1
206	:	1778877307.537	   408.305	0	0	0	0	python scripts/run_one.py --config src/configs/full_optimal_fx_mix.yaml --market FX_MIX --fold 8 --variant V1 --seed 0 --out results/full_optimal > logs/full_optimal/FX_MIX_f8_V1_s0.log 2>&1
207	:	1778877374.652	   423.952	0	0	0	0	python scripts/run_one.py --config src/configs/full_optimal_fx_mix.yaml --market FX_MIX --fold 8 --variant V1 --seed 1 --out results/full_optimal > logs/full_optimal/FX_MIX_f8_V1_s1.log 2>&1
208	:	1778877523.320	   394.611	0	0	0	0	python scripts/run_one.py --config src/configs/full_optimal_fx_mix.yaml --market FX_MIX --fold 8 --variant V1 --seed 2 --out results/full_optimal > logs/full_optimal/FX_MIX_f8_V1_s2.log 2>&1
209	:	1778877523.631	   400.060	0	0	0	0	python scripts/run_one.py --config src/configs/full_optimal_fx_mix.yaml --market FX_MIX --fold 8 --variant V1 --seed 3 --out results/full_optimal > logs/full_optimal/FX_MIX_f8_V1_s3.log 2>&1
210	:	1778877571.195	   406.717	0	0	0	0	python scripts/run_one.py --config src/configs/full_optimal_fx_mix.yaml --market FX_MIX --fold 8 --variant V1 --seed 4 --out results/full_optimal > logs/full_optimal/FX_MIX_f8_V1_s4.log 2>&1
196	:	1778876162.523	  4216.444	0	0	0	0	python scripts/run_one.py --config src/configs/full_optimal_fx_mix.yaml --market FX_MIX --fold 7 --variant V4 --seed 0 --out results/full_optimal > logs/full_optimal/FX_MIX_f7_V4_s0.log 2>&1
198	:	1778876288.544	  4190.571	0	0	0	0	python scripts/run_one.py --config src/configs/full_optimal_fx_mix.yaml --market FX_MIX --fold 7 --variant V4 --seed 2 --out results/full_optimal > logs/full_optimal/FX_MIX_f7_V4_s2.log 2>&1
197	:	1778876244.208	  4249.153	0	0	0	0	python scripts/run_one.py --config src/configs/full_optimal_fx_mix.yaml --market FX_MIX --fold 7 --variant V4 --seed 1 --out results/full_optimal > logs/full_optimal/FX_MIX_f7_V4_s1.log 2>&1
199	:	1778876295.157	  4240.973	0	0	0	0	python scripts/run_one.py --config src/configs/full_optimal_fx_mix.yaml --market FX_MIX --fold 7 --variant V4 --seed 3 --out results/full_optimal > logs/full_optimal/FX_MIX_f7_V4_s3.log 2>&1
200	:	1778876367.381	  4277.585	0	0	0	0	python scripts/run_one.py --config src/configs/full_optimal_fx_mix.yaml --market FX_MIX --fold 7 --variant V4 --seed 4 --out results/full_optimal > logs/full_optimal/FX_MIX_f7_V4_s4.log 2>&1
216	:	1778880378.979	   619.827	0	0	0	0	python scripts/run_one.py --config src/configs/full_optimal_fx_mix.yaml --market FX_MIX --fold 8 --variant V3 --seed 0 --out results/full_optimal > logs/full_optimal/FX_MIX_f8_V3_s0.log 2>&1
217	:	1778880479.127	   612.715	0	0	0	0	python scripts/run_one.py --config src/configs/full_optimal_fx_mix.yaml --market FX_MIX --fold 8 --variant V3 --seed 1 --out results/full_optimal > logs/full_optimal/FX_MIX_f8_V3_s1.log 2>&1
218	:	1778880493.376	   624.207	0	0	0	0	python scripts/run_one.py --config src/configs/full_optimal_fx_mix.yaml --market FX_MIX --fold 8 --variant V3 --seed 2 --out results/full_optimal > logs/full_optimal/FX_MIX_f8_V3_s2.log 2>&1
219	:	1778880536.137	   611.415	0	0	0	0	python scripts/run_one.py --config src/configs/full_optimal_fx_mix.yaml --market FX_MIX --fold 8 --variant V3 --seed 3 --out results/full_optimal > logs/full_optimal/FX_MIX_f8_V3_s3.log 2>&1
220	:	1778880644.971	   608.723	0	0	0	0	python scripts/run_one.py --config src/configs/full_optimal_fx_mix.yaml --market FX_MIX --fold 8 --variant V3 --seed 4 --out results/full_optimal > logs/full_optimal/FX_MIX_f8_V3_s4.log 2>&1
212	:	1778877798.619	  3700.696	0	0	0	0	python scripts/run_one.py --config src/configs/full_optimal_fx_mix.yaml --market FX_MIX --fold 8 --variant V2 --seed 1 --out results/full_optimal > logs/full_optimal/FX_MIX_f8_V2_s1.log 2>&1
211	:	1778877715.872	  3791.055	0	0	0	0	python scripts/run_one.py --config src/configs/full_optimal_fx_mix.yaml --market FX_MIX --fold 8 --variant V2 --seed 0 --out results/full_optimal > logs/full_optimal/FX_MIX_f8_V2_s0.log 2>&1
213	:	1778877917.940	  3710.891	0	0	0	0	python scripts/run_one.py --config src/configs/full_optimal_fx_mix.yaml --market FX_MIX --fold 8 --variant V2 --seed 2 --out results/full_optimal > logs/full_optimal/FX_MIX_f8_V2_s2.log 2>&1
214	:	1778877923.720	  3707.853	0	0	0	0	python scripts/run_one.py --config src/configs/full_optimal_fx_mix.yaml --market FX_MIX --fold 8 --variant V2 --seed 3 --out results/full_optimal > logs/full_optimal/FX_MIX_f8_V2_s3.log 2>&1
215	:	1778877977.949	  3678.013	0	0	0	0	python scripts/run_one.py --config src/configs/full_optimal_fx_mix.yaml --market FX_MIX --fold 8 --variant V2 --seed 4 --out results/full_optimal > logs/full_optimal/FX_MIX_f8_V2_s4.log 2>&1
226	:	1778881499.320	   297.614	0	0	0	0	python scripts/run_one.py --config src/configs/full_optimal_fx_mix.yaml --market FX_MIX --fold 9 --variant V0 --seed 0 --out results/full_optimal > logs/full_optimal/FX_MIX_f9_V0_s0.log 2>&1
227	:	1778881506.934	   300.486	0	0	0	0	python scripts/run_one.py --config src/configs/full_optimal_fx_mix.yaml --market FX_MIX --fold 9 --variant V0 --seed 1 --out results/full_optimal > logs/full_optimal/FX_MIX_f9_V0_s1.log 2>&1
228	:	1778881628.835	   304.983	0	0	0	0	python scripts/run_one.py --config src/configs/full_optimal_fx_mix.yaml --market FX_MIX --fold 9 --variant V0 --seed 2 --out results/full_optimal > logs/full_optimal/FX_MIX_f9_V0_s2.log 2>&1
229	:	1778881631.579	   305.342	0	0	0	0	python scripts/run_one.py --config src/configs/full_optimal_fx_mix.yaml --market FX_MIX --fold 9 --variant V0 --seed 3 --out results/full_optimal > logs/full_optimal/FX_MIX_f9_V0_s3.log 2>&1
230	:	1778881655.965	   317.447	0	0	0	0	python scripts/run_one.py --config src/configs/full_optimal_fx_mix.yaml --market FX_MIX --fold 9 --variant V0 --seed 4 --out results/full_optimal > logs/full_optimal/FX_MIX_f9_V0_s4.log 2>&1
231	:	1778881796.938	   322.977	0	0	0	0	python scripts/run_one.py --config src/configs/full_optimal_fx_mix.yaml --market FX_MIX --fold 9 --variant V1 --seed 0 --out results/full_optimal > logs/full_optimal/FX_MIX_f9_V1_s0.log 2>&1
232	:	1778881807.438	   320.756	0	0	0	0	python scripts/run_one.py --config src/configs/full_optimal_fx_mix.yaml --market FX_MIX --fold 9 --variant V1 --seed 1 --out results/full_optimal > logs/full_optimal/FX_MIX_f9_V1_s1.log 2>&1
233	:	1778881933.824	   309.009	0	0	0	0	python scripts/run_one.py --config src/configs/full_optimal_fx_mix.yaml --market FX_MIX --fold 9 --variant V1 --seed 2 --out results/full_optimal > logs/full_optimal/FX_MIX_f9_V1_s2.log 2>&1
234	:	1778881936.925	   306.594	0	0	0	0	python scripts/run_one.py --config src/configs/full_optimal_fx_mix.yaml --market FX_MIX --fold 9 --variant V1 --seed 3 --out results/full_optimal > logs/full_optimal/FX_MIX_f9_V1_s3.log 2>&1
235	:	1778881973.420	   300.625	0	0	0	0	python scripts/run_one.py --config src/configs/full_optimal_fx_mix.yaml --market FX_MIX --fold 9 --variant V1 --seed 4 --out results/full_optimal > logs/full_optimal/FX_MIX_f9_V1_s4.log 2>&1
221	:	1778880998.811	  3389.974	0	0	0	0	python scripts/run_one.py --config src/configs/full_optimal_fx_mix.yaml --market FX_MIX --fold 8 --variant V4 --seed 0 --out results/full_optimal > logs/full_optimal/FX_MIX_f8_V4_s0.log 2>&1
222	:	1778881091.847	  3409.925	0	0	0	0	python scripts/run_one.py --config src/configs/full_optimal_fx_mix.yaml --market FX_MIX --fold 8 --variant V4 --seed 1 --out results/full_optimal > logs/full_optimal/FX_MIX_f8_V4_s1.log 2>&1
223	:	1778881117.587	  3411.130	0	0	0	0	python scripts/run_one.py --config src/configs/full_optimal_fx_mix.yaml --market FX_MIX --fold 8 --variant V4 --seed 2 --out results/full_optimal > logs/full_optimal/FX_MIX_f8_V4_s2.log 2>&1
224	:	1778881147.557	  3441.771	0	0	0	0	python scripts/run_one.py --config src/configs/full_optimal_fx_mix.yaml --market FX_MIX --fold 8 --variant V4 --seed 3 --out results/full_optimal > logs/full_optimal/FX_MIX_f8_V4_s3.log 2>&1
225	:	1778881253.698	  3456.779	0	0	0	0	python scripts/run_one.py --config src/configs/full_optimal_fx_mix.yaml --market FX_MIX --fold 8 --variant V4 --seed 4 --out results/full_optimal > logs/full_optimal/FX_MIX_f8_V4_s4.log 2>&1
241	:	1778884388.799	   625.605	0	0	0	0	python scripts/run_one.py --config src/configs/full_optimal_fx_mix.yaml --market FX_MIX --fold 9 --variant V3 --seed 0 --out results/full_optimal > logs/full_optimal/FX_MIX_f9_V3_s0.log 2>&1
242	:	1778884501.778	   624.813	0	0	0	0	python scripts/run_one.py --config src/configs/full_optimal_fx_mix.yaml --market FX_MIX --fold 9 --variant V3 --seed 1 --out results/full_optimal > logs/full_optimal/FX_MIX_f9_V3_s1.log 2>&1
243	:	1778884528.724	   628.973	0	0	0	0	python scripts/run_one.py --config src/configs/full_optimal_fx_mix.yaml --market FX_MIX --fold 9 --variant V3 --seed 2 --out results/full_optimal > logs/full_optimal/FX_MIX_f9_V3_s2.log 2>&1
244	:	1778884589.333	   621.151	0	0	0	0	python scripts/run_one.py --config src/configs/full_optimal_fx_mix.yaml --market FX_MIX --fold 9 --variant V3 --seed 3 --out results/full_optimal > logs/full_optimal/FX_MIX_f9_V3_s3.log 2>&1
236	:	1778882119.922	  3111.965	0	0	0	0	python scripts/run_one.py --config src/configs/full_optimal_fx_mix.yaml --market FX_MIX --fold 9 --variant V2 --seed 0 --out results/full_optimal > logs/full_optimal/FX_MIX_f9_V2_s0.log 2>&1
237	:	1778882128.201	  3150.814	0	0	0	0	python scripts/run_one.py --config src/configs/full_optimal_fx_mix.yaml --market FX_MIX --fold 9 --variant V2 --seed 1 --out results/full_optimal > logs/full_optimal/FX_MIX_f9_V2_s1.log 2>&1
245	:	1778884710.483	   617.022	0	0	0	0	python scripts/run_one.py --config src/configs/full_optimal_fx_mix.yaml --market FX_MIX --fold 9 --variant V3 --seed 4 --out results/full_optimal > logs/full_optimal/FX_MIX_f9_V3_s4.log 2>&1
239	:	1778882243.523	  3091.341	0	0	0	0	python scripts/run_one.py --config src/configs/full_optimal_fx_mix.yaml --market FX_MIX --fold 9 --variant V2 --seed 3 --out results/full_optimal > logs/full_optimal/FX_MIX_f9_V2_s3.log 2>&1
238	:	1778882242.837	  3138.150	0	0	0	0	python scripts/run_one.py --config src/configs/full_optimal_fx_mix.yaml --market FX_MIX --fold 9 --variant V2 --seed 2 --out results/full_optimal > logs/full_optimal/FX_MIX_f9_V2_s2.log 2>&1
240	:	1778882274.050	  3110.674	0	0	0	0	python scripts/run_one.py --config src/configs/full_optimal_fx_mix.yaml --market FX_MIX --fold 9 --variant V2 --seed 4 --out results/full_optimal > logs/full_optimal/FX_MIX_f9_V2_s4.log 2>&1
251	:	1778885279.019	   305.309	0	0	0	0	python scripts/run_one.py --config src/configs/full_optimal_fx_mix.yaml --market FX_MIX --fold 10 --variant V0 --seed 0 --out results/full_optimal > logs/full_optimal/FX_MIX_f10_V0_s0.log 2>&1
252	:	1778885327.510	   317.023	0	0	0	0	python scripts/run_one.py --config src/configs/full_optimal_fx_mix.yaml --market FX_MIX --fold 10 --variant V0 --seed 1 --out results/full_optimal > logs/full_optimal/FX_MIX_f10_V0_s1.log 2>&1
253	:	1778885334.877	   310.218	0	0	0	0	python scripts/run_one.py --config src/configs/full_optimal_fx_mix.yaml --market FX_MIX --fold 10 --variant V0 --seed 2 --out results/full_optimal > logs/full_optimal/FX_MIX_f10_V0_s2.log 2>&1
254	:	1778885380.992	   313.895	0	0	0	0	python scripts/run_one.py --config src/configs/full_optimal_fx_mix.yaml --market FX_MIX --fold 10 --variant V0 --seed 3 --out results/full_optimal > logs/full_optimal/FX_MIX_f10_V0_s3.log 2>&1
255	:	1778885384.730	   312.461	0	0	0	0	python scripts/run_one.py --config src/configs/full_optimal_fx_mix.yaml --market FX_MIX --fold 10 --variant V0 --seed 4 --out results/full_optimal > logs/full_optimal/FX_MIX_f10_V0_s4.log 2>&1
256	:	1778885584.342	   305.076	0	0	0	0	python scripts/run_one.py --config src/configs/full_optimal_fx_mix.yaml --market FX_MIX --fold 10 --variant V1 --seed 0 --out results/full_optimal > logs/full_optimal/FX_MIX_f10_V1_s0.log 2>&1
258	:	1778885645.101	   299.586	0	0	0	0	python scripts/run_one.py --config src/configs/full_optimal_fx_mix.yaml --market FX_MIX --fold 10 --variant V1 --seed 2 --out results/full_optimal > logs/full_optimal/FX_MIX_f10_V1_s2.log 2>&1
257	:	1778885644.539	   301.320	0	0	0	0	python scripts/run_one.py --config src/configs/full_optimal_fx_mix.yaml --market FX_MIX --fold 10 --variant V1 --seed 1 --out results/full_optimal > logs/full_optimal/FX_MIX_f10_V1_s1.log 2>&1
260	:	1778885697.197	   297.648	0	0	0	0	python scripts/run_one.py --config src/configs/full_optimal_fx_mix.yaml --market FX_MIX --fold 10 --variant V1 --seed 4 --out results/full_optimal > logs/full_optimal/FX_MIX_f10_V1_s4.log 2>&1
259	:	1778885694.893	   301.489	0	0	0	0	python scripts/run_one.py --config src/configs/full_optimal_fx_mix.yaml --market FX_MIX --fold 10 --variant V1 --seed 3 --out results/full_optimal > logs/full_optimal/FX_MIX_f10_V1_s3.log 2>&1
246	:	1778885014.409	  3374.462	0	0	0	0	python scripts/run_one.py --config src/configs/full_optimal_fx_mix.yaml --market FX_MIX --fold 9 --variant V4 --seed 0 --out results/full_optimal > logs/full_optimal/FX_MIX_f9_V4_s0.log 2>&1
247	:	1778885126.597	  3340.931	0	0	0	0	python scripts/run_one.py --config src/configs/full_optimal_fx_mix.yaml --market FX_MIX --fold 9 --variant V4 --seed 1 --out results/full_optimal > logs/full_optimal/FX_MIX_f9_V4_s1.log 2>&1
248	:	1778885157.703	  3368.680	0	0	0	0	python scripts/run_one.py --config src/configs/full_optimal_fx_mix.yaml --market FX_MIX --fold 9 --variant V4 --seed 2 --out results/full_optimal > logs/full_optimal/FX_MIX_f9_V4_s2.log 2>&1
249	:	1778885210.488	  3350.221	0	0	0	0	python scripts/run_one.py --config src/configs/full_optimal_fx_mix.yaml --market FX_MIX --fold 9 --variant V4 --seed 3 --out results/full_optimal > logs/full_optimal/FX_MIX_f9_V4_s3.log 2>&1
250	:	1778885231.891	  3347.606	0	0	0	0	python scripts/run_one.py --config src/configs/full_optimal_fx_mix.yaml --market FX_MIX --fold 9 --variant V4 --seed 4 --out results/full_optimal > logs/full_optimal/FX_MIX_f9_V4_s4.log 2>&1
261	:	1778885889.432	  2984.275	0	0	0	0	python scripts/run_one.py --config src/configs/full_optimal_fx_mix.yaml --market FX_MIX --fold 10 --variant V2 --seed 0 --out results/full_optimal > logs/full_optimal/FX_MIX_f10_V2_s0.log 2>&1
263	:	1778885945.863	  2988.179	0	0	0	0	python scripts/run_one.py --config src/configs/full_optimal_fx_mix.yaml --market FX_MIX --fold 10 --variant V2 --seed 2 --out results/full_optimal > logs/full_optimal/FX_MIX_f10_V2_s2.log 2>&1
266	:	1778888388.878	   562.470	0	0	0	0	python scripts/run_one.py --config src/configs/full_optimal_fx_mix.yaml --market FX_MIX --fold 10 --variant V3 --seed 0 --out results/full_optimal > logs/full_optimal/FX_MIX_f10_V3_s0.log 2>&1
262	:	1778885944.698	  3039.337	0	0	0	0	python scripts/run_one.py --config src/configs/full_optimal_fx_mix.yaml --market FX_MIX --fold 10 --variant V2 --seed 1 --out results/full_optimal > logs/full_optimal/FX_MIX_f10_V2_s1.log 2>&1
265	:	1778885996.394	  3000.388	0	0	0	0	python scripts/run_one.py --config src/configs/full_optimal_fx_mix.yaml --market FX_MIX --fold 10 --variant V2 --seed 4 --out results/full_optimal > logs/full_optimal/FX_MIX_f10_V2_s4.log 2>&1
264	:	1778885994.859	  3002.362	0	0	0	0	python scripts/run_one.py --config src/configs/full_optimal_fx_mix.yaml --market FX_MIX --fold 10 --variant V2 --seed 3 --out results/full_optimal > logs/full_optimal/FX_MIX_f10_V2_s3.log 2>&1
267	:	1778888467.535	   562.322	0	0	0	0	python scripts/run_one.py --config src/configs/full_optimal_fx_mix.yaml --market FX_MIX --fold 10 --variant V3 --seed 1 --out results/full_optimal > logs/full_optimal/FX_MIX_f10_V3_s1.log 2>&1
268	:	1778888526.396	   568.771	0	0	0	0	python scripts/run_one.py --config src/configs/full_optimal_fx_mix.yaml --market FX_MIX --fold 10 --variant V3 --seed 2 --out results/full_optimal > logs/full_optimal/FX_MIX_f10_V3_s2.log 2>&1
269	:	1778888560.714	   566.332	0	0	0	0	python scripts/run_one.py --config src/configs/full_optimal_fx_mix.yaml --market FX_MIX --fold 10 --variant V3 --seed 3 --out results/full_optimal > logs/full_optimal/FX_MIX_f10_V3_s3.log 2>&1
270	:	1778888579.503	   570.239	0	0	0	0	python scripts/run_one.py --config src/configs/full_optimal_fx_mix.yaml --market FX_MIX --fold 10 --variant V3 --seed 4 --out results/full_optimal > logs/full_optimal/FX_MIX_f10_V3_s4.log 2>&1
276	:	1778888997.235	   294.941	0	0	0	0	python scripts/run_one.py --config src/configs/full_optimal_fx_mix.yaml --market FX_MIX --fold 11 --variant V0 --seed 0 --out results/full_optimal > logs/full_optimal/FX_MIX_f11_V0_s0.log 2>&1
277	:	1778889029.860	   296.137	0	0	0	0	python scripts/run_one.py --config src/configs/full_optimal_fx_mix.yaml --market FX_MIX --fold 11 --variant V0 --seed 1 --out results/full_optimal > logs/full_optimal/FX_MIX_f11_V0_s1.log 2>&1
278	:	1778889095.179	   299.879	0	0	0	0	python scripts/run_one.py --config src/configs/full_optimal_fx_mix.yaml --market FX_MIX --fold 11 --variant V0 --seed 2 --out results/full_optimal > logs/full_optimal/FX_MIX_f11_V0_s2.log 2>&1
279	:	1778889127.050	   300.495	0	0	0	0	python scripts/run_one.py --config src/configs/full_optimal_fx_mix.yaml --market FX_MIX --fold 11 --variant V0 --seed 3 --out results/full_optimal > logs/full_optimal/FX_MIX_f11_V0_s3.log 2>&1
280	:	1778889149.755	   302.331	0	0	0	0	python scripts/run_one.py --config src/configs/full_optimal_fx_mix.yaml --market FX_MIX --fold 11 --variant V0 --seed 4 --out results/full_optimal > logs/full_optimal/FX_MIX_f11_V0_s4.log 2>&1
281	:	1778889292.181	   301.204	0	0	0	0	python scripts/run_one.py --config src/configs/full_optimal_fx_mix.yaml --market FX_MIX --fold 11 --variant V1 --seed 0 --out results/full_optimal > logs/full_optimal/FX_MIX_f11_V1_s0.log 2>&1
282	:	1778889326.001	   301.199	0	0	0	0	python scripts/run_one.py --config src/configs/full_optimal_fx_mix.yaml --market FX_MIX --fold 11 --variant V1 --seed 1 --out results/full_optimal > logs/full_optimal/FX_MIX_f11_V1_s1.log 2>&1
283	:	1778889395.062	   298.453	0	0	0	0	python scripts/run_one.py --config src/configs/full_optimal_fx_mix.yaml --market FX_MIX --fold 11 --variant V1 --seed 2 --out results/full_optimal > logs/full_optimal/FX_MIX_f11_V1_s2.log 2>&1
284	:	1778889427.550	   295.049	0	0	0	0	python scripts/run_one.py --config src/configs/full_optimal_fx_mix.yaml --market FX_MIX --fold 11 --variant V1 --seed 3 --out results/full_optimal > logs/full_optimal/FX_MIX_f11_V1_s3.log 2>&1
285	:	1778889452.092	   292.040	0	0	0	0	python scripts/run_one.py --config src/configs/full_optimal_fx_mix.yaml --market FX_MIX --fold 11 --variant V1 --seed 4 --out results/full_optimal > logs/full_optimal/FX_MIX_f11_V1_s4.log 2>&1
271	:	1778888873.711	  3281.480	0	0	0	0	python scripts/run_one.py --config src/configs/full_optimal_fx_mix.yaml --market FX_MIX --fold 10 --variant V4 --seed 0 --out results/full_optimal > logs/full_optimal/FX_MIX_f10_V4_s0.log 2>&1
272	:	1778888934.046	  3301.279	0	0	0	0	python scripts/run_one.py --config src/configs/full_optimal_fx_mix.yaml --market FX_MIX --fold 10 --variant V4 --seed 1 --out results/full_optimal > logs/full_optimal/FX_MIX_f10_V4_s1.log 2>&1
273	:	1778888951.354	  3304.245	0	0	0	0	python scripts/run_one.py --config src/configs/full_optimal_fx_mix.yaml --market FX_MIX --fold 10 --variant V4 --seed 2 --out results/full_optimal > logs/full_optimal/FX_MIX_f10_V4_s2.log 2>&1
274	:	1778888984.040	  3277.075	0	0	0	0	python scripts/run_one.py --config src/configs/full_optimal_fx_mix.yaml --market FX_MIX --fold 10 --variant V4 --seed 3 --out results/full_optimal > logs/full_optimal/FX_MIX_f10_V4_s3.log 2>&1
275	:	1778888996.789	  3271.420	0	0	0	0	python scripts/run_one.py --config src/configs/full_optimal_fx_mix.yaml --market FX_MIX --fold 10 --variant V4 --seed 4 --out results/full_optimal > logs/full_optimal/FX_MIX_f10_V4_s4.log 2>&1
286	:	1778889593.389	  2981.863	0	0	0	0	python scripts/run_one.py --config src/configs/full_optimal_fx_mix.yaml --market FX_MIX --fold 11 --variant V2 --seed 0 --out results/full_optimal > logs/full_optimal/FX_MIX_f11_V2_s0.log 2>&1
287	:	1778889627.204	  3008.315	0	0	0	0	python scripts/run_one.py --config src/configs/full_optimal_fx_mix.yaml --market FX_MIX --fold 11 --variant V2 --seed 1 --out results/full_optimal > logs/full_optimal/FX_MIX_f11_V2_s1.log 2>&1
288	:	1778889693.527	  3002.087	0	0	0	0	python scripts/run_one.py --config src/configs/full_optimal_fx_mix.yaml --market FX_MIX --fold 11 --variant V2 --seed 2 --out results/full_optimal > logs/full_optimal/FX_MIX_f11_V2_s2.log 2>&1
289	:	1778889722.604	  2988.824	0	0	0	0	python scripts/run_one.py --config src/configs/full_optimal_fx_mix.yaml --market FX_MIX --fold 11 --variant V2 --seed 3 --out results/full_optimal > logs/full_optimal/FX_MIX_f11_V2_s3.log 2>&1
291	:	1778892155.195	   564.238	0	0	0	0	python scripts/run_one.py --config src/configs/full_optimal_fx_mix.yaml --market FX_MIX --fold 11 --variant V3 --seed 0 --out results/full_optimal > logs/full_optimal/FX_MIX_f11_V3_s0.log 2>&1
290	:	1778889744.144	  3014.645	0	0	0	0	python scripts/run_one.py --config src/configs/full_optimal_fx_mix.yaml --market FX_MIX --fold 11 --variant V2 --seed 4 --out results/full_optimal > logs/full_optimal/FX_MIX_f11_V2_s4.log 2>&1
292	:	1778892235.330	   567.685	0	0	0	0	python scripts/run_one.py --config src/configs/full_optimal_fx_mix.yaml --market FX_MIX --fold 11 --variant V3 --seed 1 --out results/full_optimal > logs/full_optimal/FX_MIX_f11_V3_s1.log 2>&1
293	:	1778892255.604	   561.981	0	0	0	0	python scripts/run_one.py --config src/configs/full_optimal_fx_mix.yaml --market FX_MIX --fold 11 --variant V3 --seed 2 --out results/full_optimal > logs/full_optimal/FX_MIX_f11_V3_s2.log 2>&1
294	:	1778892261.119	   564.929	0	0	0	0	python scripts/run_one.py --config src/configs/full_optimal_fx_mix.yaml --market FX_MIX --fold 11 --variant V3 --seed 3 --out results/full_optimal > logs/full_optimal/FX_MIX_f11_V3_s3.log 2>&1
295	:	1778892268.213	   561.205	0	0	0	0	python scripts/run_one.py --config src/configs/full_optimal_fx_mix.yaml --market FX_MIX --fold 11 --variant V3 --seed 4 --out results/full_optimal > logs/full_optimal/FX_MIX_f11_V3_s4.log 2>&1
301	:	1778892758.795	   298.218	0	0	0	0	python scripts/run_one.py --config src/configs/full_optimal_fx_mix.yaml --market FX_MIX --fold 12 --variant V0 --seed 0 --out results/full_optimal > logs/full_optimal/FX_MIX_f12_V0_s0.log 2>&1
302	:	1778892803.020	   299.997	0	0	0	0	python scripts/run_one.py --config src/configs/full_optimal_fx_mix.yaml --market FX_MIX --fold 12 --variant V0 --seed 1 --out results/full_optimal > logs/full_optimal/FX_MIX_f12_V0_s1.log 2>&1
303	:	1778892817.591	   305.013	0	0	0	0	python scripts/run_one.py --config src/configs/full_optimal_fx_mix.yaml --market FX_MIX --fold 12 --variant V0 --seed 2 --out results/full_optimal > logs/full_optimal/FX_MIX_f12_V0_s2.log 2>&1
304	:	1778892826.052	   301.569	0	0	0	0	python scripts/run_one.py --config src/configs/full_optimal_fx_mix.yaml --market FX_MIX --fold 12 --variant V0 --seed 3 --out results/full_optimal > logs/full_optimal/FX_MIX_f12_V0_s3.log 2>&1
305	:	1778892829.423	   301.309	0	0	0	0	python scripts/run_one.py --config src/configs/full_optimal_fx_mix.yaml --market FX_MIX --fold 12 --variant V0 --seed 4 --out results/full_optimal > logs/full_optimal/FX_MIX_f12_V0_s4.log 2>&1
306	:	1778893057.019	   303.430	0	0	0	0	python scripts/run_one.py --config src/configs/full_optimal_fx_mix.yaml --market FX_MIX --fold 12 --variant V1 --seed 0 --out results/full_optimal > logs/full_optimal/FX_MIX_f12_V1_s0.log 2>&1
307	:	1778893103.022	   301.976	0	0	0	0	python scripts/run_one.py --config src/configs/full_optimal_fx_mix.yaml --market FX_MIX --fold 12 --variant V1 --seed 1 --out results/full_optimal > logs/full_optimal/FX_MIX_f12_V1_s1.log 2>&1
308	:	1778893122.609	   302.949	0	0	0	0	python scripts/run_one.py --config src/configs/full_optimal_fx_mix.yaml --market FX_MIX --fold 12 --variant V1 --seed 2 --out results/full_optimal > logs/full_optimal/FX_MIX_f12_V1_s2.log 2>&1
309	:	1778893127.625	   301.180	0	0	0	0	python scripts/run_one.py --config src/configs/full_optimal_fx_mix.yaml --market FX_MIX --fold 12 --variant V1 --seed 3 --out results/full_optimal > logs/full_optimal/FX_MIX_f12_V1_s3.log 2>&1
310	:	1778893130.738	   299.154	0	0	0	0	python scripts/run_one.py --config src/configs/full_optimal_fx_mix.yaml --market FX_MIX --fold 12 --variant V1 --seed 4 --out results/full_optimal > logs/full_optimal/FX_MIX_f12_V1_s4.log 2>&1
296	:	1778892575.257	  3305.312	0	0	0	0	python scripts/run_one.py --config src/configs/full_optimal_fx_mix.yaml --market FX_MIX --fold 11 --variant V4 --seed 0 --out results/full_optimal > logs/full_optimal/FX_MIX_f11_V4_s0.log 2>&1
297	:	1778892635.533	  3290.450	0	0	0	0	python scripts/run_one.py --config src/configs/full_optimal_fx_mix.yaml --market FX_MIX --fold 11 --variant V4 --seed 1 --out results/full_optimal > logs/full_optimal/FX_MIX_f11_V4_s1.log 2>&1
298	:	1778892695.619	  3288.100	0	0	0	0	python scripts/run_one.py --config src/configs/full_optimal_fx_mix.yaml --market FX_MIX --fold 11 --variant V4 --seed 2 --out results/full_optimal > logs/full_optimal/FX_MIX_f11_V4_s2.log 2>&1
300	:	1778892719.438	  3272.114	0	0	0	0	python scripts/run_one.py --config src/configs/full_optimal_fx_mix.yaml --market FX_MIX --fold 11 --variant V4 --seed 4 --out results/full_optimal > logs/full_optimal/FX_MIX_f11_V4_s4.log 2>&1
299	:	1778892711.433	  3353.583	0	0	0	0	python scripts/run_one.py --config src/configs/full_optimal_fx_mix.yaml --market FX_MIX --fold 11 --variant V4 --seed 3 --out results/full_optimal > logs/full_optimal/FX_MIX_f11_V4_s3.log 2>&1
311	:	1778893360.454	  2962.776	0	0	0	0	python scripts/run_one.py --config src/configs/full_optimal_fx_mix.yaml --market FX_MIX --fold 12 --variant V2 --seed 0 --out results/full_optimal > logs/full_optimal/FX_MIX_f12_V2_s0.log 2>&1
313	:	1778893425.562	  2977.812	0	0	0	0	python scripts/run_one.py --config src/configs/full_optimal_fx_mix.yaml --market FX_MIX --fold 12 --variant V2 --seed 2 --out results/full_optimal > logs/full_optimal/FX_MIX_f12_V2_s2.log 2>&1
315	:	1778893429.897	  2995.861	0	0	0	0	python scripts/run_one.py --config src/configs/full_optimal_fx_mix.yaml --market FX_MIX --fold 12 --variant V2 --seed 4 --out results/full_optimal > logs/full_optimal/FX_MIX_f12_V2_s4.log 2>&1
312	:	1778893405.003	  3029.569	0	0	0	0	python scripts/run_one.py --config src/configs/full_optimal_fx_mix.yaml --market FX_MIX --fold 12 --variant V2 --seed 1 --out results/full_optimal > logs/full_optimal/FX_MIX_f12_V2_s1.log 2>&1
316	:	1778895880.575	   563.796	0	0	0	0	python scripts/run_one.py --config src/configs/full_optimal_fx_mix.yaml --market FX_MIX --fold 12 --variant V3 --seed 0 --out results/full_optimal > logs/full_optimal/FX_MIX_f12_V3_s0.log 2>&1
314	:	1778893428.809	  3038.523	0	0	0	0	python scripts/run_one.py --config src/configs/full_optimal_fx_mix.yaml --market FX_MIX --fold 12 --variant V2 --seed 3 --out results/full_optimal > logs/full_optimal/FX_MIX_f12_V2_s3.log 2>&1
317	:	1778895925.989	   557.412	0	0	0	0	python scripts/run_one.py --config src/configs/full_optimal_fx_mix.yaml --market FX_MIX --fold 12 --variant V3 --seed 1 --out results/full_optimal > logs/full_optimal/FX_MIX_f12_V3_s1.log 2>&1
318	:	1778895983.731	   548.383	0	0	0	0	python scripts/run_one.py --config src/configs/full_optimal_fx_mix.yaml --market FX_MIX --fold 12 --variant V3 --seed 2 --out results/full_optimal > logs/full_optimal/FX_MIX_f12_V3_s2.log 2>&1
319	:	1778895991.555	   546.950	0	0	0	0	python scripts/run_one.py --config src/configs/full_optimal_fx_mix.yaml --market FX_MIX --fold 12 --variant V3 --seed 3 --out results/full_optimal > logs/full_optimal/FX_MIX_f12_V3_s3.log 2>&1
320	:	1778896065.022	   523.415	0	0	0	0	python scripts/run_one.py --config src/configs/full_optimal_fx_mix.yaml --market FX_MIX --fold 12 --variant V3 --seed 4 --out results/full_optimal > logs/full_optimal/FX_MIX_f12_V3_s4.log 2>&1
321	:	1778896323.234	  2125.367	0	0	0	0	python scripts/run_one.py --config src/configs/full_optimal_fx_mix.yaml --market FX_MIX --fold 12 --variant V4 --seed 0 --out results/full_optimal > logs/full_optimal/FX_MIX_f12_V4_s0.log 2>&1
322	:	1778896403.380	  2078.744	0	0	0	0	python scripts/run_one.py --config src/configs/full_optimal_fx_mix.yaml --market FX_MIX --fold 12 --variant V4 --seed 1 --out results/full_optimal > logs/full_optimal/FX_MIX_f12_V4_s1.log 2>&1
323	:	1778896425.763	  2082.349	0	0	0	0	python scripts/run_one.py --config src/configs/full_optimal_fx_mix.yaml --market FX_MIX --fold 12 --variant V4 --seed 2 --out results/full_optimal > logs/full_optimal/FX_MIX_f12_V4_s2.log 2>&1
325	:	1778896444.377	  2067.063	0	0	0	0	python scripts/run_one.py --config src/configs/full_optimal_fx_mix.yaml --market FX_MIX --fold 12 --variant V4 --seed 4 --out results/full_optimal > logs/full_optimal/FX_MIX_f12_V4_s4.log 2>&1
324	:	1778896434.575	  2101.782	0	0	0	0	python scripts/run_one.py --config src/configs/full_optimal_fx_mix.yaml --market FX_MIX --fold 12 --variant V4 --seed 3 --out results/full_optimal > logs/full_optimal/FX_MIX_f12_V4_s3.log 2>&1
