Seq	Host	Starttime	JobRuntime	Send	Receive	Exitval	Signal	Command
9	:	1778536197.999	   241.205	0	0	0	0	python scripts/run_one.py --config src/configs/full_optimal_crypto.yaml --market CRYPTO --fold 0 --variant V1 --seed 3 --out results/full_optimal > logs/full_optimal/CRYPTO_f0_V1_s3.log 2>&1
7	:	1778536197.995	   241.609	0	0	0	0	python scripts/run_one.py --config src/configs/full_optimal_crypto.yaml --market CRYPTO --fold 0 --variant V1 --seed 1 --out results/full_optimal > logs/full_optimal/CRYPTO_f0_V1_s1.log 2>&1
5	:	1778536197.992	   243.119	0	0	0	0	python scripts/run_one.py --config src/configs/full_optimal_crypto.yaml --market CRYPTO --fold 0 --variant V0 --seed 4 --out results/full_optimal > logs/full_optimal/CRYPTO_f0_V0_s4.log 2>&1
2	:	1778536197.987	   244.592	0	0	0	0	python scripts/run_one.py --config src/configs/full_optimal_crypto.yaml --market CRYPTO --fold 0 --variant V0 --seed 1 --out results/full_optimal > logs/full_optimal/CRYPTO_f0_V0_s1.log 2>&1
8	:	1778536197.997	   245.278	0	0	0	0	python scripts/run_one.py --config src/configs/full_optimal_crypto.yaml --market CRYPTO --fold 0 --variant V1 --seed 2 --out results/full_optimal > logs/full_optimal/CRYPTO_f0_V1_s2.log 2>&1
1	:	1778536197.985	   246.486	0	0	0	0	python scripts/run_one.py --config src/configs/full_optimal_crypto.yaml --market CRYPTO --fold 0 --variant V0 --seed 0 --out results/full_optimal > logs/full_optimal/CRYPTO_f0_V0_s0.log 2>&1
6	:	1778536197.994	   248.332	0	0	0	0	python scripts/run_one.py --config src/configs/full_optimal_crypto.yaml --market CRYPTO --fold 0 --variant V1 --seed 0 --out results/full_optimal > logs/full_optimal/CRYPTO_f0_V1_s0.log 2>&1
10	:	1778536198.001	   255.963	0	0	0	0	python scripts/run_one.py --config src/configs/full_optimal_crypto.yaml --market CRYPTO --fold 0 --variant V1 --seed 4 --out results/full_optimal > logs/full_optimal/CRYPTO_f0_V1_s4.log 2>&1
4	:	1778536197.990	   257.201	0	0	0	0	python scripts/run_one.py --config src/configs/full_optimal_crypto.yaml --market CRYPTO --fold 0 --variant V0 --seed 3 --out results/full_optimal > logs/full_optimal/CRYPTO_f0_V0_s3.log 2>&1
3	:	1778536197.988	   257.689	0	0	0	0	python scripts/run_one.py --config src/configs/full_optimal_crypto.yaml --market CRYPTO --fold 0 --variant V0 --seed 2 --out results/full_optimal > logs/full_optimal/CRYPTO_f0_V0_s2.log 2>&1
26	:	1778536455.683	   184.948	0	0	0	0	python scripts/run_one.py --config src/configs/full_optimal_crypto.yaml --market CRYPTO --fold 1 --variant V0 --seed 0 --out results/full_optimal > logs/full_optimal/CRYPTO_f1_V0_s0.log 2>&1
16	:	1778536198.017	   460.828	0	0	0	0	python scripts/run_one.py --config src/configs/full_optimal_crypto.yaml --market CRYPTO --fold 0 --variant V3 --seed 0 --out results/full_optimal > logs/full_optimal/CRYPTO_f0_V3_s0.log 2>&1
27	:	1778536640.637	   205.069	0	0	0	0	python scripts/run_one.py --config src/configs/full_optimal_crypto.yaml --market CRYPTO --fold 1 --variant V0 --seed 1 --out results/full_optimal > logs/full_optimal/CRYPTO_f1_V0_s1.log 2>&1
28	:	1778536658.851	   199.701	0	0	0	0	python scripts/run_one.py --config src/configs/full_optimal_crypto.yaml --market CRYPTO --fold 1 --variant V0 --seed 2 --out results/full_optimal > logs/full_optimal/CRYPTO_f1_V0_s2.log 2>&1
19	:	1778536441.118	   425.644	0	0	0	0	python scripts/run_one.py --config src/configs/full_optimal_crypto.yaml --market CRYPTO --fold 0 --variant V3 --seed 3 --out results/full_optimal > logs/full_optimal/CRYPTO_f0_V3_s3.log 2>&1
17	:	1778536439.214	   432.726	0	0	0	0	python scripts/run_one.py --config src/configs/full_optimal_crypto.yaml --market CRYPTO --fold 0 --variant V3 --seed 1 --out results/full_optimal > logs/full_optimal/CRYPTO_f0_V3_s1.log 2>&1
20	:	1778536442.586	   442.746	0	0	0	0	python scripts/run_one.py --config src/configs/full_optimal_crypto.yaml --market CRYPTO --fold 0 --variant V3 --seed 4 --out results/full_optimal > logs/full_optimal/CRYPTO_f0_V3_s4.log 2>&1
18	:	1778536439.611	   453.384	0	0	0	0	python scripts/run_one.py --config src/configs/full_optimal_crypto.yaml --market CRYPTO --fold 0 --variant V3 --seed 2 --out results/full_optimal > logs/full_optimal/CRYPTO_f0_V3_s2.log 2>&1
29	:	1778536845.712	   227.009	0	0	0	0	python scripts/run_one.py --config src/configs/full_optimal_crypto.yaml --market CRYPTO --fold 1 --variant V0 --seed 3 --out results/full_optimal > logs/full_optimal/CRYPTO_f1_V0_s3.log 2>&1
31	:	1778536866.768	   207.206	0	0	0	0	python scripts/run_one.py --config src/configs/full_optimal_crypto.yaml --market CRYPTO --fold 1 --variant V1 --seed 0 --out results/full_optimal > logs/full_optimal/CRYPTO_f1_V1_s0.log 2>&1
32	:	1778536871.946	   207.817	0	0	0	0	python scripts/run_one.py --config src/configs/full_optimal_crypto.yaml --market CRYPTO --fold 1 --variant V1 --seed 1 --out results/full_optimal > logs/full_optimal/CRYPTO_f1_V1_s1.log 2>&1
30	:	1778536858.558	   225.412	0	0	0	0	python scripts/run_one.py --config src/configs/full_optimal_crypto.yaml --market CRYPTO --fold 1 --variant V0 --seed 4 --out results/full_optimal > logs/full_optimal/CRYPTO_f1_V0_s4.log 2>&1
33	:	1778536885.338	   209.256	0	0	0	0	python scripts/run_one.py --config src/configs/full_optimal_crypto.yaml --market CRYPTO --fold 1 --variant V1 --seed 2 --out results/full_optimal > logs/full_optimal/CRYPTO_f1_V1_s2.log 2>&1
34	:	1778536893.002	   221.903	0	0	0	0	python scripts/run_one.py --config src/configs/full_optimal_crypto.yaml --market CRYPTO --fold 1 --variant V1 --seed 3 --out results/full_optimal > logs/full_optimal/CRYPTO_f1_V1_s3.log 2>&1
35	:	1778537072.727	   199.125	0	0	0	0	python scripts/run_one.py --config src/configs/full_optimal_crypto.yaml --market CRYPTO --fold 1 --variant V1 --seed 4 --out results/full_optimal > logs/full_optimal/CRYPTO_f1_V1_s4.log 2>&1
41	:	1778537271.858	   412.941	0	0	0	0	python scripts/run_one.py --config src/configs/full_optimal_crypto.yaml --market CRYPTO --fold 1 --variant V3 --seed 0 --out results/full_optimal > logs/full_optimal/CRYPTO_f1_V3_s0.log 2>&1
42	:	1778537684.808	   410.403	0	0	0	0	python scripts/run_one.py --config src/configs/full_optimal_crypto.yaml --market CRYPTO --fold 1 --variant V3 --seed 1 --out results/full_optimal > logs/full_optimal/CRYPTO_f1_V3_s1.log 2>&1
43	:	1778538095.217	   401.257	0	0	0	0	python scripts/run_one.py --config src/configs/full_optimal_crypto.yaml --market CRYPTO --fold 1 --variant V3 --seed 2 --out results/full_optimal > logs/full_optimal/CRYPTO_f1_V3_s2.log 2>&1
44	:	1778538496.479	   397.481	0	0	0	0	python scripts/run_one.py --config src/configs/full_optimal_crypto.yaml --market CRYPTO --fold 1 --variant V3 --seed 3 --out results/full_optimal > logs/full_optimal/CRYPTO_f1_V3_s3.log 2>&1
45	:	1778538893.966	   395.676	0	0	0	0	python scripts/run_one.py --config src/configs/full_optimal_crypto.yaml --market CRYPTO --fold 1 --variant V3 --seed 4 --out results/full_optimal > logs/full_optimal/CRYPTO_f1_V3_s4.log 2>&1
11	:	1778536198.004	  3100.059	0	0	0	0	python scripts/run_one.py --config src/configs/full_optimal_crypto.yaml --market CRYPTO --fold 0 --variant V2 --seed 0 --out results/full_optimal > logs/full_optimal/CRYPTO_f0_V2_s0.log 2>&1
13	:	1778536198.009	  3120.016	0	0	0	0	python scripts/run_one.py --config src/configs/full_optimal_crypto.yaml --market CRYPTO --fold 0 --variant V2 --seed 2 --out results/full_optimal > logs/full_optimal/CRYPTO_f0_V2_s2.log 2>&1
14	:	1778536198.011	  3121.218	0	0	0	0	python scripts/run_one.py --config src/configs/full_optimal_crypto.yaml --market CRYPTO --fold 0 --variant V2 --seed 3 --out results/full_optimal > logs/full_optimal/CRYPTO_f0_V2_s3.log 2>&1
12	:	1778536198.006	  3204.819	0	0	0	0	python scripts/run_one.py --config src/configs/full_optimal_crypto.yaml --market CRYPTO --fold 0 --variant V2 --seed 1 --out results/full_optimal > logs/full_optimal/CRYPTO_f0_V2_s1.log 2>&1
15	:	1778536198.014	  3226.646	0	0	0	0	python scripts/run_one.py --config src/configs/full_optimal_crypto.yaml --market CRYPTO --fold 0 --variant V2 --seed 4 --out results/full_optimal > logs/full_optimal/CRYPTO_f0_V2_s4.log 2>&1
51	:	1778539424.670	   167.286	0	0	0	0	python scripts/run_one.py --config src/configs/full_optimal_crypto.yaml --market CRYPTO --fold 2 --variant V0 --seed 0 --out results/full_optimal > logs/full_optimal/CRYPTO_f2_V0_s0.log 2>&1
52	:	1778539591.962	   167.157	0	0	0	0	python scripts/run_one.py --config src/configs/full_optimal_crypto.yaml --market CRYPTO --fold 2 --variant V0 --seed 1 --out results/full_optimal > logs/full_optimal/CRYPTO_f2_V0_s1.log 2>&1
21	:	1778536443.279	  3319.442	0	0	0	0	python scripts/run_one.py --config src/configs/full_optimal_crypto.yaml --market CRYPTO --fold 0 --variant V4 --seed 0 --out results/full_optimal > logs/full_optimal/CRYPTO_f0_V4_s0.log 2>&1
24	:	1778536453.970	  3341.013	0	0	0	0	python scripts/run_one.py --config src/configs/full_optimal_crypto.yaml --market CRYPTO --fold 0 --variant V4 --seed 3 --out results/full_optimal > logs/full_optimal/CRYPTO_f0_V4_s3.log 2>&1
25	:	1778536455.197	  3344.174	0	0	0	0	python scripts/run_one.py --config src/configs/full_optimal_crypto.yaml --market CRYPTO --fold 0 --variant V4 --seed 4 --out results/full_optimal > logs/full_optimal/CRYPTO_f0_V4_s4.log 2>&1
23	:	1778536446.333	  3353.078	0	0	0	0	python scripts/run_one.py --config src/configs/full_optimal_crypto.yaml --market CRYPTO --fold 0 --variant V4 --seed 2 --out results/full_optimal > logs/full_optimal/CRYPTO_f0_V4_s2.log 2>&1
22	:	1778536444.480	  3429.115	0	0	0	0	python scripts/run_one.py --config src/configs/full_optimal_crypto.yaml --market CRYPTO --fold 0 --variant V4 --seed 1 --out results/full_optimal > logs/full_optimal/CRYPTO_f0_V4_s1.log 2>&1
53	:	1778539759.124	   191.768	0	0	0	0	python scripts/run_one.py --config src/configs/full_optimal_crypto.yaml --market CRYPTO --fold 2 --variant V0 --seed 2 --out results/full_optimal > logs/full_optimal/CRYPTO_f2_V0_s2.log 2>&1
54	:	1778539762.727	   188.676	0	0	0	0	python scripts/run_one.py --config src/configs/full_optimal_crypto.yaml --market CRYPTO --fold 2 --variant V0 --seed 3 --out results/full_optimal > logs/full_optimal/CRYPTO_f2_V0_s3.log 2>&1
55	:	1778539794.989	   194.721	0	0	0	0	python scripts/run_one.py --config src/configs/full_optimal_crypto.yaml --market CRYPTO --fold 2 --variant V0 --seed 4 --out results/full_optimal > logs/full_optimal/CRYPTO_f2_V0_s4.log 2>&1
56	:	1778539799.376	   191.879	0	0	0	0	python scripts/run_one.py --config src/configs/full_optimal_crypto.yaml --market CRYPTO --fold 2 --variant V1 --seed 0 --out results/full_optimal > logs/full_optimal/CRYPTO_f2_V1_s0.log 2>&1
57	:	1778539799.416	   196.290	0	0	0	0	python scripts/run_one.py --config src/configs/full_optimal_crypto.yaml --market CRYPTO --fold 2 --variant V1 --seed 1 --out results/full_optimal > logs/full_optimal/CRYPTO_f2_V1_s1.log 2>&1
58	:	1778539873.601	   186.473	0	0	0	0	python scripts/run_one.py --config src/configs/full_optimal_crypto.yaml --market CRYPTO --fold 2 --variant V1 --seed 2 --out results/full_optimal > logs/full_optimal/CRYPTO_f2_V1_s2.log 2>&1
60	:	1778539951.406	   177.439	0	0	0	0	python scripts/run_one.py --config src/configs/full_optimal_crypto.yaml --market CRYPTO --fold 2 --variant V1 --seed 4 --out results/full_optimal > logs/full_optimal/CRYPTO_f2_V1_s4.log 2>&1
59	:	1778539950.899	   181.899	0	0	0	0	python scripts/run_one.py --config src/configs/full_optimal_crypto.yaml --market CRYPTO --fold 2 --variant V1 --seed 3 --out results/full_optimal > logs/full_optimal/CRYPTO_f2_V1_s3.log 2>&1
36	:	1778537073.979	  3061.573	0	0	0	0	python scripts/run_one.py --config src/configs/full_optimal_crypto.yaml --market CRYPTO --fold 1 --variant V2 --seed 0 --out results/full_optimal > logs/full_optimal/CRYPTO_f1_V2_s0.log 2>&1
38	:	1778537083.980	  3122.637	0	0	0	0	python scripts/run_one.py --config src/configs/full_optimal_crypto.yaml --market CRYPTO --fold 1 --variant V2 --seed 2 --out results/full_optimal > logs/full_optimal/CRYPTO_f1_V2_s2.log 2>&1
37	:	1778537079.770	  3160.428	0	0	0	0	python scripts/run_one.py --config src/configs/full_optimal_crypto.yaml --market CRYPTO --fold 1 --variant V2 --seed 1 --out results/full_optimal > logs/full_optimal/CRYPTO_f1_V2_s1.log 2>&1
39	:	1778537094.599	  3157.255	0	0	0	0	python scripts/run_one.py --config src/configs/full_optimal_crypto.yaml --market CRYPTO --fold 1 --variant V2 --seed 3 --out results/full_optimal > logs/full_optimal/CRYPTO_f1_V2_s3.log 2>&1
40	:	1778537114.913	  3142.908	0	0	0	0	python scripts/run_one.py --config src/configs/full_optimal_crypto.yaml --market CRYPTO --fold 1 --variant V2 --seed 4 --out results/full_optimal > logs/full_optimal/CRYPTO_f1_V2_s4.log 2>&1
67	:	1778540135.558	   399.987	0	0	0	0	python scripts/run_one.py --config src/configs/full_optimal_crypto.yaml --market CRYPTO --fold 2 --variant V3 --seed 1 --out results/full_optimal > logs/full_optimal/CRYPTO_f2_V3_s1.log 2>&1
66	:	1778540132.803	   411.193	0	0	0	0	python scripts/run_one.py --config src/configs/full_optimal_crypto.yaml --market CRYPTO --fold 2 --variant V3 --seed 0 --out results/full_optimal > logs/full_optimal/CRYPTO_f2_V3_s0.log 2>&1
68	:	1778540206.621	   413.168	0	0	0	0	python scripts/run_one.py --config src/configs/full_optimal_crypto.yaml --market CRYPTO --fold 2 --variant V3 --seed 2 --out results/full_optimal > logs/full_optimal/CRYPTO_f2_V3_s2.log 2>&1
69	:	1778540240.208	   412.788	0	0	0	0	python scripts/run_one.py --config src/configs/full_optimal_crypto.yaml --market CRYPTO --fold 2 --variant V3 --seed 3 --out results/full_optimal > logs/full_optimal/CRYPTO_f2_V3_s3.log 2>&1
70	:	1778540251.859	   405.222	0	0	0	0	python scripts/run_one.py --config src/configs/full_optimal_crypto.yaml --market CRYPTO --fold 2 --variant V3 --seed 4 --out results/full_optimal > logs/full_optimal/CRYPTO_f2_V3_s4.log 2>&1
76	:	1778540657.085	   163.315	0	0	0	0	python scripts/run_one.py --config src/configs/full_optimal_crypto.yaml --market CRYPTO --fold 3 --variant V0 --seed 0 --out results/full_optimal > logs/full_optimal/CRYPTO_f3_V0_s0.log 2>&1
77	:	1778540820.406	   163.274	0	0	0	0	python scripts/run_one.py --config src/configs/full_optimal_crypto.yaml --market CRYPTO --fold 3 --variant V0 --seed 1 --out results/full_optimal > logs/full_optimal/CRYPTO_f3_V0_s1.log 2>&1
78	:	1778540983.684	   165.770	0	0	0	0	python scripts/run_one.py --config src/configs/full_optimal_crypto.yaml --market CRYPTO --fold 3 --variant V0 --seed 2 --out results/full_optimal > logs/full_optimal/CRYPTO_f3_V0_s2.log 2>&1
79	:	1778541149.460	   162.453	0	0	0	0	python scripts/run_one.py --config src/configs/full_optimal_crypto.yaml --market CRYPTO --fold 3 --variant V0 --seed 3 --out results/full_optimal > logs/full_optimal/CRYPTO_f3_V0_s3.log 2>&1
80	:	1778541311.918	   168.148	0	0	0	0	python scripts/run_one.py --config src/configs/full_optimal_crypto.yaml --market CRYPTO --fold 3 --variant V0 --seed 4 --out results/full_optimal > logs/full_optimal/CRYPTO_f3_V0_s4.log 2>&1
81	:	1778541480.071	   169.719	0	0	0	0	python scripts/run_one.py --config src/configs/full_optimal_crypto.yaml --market CRYPTO --fold 3 --variant V1 --seed 0 --out results/full_optimal > logs/full_optimal/CRYPTO_f3_V1_s0.log 2>&1
82	:	1778541649.796	   163.467	0	0	0	0	python scripts/run_one.py --config src/configs/full_optimal_crypto.yaml --market CRYPTO --fold 3 --variant V1 --seed 1 --out results/full_optimal > logs/full_optimal/CRYPTO_f3_V1_s1.log 2>&1
83	:	1778541813.268	   163.826	0	0	0	0	python scripts/run_one.py --config src/configs/full_optimal_crypto.yaml --market CRYPTO --fold 3 --variant V1 --seed 2 --out results/full_optimal > logs/full_optimal/CRYPTO_f3_V1_s2.log 2>&1
84	:	1778541977.097	   162.761	0	0	0	0	python scripts/run_one.py --config src/configs/full_optimal_crypto.yaml --market CRYPTO --fold 3 --variant V1 --seed 3 --out results/full_optimal > logs/full_optimal/CRYPTO_f3_V1_s3.log 2>&1
85	:	1778542139.864	   168.205	0	0	0	0	python scripts/run_one.py --config src/configs/full_optimal_crypto.yaml --market CRYPTO --fold 3 --variant V1 --seed 4 --out results/full_optimal > logs/full_optimal/CRYPTO_f3_V1_s4.log 2>&1
46	:	1778539289.647	  3292.754	0	0	0	0	python scripts/run_one.py --config src/configs/full_optimal_crypto.yaml --market CRYPTO --fold 1 --variant V4 --seed 0 --out results/full_optimal > logs/full_optimal/CRYPTO_f1_V4_s0.log 2>&1
48	:	1778539318.031	  3316.453	0	0	0	0	python scripts/run_one.py --config src/configs/full_optimal_crypto.yaml --market CRYPTO --fold 1 --variant V4 --seed 2 --out results/full_optimal > logs/full_optimal/CRYPTO_f1_V4_s2.log 2>&1
47	:	1778539298.069	  3354.048	0	0	0	0	python scripts/run_one.py --config src/configs/full_optimal_crypto.yaml --market CRYPTO --fold 1 --variant V4 --seed 1 --out results/full_optimal > logs/full_optimal/CRYPTO_f1_V4_s1.log 2>&1
49	:	1778539319.235	  3340.693	0	0	0	0	python scripts/run_one.py --config src/configs/full_optimal_crypto.yaml --market CRYPTO --fold 1 --variant V4 --seed 3 --out results/full_optimal > logs/full_optimal/CRYPTO_f1_V4_s3.log 2>&1
50	:	1778539402.830	  3327.634	0	0	0	0	python scripts/run_one.py --config src/configs/full_optimal_crypto.yaml --market CRYPTO --fold 1 --variant V4 --seed 4 --out results/full_optimal > logs/full_optimal/CRYPTO_f1_V4_s4.log 2>&1
61	:	1778539989.716	  3022.540	0	0	0	0	python scripts/run_one.py --config src/configs/full_optimal_crypto.yaml --market CRYPTO --fold 2 --variant V2 --seed 0 --out results/full_optimal > logs/full_optimal/CRYPTO_f2_V2_s0.log 2>&1
62	:	1778539991.260	  3082.723	0	0	0	0	python scripts/run_one.py --config src/configs/full_optimal_crypto.yaml --market CRYPTO --fold 2 --variant V2 --seed 1 --out results/full_optimal > logs/full_optimal/CRYPTO_f2_V2_s1.log 2>&1
63	:	1778539995.712	  3096.921	0	0	0	0	python scripts/run_one.py --config src/configs/full_optimal_crypto.yaml --market CRYPTO --fold 2 --variant V2 --seed 2 --out results/full_optimal > logs/full_optimal/CRYPTO_f2_V2_s2.log 2>&1
91	:	1778542730.468	   397.766	0	0	0	0	python scripts/run_one.py --config src/configs/full_optimal_crypto.yaml --market CRYPTO --fold 3 --variant V3 --seed 0 --out results/full_optimal > logs/full_optimal/CRYPTO_f3_V3_s0.log 2>&1
64	:	1778540060.081	  3069.288	0	0	0	0	python scripts/run_one.py --config src/configs/full_optimal_crypto.yaml --market CRYPTO --fold 2 --variant V2 --seed 3 --out results/full_optimal > logs/full_optimal/CRYPTO_f2_V2_s3.log 2>&1
65	:	1778540128.848	  3077.960	0	0	0	0	python scripts/run_one.py --config src/configs/full_optimal_crypto.yaml --market CRYPTO --fold 2 --variant V2 --seed 4 --out results/full_optimal > logs/full_optimal/CRYPTO_f2_V2_s4.log 2>&1
92	:	1778543012.261	   412.814	0	0	0	0	python scripts/run_one.py --config src/configs/full_optimal_crypto.yaml --market CRYPTO --fold 3 --variant V3 --seed 1 --out results/full_optimal > logs/full_optimal/CRYPTO_f3_V3_s1.log 2>&1
93	:	1778543073.989	   411.036	0	0	0	0	python scripts/run_one.py --config src/configs/full_optimal_crypto.yaml --market CRYPTO --fold 3 --variant V3 --seed 2 --out results/full_optimal > logs/full_optimal/CRYPTO_f3_V3_s2.log 2>&1
94	:	1778543092.638	   415.792	0	0	0	0	python scripts/run_one.py --config src/configs/full_optimal_crypto.yaml --market CRYPTO --fold 3 --variant V3 --seed 3 --out results/full_optimal > logs/full_optimal/CRYPTO_f3_V3_s3.log 2>&1
95	:	1778543128.239	   411.564	0	0	0	0	python scripts/run_one.py --config src/configs/full_optimal_crypto.yaml --market CRYPTO --fold 3 --variant V3 --seed 4 --out results/full_optimal > logs/full_optimal/CRYPTO_f3_V3_s4.log 2>&1
101	:	1778543539.808	     3.424	0	0	0	0	python scripts/run_one.py --config src/configs/full_optimal_crypto.yaml --market CRYPTO --fold 4 --variant V0 --seed 0 --out results/full_optimal > logs/full_optimal/CRYPTO_f4_V0_s0.log 2>&1
102	:	1778543543.239	     3.399	0	0	0	0	python scripts/run_one.py --config src/configs/full_optimal_crypto.yaml --market CRYPTO --fold 4 --variant V0 --seed 1 --out results/full_optimal > logs/full_optimal/CRYPTO_f4_V0_s1.log 2>&1
103	:	1778543546.644	     3.269	0	0	0	0	python scripts/run_one.py --config src/configs/full_optimal_crypto.yaml --market CRYPTO --fold 4 --variant V0 --seed 2 --out results/full_optimal > logs/full_optimal/CRYPTO_f4_V0_s2.log 2>&1
104	:	1778543549.918	     3.437	0	0	0	0	python scripts/run_one.py --config src/configs/full_optimal_crypto.yaml --market CRYPTO --fold 4 --variant V0 --seed 3 --out results/full_optimal > logs/full_optimal/CRYPTO_f4_V0_s3.log 2>&1
105	:	1778543553.361	     3.417	0	0	0	0	python scripts/run_one.py --config src/configs/full_optimal_crypto.yaml --market CRYPTO --fold 4 --variant V0 --seed 4 --out results/full_optimal > logs/full_optimal/CRYPTO_f4_V0_s4.log 2>&1
106	:	1778543556.783	     3.312	0	0	0	0	python scripts/run_one.py --config src/configs/full_optimal_crypto.yaml --market CRYPTO --fold 4 --variant V1 --seed 0 --out results/full_optimal > logs/full_optimal/CRYPTO_f4_V1_s0.log 2>&1
107	:	1778543560.099	     3.305	0	0	0	0	python scripts/run_one.py --config src/configs/full_optimal_crypto.yaml --market CRYPTO --fold 4 --variant V1 --seed 1 --out results/full_optimal > logs/full_optimal/CRYPTO_f4_V1_s1.log 2>&1
108	:	1778543563.409	     3.272	0	0	0	0	python scripts/run_one.py --config src/configs/full_optimal_crypto.yaml --market CRYPTO --fold 4 --variant V1 --seed 2 --out results/full_optimal > logs/full_optimal/CRYPTO_f4_V1_s2.log 2>&1
109	:	1778543566.686	     3.325	0	0	0	0	python scripts/run_one.py --config src/configs/full_optimal_crypto.yaml --market CRYPTO --fold 4 --variant V1 --seed 3 --out results/full_optimal > logs/full_optimal/CRYPTO_f4_V1_s3.log 2>&1
110	:	1778543570.018	     3.304	0	0	0	0	python scripts/run_one.py --config src/configs/full_optimal_crypto.yaml --market CRYPTO --fold 4 --variant V1 --seed 4 --out results/full_optimal > logs/full_optimal/CRYPTO_f4_V1_s4.log 2>&1
111	:	1778543573.327	     3.396	0	0	0	0	python scripts/run_one.py --config src/configs/full_optimal_crypto.yaml --market CRYPTO --fold 4 --variant V2 --seed 0 --out results/full_optimal > logs/full_optimal/CRYPTO_f4_V2_s0.log 2>&1
112	:	1778543576.728	     3.429	0	0	0	0	python scripts/run_one.py --config src/configs/full_optimal_crypto.yaml --market CRYPTO --fold 4 --variant V2 --seed 1 --out results/full_optimal > logs/full_optimal/CRYPTO_f4_V2_s1.log 2>&1
113	:	1778543580.162	     3.455	0	0	0	0	python scripts/run_one.py --config src/configs/full_optimal_crypto.yaml --market CRYPTO --fold 4 --variant V2 --seed 2 --out results/full_optimal > logs/full_optimal/CRYPTO_f4_V2_s2.log 2>&1
114	:	1778543583.622	     3.388	0	0	0	0	python scripts/run_one.py --config src/configs/full_optimal_crypto.yaml --market CRYPTO --fold 4 --variant V2 --seed 3 --out results/full_optimal > logs/full_optimal/CRYPTO_f4_V2_s3.log 2>&1
115	:	1778543587.014	     3.373	0	0	0	0	python scripts/run_one.py --config src/configs/full_optimal_crypto.yaml --market CRYPTO --fold 4 --variant V2 --seed 4 --out results/full_optimal > logs/full_optimal/CRYPTO_f4_V2_s4.log 2>&1
116	:	1778543590.391	     3.310	0	0	0	0	python scripts/run_one.py --config src/configs/full_optimal_crypto.yaml --market CRYPTO --fold 4 --variant V3 --seed 0 --out results/full_optimal > logs/full_optimal/CRYPTO_f4_V3_s0.log 2>&1
71	:	1778540257.828	  3336.307	0	0	0	0	python scripts/run_one.py --config src/configs/full_optimal_crypto.yaml --market CRYPTO --fold 2 --variant V4 --seed 0 --out results/full_optimal > logs/full_optimal/CRYPTO_f2_V4_s0.log 2>&1
117	:	1778543593.707	     3.401	0	0	0	0	python scripts/run_one.py --config src/configs/full_optimal_crypto.yaml --market CRYPTO --fold 4 --variant V3 --seed 1 --out results/full_optimal > logs/full_optimal/CRYPTO_f4_V3_s1.log 2>&1
118	:	1778543594.141	     3.447	0	0	0	0	python scripts/run_one.py --config src/configs/full_optimal_crypto.yaml --market CRYPTO --fold 4 --variant V3 --seed 2 --out results/full_optimal > logs/full_optimal/CRYPTO_f4_V3_s2.log 2>&1
119	:	1778543597.113	     3.491	0	0	0	0	python scripts/run_one.py --config src/configs/full_optimal_crypto.yaml --market CRYPTO --fold 4 --variant V3 --seed 3 --out results/full_optimal > logs/full_optimal/CRYPTO_f4_V3_s3.log 2>&1
120	:	1778543597.594	     3.473	0	0	0	0	python scripts/run_one.py --config src/configs/full_optimal_crypto.yaml --market CRYPTO --fold 4 --variant V3 --seed 4 --out results/full_optimal > logs/full_optimal/CRYPTO_f4_V3_s4.log 2>&1
121	:	1778543600.609	     3.348	0	0	0	0	python scripts/run_one.py --config src/configs/full_optimal_crypto.yaml --market CRYPTO --fold 4 --variant V4 --seed 0 --out results/full_optimal > logs/full_optimal/CRYPTO_f4_V4_s0.log 2>&1
122	:	1778543601.072	     3.315	0	0	0	0	python scripts/run_one.py --config src/configs/full_optimal_crypto.yaml --market CRYPTO --fold 4 --variant V4 --seed 1 --out results/full_optimal > logs/full_optimal/CRYPTO_f4_V4_s1.log 2>&1
123	:	1778543603.963	     3.483	0	0	0	0	python scripts/run_one.py --config src/configs/full_optimal_crypto.yaml --market CRYPTO --fold 4 --variant V4 --seed 2 --out results/full_optimal > logs/full_optimal/CRYPTO_f4_V4_s2.log 2>&1
124	:	1778543604.392	     3.450	0	0	0	0	python scripts/run_one.py --config src/configs/full_optimal_crypto.yaml --market CRYPTO --fold 4 --variant V4 --seed 3 --out results/full_optimal > logs/full_optimal/CRYPTO_f4_V4_s3.log 2>&1
125	:	1778543607.451	     3.408	0	0	0	0	python scripts/run_one.py --config src/configs/full_optimal_crypto.yaml --market CRYPTO --fold 4 --variant V4 --seed 4 --out results/full_optimal > logs/full_optimal/CRYPTO_f4_V4_s4.log 2>&1
126	:	1778543607.846	     3.400	0	0	0	0	python scripts/run_one.py --config src/configs/full_optimal_crypto.yaml --market CRYPTO --fold 5 --variant V0 --seed 0 --out results/full_optimal > logs/full_optimal/CRYPTO_f5_V0_s0.log 2>&1
127	:	1778543610.864	     3.391	0	0	0	0	python scripts/run_one.py --config src/configs/full_optimal_crypto.yaml --market CRYPTO --fold 5 --variant V0 --seed 1 --out results/full_optimal > logs/full_optimal/CRYPTO_f5_V0_s1.log 2>&1
128	:	1778543611.251	     3.381	0	0	0	0	python scripts/run_one.py --config src/configs/full_optimal_crypto.yaml --market CRYPTO --fold 5 --variant V0 --seed 2 --out results/full_optimal > logs/full_optimal/CRYPTO_f5_V0_s2.log 2>&1
129	:	1778543614.259	     3.411	0	0	0	0	python scripts/run_one.py --config src/configs/full_optimal_crypto.yaml --market CRYPTO --fold 5 --variant V0 --seed 3 --out results/full_optimal > logs/full_optimal/CRYPTO_f5_V0_s3.log 2>&1
130	:	1778543614.637	     3.412	0	0	0	0	python scripts/run_one.py --config src/configs/full_optimal_crypto.yaml --market CRYPTO --fold 5 --variant V0 --seed 4 --out results/full_optimal > logs/full_optimal/CRYPTO_f5_V0_s4.log 2>&1
131	:	1778543617.675	     3.475	0	0	0	0	python scripts/run_one.py --config src/configs/full_optimal_crypto.yaml --market CRYPTO --fold 5 --variant V1 --seed 0 --out results/full_optimal > logs/full_optimal/CRYPTO_f5_V1_s0.log 2>&1
132	:	1778543618.055	     3.435	0	0	0	0	python scripts/run_one.py --config src/configs/full_optimal_crypto.yaml --market CRYPTO --fold 5 --variant V1 --seed 1 --out results/full_optimal > logs/full_optimal/CRYPTO_f5_V1_s1.log 2>&1
133	:	1778543621.155	     3.427	0	0	0	0	python scripts/run_one.py --config src/configs/full_optimal_crypto.yaml --market CRYPTO --fold 5 --variant V1 --seed 2 --out results/full_optimal > logs/full_optimal/CRYPTO_f5_V1_s2.log 2>&1
134	:	1778543621.495	     3.408	0	0	0	0	python scripts/run_one.py --config src/configs/full_optimal_crypto.yaml --market CRYPTO --fold 5 --variant V1 --seed 3 --out results/full_optimal > logs/full_optimal/CRYPTO_f5_V1_s3.log 2>&1
135	:	1778543624.587	     3.420	0	0	0	0	python scripts/run_one.py --config src/configs/full_optimal_crypto.yaml --market CRYPTO --fold 5 --variant V1 --seed 4 --out results/full_optimal > logs/full_optimal/CRYPTO_f5_V1_s4.log 2>&1
136	:	1778543624.907	     3.394	0	0	0	0	python scripts/run_one.py --config src/configs/full_optimal_crypto.yaml --market CRYPTO --fold 5 --variant V2 --seed 0 --out results/full_optimal > logs/full_optimal/CRYPTO_f5_V2_s0.log 2>&1
137	:	1778543628.012	     3.430	0	0	0	0	python scripts/run_one.py --config src/configs/full_optimal_crypto.yaml --market CRYPTO --fold 5 --variant V2 --seed 1 --out results/full_optimal > logs/full_optimal/CRYPTO_f5_V2_s1.log 2>&1
138	:	1778543628.307	     3.361	0	0	0	0	python scripts/run_one.py --config src/configs/full_optimal_crypto.yaml --market CRYPTO --fold 5 --variant V2 --seed 2 --out results/full_optimal > logs/full_optimal/CRYPTO_f5_V2_s2.log 2>&1
139	:	1778543631.448	     3.365	0	0	0	0	python scripts/run_one.py --config src/configs/full_optimal_crypto.yaml --market CRYPTO --fold 5 --variant V2 --seed 3 --out results/full_optimal > logs/full_optimal/CRYPTO_f5_V2_s3.log 2>&1
140	:	1778543631.674	     3.365	0	0	0	0	python scripts/run_one.py --config src/configs/full_optimal_crypto.yaml --market CRYPTO --fold 5 --variant V2 --seed 4 --out results/full_optimal > logs/full_optimal/CRYPTO_f5_V2_s4.log 2>&1
141	:	1778543634.818	     3.408	0	0	0	0	python scripts/run_one.py --config src/configs/full_optimal_crypto.yaml --market CRYPTO --fold 5 --variant V3 --seed 0 --out results/full_optimal > logs/full_optimal/CRYPTO_f5_V3_s0.log 2>&1
142	:	1778543635.044	     3.394	0	0	0	0	python scripts/run_one.py --config src/configs/full_optimal_crypto.yaml --market CRYPTO --fold 5 --variant V3 --seed 1 --out results/full_optimal > logs/full_optimal/CRYPTO_f5_V3_s1.log 2>&1
143	:	1778543638.231	     3.426	0	0	0	0	python scripts/run_one.py --config src/configs/full_optimal_crypto.yaml --market CRYPTO --fold 5 --variant V3 --seed 2 --out results/full_optimal > logs/full_optimal/CRYPTO_f5_V3_s2.log 2>&1
144	:	1778543638.444	     3.404	0	0	0	0	python scripts/run_one.py --config src/configs/full_optimal_crypto.yaml --market CRYPTO --fold 5 --variant V3 --seed 3 --out results/full_optimal > logs/full_optimal/CRYPTO_f5_V3_s3.log 2>&1
145	:	1778543641.662	     3.559	0	0	0	0	python scripts/run_one.py --config src/configs/full_optimal_crypto.yaml --market CRYPTO --fold 5 --variant V3 --seed 4 --out results/full_optimal > logs/full_optimal/CRYPTO_f5_V3_s4.log 2>&1
146	:	1778543641.853	     3.478	0	0	0	0	python scripts/run_one.py --config src/configs/full_optimal_crypto.yaml --market CRYPTO --fold 5 --variant V4 --seed 0 --out results/full_optimal > logs/full_optimal/CRYPTO_f5_V4_s0.log 2>&1
147	:	1778543645.227	     3.427	0	0	0	0	python scripts/run_one.py --config src/configs/full_optimal_crypto.yaml --market CRYPTO --fold 5 --variant V4 --seed 1 --out results/full_optimal > logs/full_optimal/CRYPTO_f5_V4_s1.log 2>&1
148	:	1778543645.336	     3.378	0	0	0	0	python scripts/run_one.py --config src/configs/full_optimal_crypto.yaml --market CRYPTO --fold 5 --variant V4 --seed 2 --out results/full_optimal > logs/full_optimal/CRYPTO_f5_V4_s2.log 2>&1
149	:	1778543648.659	     3.432	0	0	0	0	python scripts/run_one.py --config src/configs/full_optimal_crypto.yaml --market CRYPTO --fold 5 --variant V4 --seed 3 --out results/full_optimal > logs/full_optimal/CRYPTO_f5_V4_s3.log 2>&1
150	:	1778543648.719	     3.461	0	0	0	0	python scripts/run_one.py --config src/configs/full_optimal_crypto.yaml --market CRYPTO --fold 5 --variant V4 --seed 4 --out results/full_optimal > logs/full_optimal/CRYPTO_f5_V4_s4.log 2>&1
151	:	1778543652.096	     3.419	0	0	0	0	python scripts/run_one.py --config src/configs/full_optimal_crypto.yaml --market CRYPTO --fold 6 --variant V0 --seed 0 --out results/full_optimal > logs/full_optimal/CRYPTO_f6_V0_s0.log 2>&1
152	:	1778543652.186	     3.455	0	0	0	0	python scripts/run_one.py --config src/configs/full_optimal_crypto.yaml --market CRYPTO --fold 6 --variant V0 --seed 1 --out results/full_optimal > logs/full_optimal/CRYPTO_f6_V0_s1.log 2>&1
153	:	1778543655.520	     3.403	0	0	0	0	python scripts/run_one.py --config src/configs/full_optimal_crypto.yaml --market CRYPTO --fold 6 --variant V0 --seed 2 --out results/full_optimal > logs/full_optimal/CRYPTO_f6_V0_s2.log 2>&1
154	:	1778543655.646	     3.367	0	0	0	0	python scripts/run_one.py --config src/configs/full_optimal_crypto.yaml --market CRYPTO --fold 6 --variant V0 --seed 3 --out results/full_optimal > logs/full_optimal/CRYPTO_f6_V0_s3.log 2>&1
155	:	1778543658.928	     3.417	0	0	0	0	python scripts/run_one.py --config src/configs/full_optimal_crypto.yaml --market CRYPTO --fold 6 --variant V0 --seed 4 --out results/full_optimal > logs/full_optimal/CRYPTO_f6_V0_s4.log 2>&1
156	:	1778543659.018	     3.390	0	0	0	0	python scripts/run_one.py --config src/configs/full_optimal_crypto.yaml --market CRYPTO --fold 6 --variant V1 --seed 0 --out results/full_optimal > logs/full_optimal/CRYPTO_f6_V1_s0.log 2>&1
157	:	1778543662.349	     3.311	0	0	0	0	python scripts/run_one.py --config src/configs/full_optimal_crypto.yaml --market CRYPTO --fold 6 --variant V1 --seed 1 --out results/full_optimal > logs/full_optimal/CRYPTO_f6_V1_s1.log 2>&1
158	:	1778543662.412	     3.314	0	0	0	0	python scripts/run_one.py --config src/configs/full_optimal_crypto.yaml --market CRYPTO --fold 6 --variant V1 --seed 2 --out results/full_optimal > logs/full_optimal/CRYPTO_f6_V1_s2.log 2>&1
159	:	1778543665.665	     3.503	0	0	0	0	python scripts/run_one.py --config src/configs/full_optimal_crypto.yaml --market CRYPTO --fold 6 --variant V1 --seed 3 --out results/full_optimal > logs/full_optimal/CRYPTO_f6_V1_s3.log 2>&1
160	:	1778543665.731	     3.447	0	0	0	0	python scripts/run_one.py --config src/configs/full_optimal_crypto.yaml --market CRYPTO --fold 6 --variant V1 --seed 4 --out results/full_optimal > logs/full_optimal/CRYPTO_f6_V1_s4.log 2>&1
161	:	1778543669.173	     3.392	0	0	0	0	python scripts/run_one.py --config src/configs/full_optimal_crypto.yaml --market CRYPTO --fold 6 --variant V2 --seed 0 --out results/full_optimal > logs/full_optimal/CRYPTO_f6_V2_s0.log 2>&1
162	:	1778543669.184	     3.398	0	0	0	0	python scripts/run_one.py --config src/configs/full_optimal_crypto.yaml --market CRYPTO --fold 6 --variant V2 --seed 1 --out results/full_optimal > logs/full_optimal/CRYPTO_f6_V2_s1.log 2>&1
163	:	1778543672.571	     3.449	0	0	0	0	python scripts/run_one.py --config src/configs/full_optimal_crypto.yaml --market CRYPTO --fold 6 --variant V2 --seed 2 --out results/full_optimal > logs/full_optimal/CRYPTO_f6_V2_s2.log 2>&1
164	:	1778543672.587	     3.453	0	0	0	0	python scripts/run_one.py --config src/configs/full_optimal_crypto.yaml --market CRYPTO --fold 6 --variant V2 --seed 3 --out results/full_optimal > logs/full_optimal/CRYPTO_f6_V2_s3.log 2>&1
165	:	1778543676.025	     3.365	0	0	0	0	python scripts/run_one.py --config src/configs/full_optimal_crypto.yaml --market CRYPTO --fold 6 --variant V2 --seed 4 --out results/full_optimal > logs/full_optimal/CRYPTO_f6_V2_s4.log 2>&1
166	:	1778543676.044	     3.368	0	0	0	0	python scripts/run_one.py --config src/configs/full_optimal_crypto.yaml --market CRYPTO --fold 6 --variant V3 --seed 0 --out results/full_optimal > logs/full_optimal/CRYPTO_f6_V3_s0.log 2>&1
167	:	1778543679.396	     3.394	0	0	0	0	python scripts/run_one.py --config src/configs/full_optimal_crypto.yaml --market CRYPTO --fold 6 --variant V3 --seed 1 --out results/full_optimal > logs/full_optimal/CRYPTO_f6_V3_s1.log 2>&1
168	:	1778543679.416	     3.447	0	0	0	0	python scripts/run_one.py --config src/configs/full_optimal_crypto.yaml --market CRYPTO --fold 6 --variant V3 --seed 2 --out results/full_optimal > logs/full_optimal/CRYPTO_f6_V3_s2.log 2>&1
169	:	1778543682.795	     3.425	0	0	0	0	python scripts/run_one.py --config src/configs/full_optimal_crypto.yaml --market CRYPTO --fold 6 --variant V3 --seed 3 --out results/full_optimal > logs/full_optimal/CRYPTO_f6_V3_s3.log 2>&1
170	:	1778543682.868	     3.411	0	0	0	0	python scripts/run_one.py --config src/configs/full_optimal_crypto.yaml --market CRYPTO --fold 6 --variant V3 --seed 4 --out results/full_optimal > logs/full_optimal/CRYPTO_f6_V3_s4.log 2>&1
171	:	1778543686.226	     3.382	0	0	0	0	python scripts/run_one.py --config src/configs/full_optimal_crypto.yaml --market CRYPTO --fold 6 --variant V4 --seed 0 --out results/full_optimal > logs/full_optimal/CRYPTO_f6_V4_s0.log 2>&1
172	:	1778543686.283	     3.345	0	0	0	0	python scripts/run_one.py --config src/configs/full_optimal_crypto.yaml --market CRYPTO --fold 6 --variant V4 --seed 1 --out results/full_optimal > logs/full_optimal/CRYPTO_f6_V4_s1.log 2>&1
174	:	1778543689.632	     3.407	0	0	0	0	python scripts/run_one.py --config src/configs/full_optimal_crypto.yaml --market CRYPTO --fold 6 --variant V4 --seed 3 --out results/full_optimal > logs/full_optimal/CRYPTO_f6_V4_s3.log 2>&1
173	:	1778543689.613	     3.495	0	0	0	0	python scripts/run_one.py --config src/configs/full_optimal_crypto.yaml --market CRYPTO --fold 6 --variant V4 --seed 2 --out results/full_optimal > logs/full_optimal/CRYPTO_f6_V4_s2.log 2>&1
175	:	1778543693.045	     3.454	0	0	0	0	python scripts/run_one.py --config src/configs/full_optimal_crypto.yaml --market CRYPTO --fold 6 --variant V4 --seed 4 --out results/full_optimal > logs/full_optimal/CRYPTO_f6_V4_s4.log 2>&1
176	:	1778543693.112	     3.447	0	0	0	0	python scripts/run_one.py --config src/configs/full_optimal_crypto.yaml --market CRYPTO --fold 7 --variant V0 --seed 0 --out results/full_optimal > logs/full_optimal/CRYPTO_f7_V0_s0.log 2>&1
178	:	1778543696.564	     3.392	0	0	0	0	python scripts/run_one.py --config src/configs/full_optimal_crypto.yaml --market CRYPTO --fold 7 --variant V0 --seed 2 --out results/full_optimal > logs/full_optimal/CRYPTO_f7_V0_s2.log 2>&1
177	:	1778543696.504	     3.478	0	0	0	0	python scripts/run_one.py --config src/configs/full_optimal_crypto.yaml --market CRYPTO --fold 7 --variant V0 --seed 1 --out results/full_optimal > logs/full_optimal/CRYPTO_f7_V0_s1.log 2>&1
179	:	1778543699.961	     3.400	0	0	0	0	python scripts/run_one.py --config src/configs/full_optimal_crypto.yaml --market CRYPTO --fold 7 --variant V0 --seed 3 --out results/full_optimal > logs/full_optimal/CRYPTO_f7_V0_s3.log 2>&1
180	:	1778543699.986	     3.424	0	0	0	0	python scripts/run_one.py --config src/configs/full_optimal_crypto.yaml --market CRYPTO --fold 7 --variant V0 --seed 4 --out results/full_optimal > logs/full_optimal/CRYPTO_f7_V0_s4.log 2>&1
181	:	1778543703.368	     3.458	0	0	0	0	python scripts/run_one.py --config src/configs/full_optimal_crypto.yaml --market CRYPTO --fold 7 --variant V1 --seed 0 --out results/full_optimal > logs/full_optimal/CRYPTO_f7_V1_s0.log 2>&1
182	:	1778543703.416	     3.450	0	0	0	0	python scripts/run_one.py --config src/configs/full_optimal_crypto.yaml --market CRYPTO --fold 7 --variant V1 --seed 1 --out results/full_optimal > logs/full_optimal/CRYPTO_f7_V1_s1.log 2>&1
183	:	1778543706.831	     3.329	0	0	0	0	python scripts/run_one.py --config src/configs/full_optimal_crypto.yaml --market CRYPTO --fold 7 --variant V1 --seed 2 --out results/full_optimal > logs/full_optimal/CRYPTO_f7_V1_s2.log 2>&1
184	:	1778543706.871	     3.339	0	0	0	0	python scripts/run_one.py --config src/configs/full_optimal_crypto.yaml --market CRYPTO --fold 7 --variant V1 --seed 3 --out results/full_optimal > logs/full_optimal/CRYPTO_f7_V1_s3.log 2>&1
185	:	1778543710.166	     3.392	0	0	0	0	python scripts/run_one.py --config src/configs/full_optimal_crypto.yaml --market CRYPTO --fold 7 --variant V1 --seed 4 --out results/full_optimal > logs/full_optimal/CRYPTO_f7_V1_s4.log 2>&1
186	:	1778543710.215	     3.433	0	0	0	0	python scripts/run_one.py --config src/configs/full_optimal_crypto.yaml --market CRYPTO --fold 7 --variant V2 --seed 0 --out results/full_optimal > logs/full_optimal/CRYPTO_f7_V2_s0.log 2>&1
187	:	1778543713.563	     3.424	0	0	0	0	python scripts/run_one.py --config src/configs/full_optimal_crypto.yaml --market CRYPTO --fold 7 --variant V2 --seed 1 --out results/full_optimal > logs/full_optimal/CRYPTO_f7_V2_s1.log 2>&1
188	:	1778543713.653	     3.449	0	0	0	0	python scripts/run_one.py --config src/configs/full_optimal_crypto.yaml --market CRYPTO --fold 7 --variant V2 --seed 2 --out results/full_optimal > logs/full_optimal/CRYPTO_f7_V2_s2.log 2>&1
189	:	1778543716.992	     3.540	0	0	0	0	python scripts/run_one.py --config src/configs/full_optimal_crypto.yaml --market CRYPTO --fold 7 --variant V2 --seed 3 --out results/full_optimal > logs/full_optimal/CRYPTO_f7_V2_s3.log 2>&1
190	:	1778543717.107	     3.493	0	0	0	0	python scripts/run_one.py --config src/configs/full_optimal_crypto.yaml --market CRYPTO --fold 7 --variant V2 --seed 4 --out results/full_optimal > logs/full_optimal/CRYPTO_f7_V2_s4.log 2>&1
191	:	1778543720.538	     3.384	0	0	0	0	python scripts/run_one.py --config src/configs/full_optimal_crypto.yaml --market CRYPTO --fold 7 --variant V3 --seed 0 --out results/full_optimal > logs/full_optimal/CRYPTO_f7_V3_s0.log 2>&1
192	:	1778543720.606	     3.350	0	0	0	0	python scripts/run_one.py --config src/configs/full_optimal_crypto.yaml --market CRYPTO --fold 7 --variant V3 --seed 1 --out results/full_optimal > logs/full_optimal/CRYPTO_f7_V3_s1.log 2>&1
193	:	1778543723.925	     3.338	0	0	0	0	python scripts/run_one.py --config src/configs/full_optimal_crypto.yaml --market CRYPTO --fold 7 --variant V3 --seed 2 --out results/full_optimal > logs/full_optimal/CRYPTO_f7_V3_s2.log 2>&1
194	:	1778543723.961	     3.364	0	0	0	0	python scripts/run_one.py --config src/configs/full_optimal_crypto.yaml --market CRYPTO --fold 7 --variant V3 --seed 3 --out results/full_optimal > logs/full_optimal/CRYPTO_f7_V3_s3.log 2>&1
195	:	1778543727.267	     3.453	0	0	0	0	python scripts/run_one.py --config src/configs/full_optimal_crypto.yaml --market CRYPTO --fold 7 --variant V3 --seed 4 --out results/full_optimal > logs/full_optimal/CRYPTO_f7_V3_s4.log 2>&1
196	:	1778543727.329	     3.411	0	0	0	0	python scripts/run_one.py --config src/configs/full_optimal_crypto.yaml --market CRYPTO --fold 7 --variant V4 --seed 0 --out results/full_optimal > logs/full_optimal/CRYPTO_f7_V4_s0.log 2>&1
198	:	1778543730.745	     3.415	0	0	0	0	python scripts/run_one.py --config src/configs/full_optimal_crypto.yaml --market CRYPTO --fold 7 --variant V4 --seed 2 --out results/full_optimal > logs/full_optimal/CRYPTO_f7_V4_s2.log 2>&1
197	:	1778543730.725	     3.463	0	0	0	0	python scripts/run_one.py --config src/configs/full_optimal_crypto.yaml --market CRYPTO --fold 7 --variant V4 --seed 1 --out results/full_optimal > logs/full_optimal/CRYPTO_f7_V4_s1.log 2>&1
200	:	1778543734.193	     3.337	0	0	0	0	python scripts/run_one.py --config src/configs/full_optimal_crypto.yaml --market CRYPTO --fold 7 --variant V4 --seed 4 --out results/full_optimal > logs/full_optimal/CRYPTO_f7_V4_s4.log 2>&1
199	:	1778543734.164	     3.398	0	0	0	0	python scripts/run_one.py --config src/configs/full_optimal_crypto.yaml --market CRYPTO --fold 7 --variant V4 --seed 3 --out results/full_optimal > logs/full_optimal/CRYPTO_f7_V4_s3.log 2>&1
201	:	1778543737.535	     3.353	0	0	0	0	python scripts/run_one.py --config src/configs/full_optimal_crypto.yaml --market CRYPTO --fold 8 --variant V0 --seed 0 --out results/full_optimal > logs/full_optimal/CRYPTO_f8_V0_s0.log 2>&1
202	:	1778543737.567	     3.347	0	0	0	0	python scripts/run_one.py --config src/configs/full_optimal_crypto.yaml --market CRYPTO --fold 8 --variant V0 --seed 1 --out results/full_optimal > logs/full_optimal/CRYPTO_f8_V0_s1.log 2>&1
203	:	1778543740.895	     3.411	0	0	0	0	python scripts/run_one.py --config src/configs/full_optimal_crypto.yaml --market CRYPTO --fold 8 --variant V0 --seed 2 --out results/full_optimal > logs/full_optimal/CRYPTO_f8_V0_s2.log 2>&1
204	:	1778543740.918	     3.407	0	0	0	0	python scripts/run_one.py --config src/configs/full_optimal_crypto.yaml --market CRYPTO --fold 8 --variant V0 --seed 3 --out results/full_optimal > logs/full_optimal/CRYPTO_f8_V0_s3.log 2>&1
205	:	1778543744.311	     3.366	0	0	0	0	python scripts/run_one.py --config src/configs/full_optimal_crypto.yaml --market CRYPTO --fold 8 --variant V0 --seed 4 --out results/full_optimal > logs/full_optimal/CRYPTO_f8_V0_s4.log 2>&1
206	:	1778543744.330	     3.371	0	0	0	0	python scripts/run_one.py --config src/configs/full_optimal_crypto.yaml --market CRYPTO --fold 8 --variant V1 --seed 0 --out results/full_optimal > logs/full_optimal/CRYPTO_f8_V1_s0.log 2>&1
207	:	1778543747.682	     3.444	0	0	0	0	python scripts/run_one.py --config src/configs/full_optimal_crypto.yaml --market CRYPTO --fold 8 --variant V1 --seed 1 --out results/full_optimal > logs/full_optimal/CRYPTO_f8_V1_s1.log 2>&1
208	:	1778543747.706	     3.421	0	0	0	0	python scripts/run_one.py --config src/configs/full_optimal_crypto.yaml --market CRYPTO --fold 8 --variant V1 --seed 2 --out results/full_optimal > logs/full_optimal/CRYPTO_f8_V1_s2.log 2>&1
209	:	1778543751.130	     3.375	0	0	0	0	python scripts/run_one.py --config src/configs/full_optimal_crypto.yaml --market CRYPTO --fold 8 --variant V1 --seed 3 --out results/full_optimal > logs/full_optimal/CRYPTO_f8_V1_s3.log 2>&1
210	:	1778543751.239	     3.309	0	0	0	0	python scripts/run_one.py --config src/configs/full_optimal_crypto.yaml --market CRYPTO --fold 8 --variant V1 --seed 4 --out results/full_optimal > logs/full_optimal/CRYPTO_f8_V1_s4.log 2>&1
211	:	1778543754.510	     3.450	0	0	0	0	python scripts/run_one.py --config src/configs/full_optimal_crypto.yaml --market CRYPTO --fold 8 --variant V2 --seed 0 --out results/full_optimal > logs/full_optimal/CRYPTO_f8_V2_s0.log 2>&1
212	:	1778543754.554	     3.429	0	0	0	0	python scripts/run_one.py --config src/configs/full_optimal_crypto.yaml --market CRYPTO --fold 8 --variant V2 --seed 1 --out results/full_optimal > logs/full_optimal/CRYPTO_f8_V2_s1.log 2>&1
214	:	1778543757.988	     3.486	0	0	0	0	python scripts/run_one.py --config src/configs/full_optimal_crypto.yaml --market CRYPTO --fold 8 --variant V2 --seed 3 --out results/full_optimal > logs/full_optimal/CRYPTO_f8_V2_s3.log 2>&1
213	:	1778543757.965	     3.535	0	0	0	0	python scripts/run_one.py --config src/configs/full_optimal_crypto.yaml --market CRYPTO --fold 8 --variant V2 --seed 2 --out results/full_optimal > logs/full_optimal/CRYPTO_f8_V2_s2.log 2>&1
215	:	1778543761.479	     3.418	0	0	0	0	python scripts/run_one.py --config src/configs/full_optimal_crypto.yaml --market CRYPTO --fold 8 --variant V2 --seed 4 --out results/full_optimal > logs/full_optimal/CRYPTO_f8_V2_s4.log 2>&1
216	:	1778543761.504	     3.443	0	0	0	0	python scripts/run_one.py --config src/configs/full_optimal_crypto.yaml --market CRYPTO --fold 8 --variant V3 --seed 0 --out results/full_optimal > logs/full_optimal/CRYPTO_f8_V3_s0.log 2>&1
218	:	1778543764.951	     3.424	0	0	0	0	python scripts/run_one.py --config src/configs/full_optimal_crypto.yaml --market CRYPTO --fold 8 --variant V3 --seed 2 --out results/full_optimal > logs/full_optimal/CRYPTO_f8_V3_s2.log 2>&1
217	:	1778543764.905	     3.509	0	0	0	0	python scripts/run_one.py --config src/configs/full_optimal_crypto.yaml --market CRYPTO --fold 8 --variant V3 --seed 1 --out results/full_optimal > logs/full_optimal/CRYPTO_f8_V3_s1.log 2>&1
219	:	1778543768.379	     3.374	0	0	0	0	python scripts/run_one.py --config src/configs/full_optimal_crypto.yaml --market CRYPTO --fold 8 --variant V3 --seed 3 --out results/full_optimal > logs/full_optimal/CRYPTO_f8_V3_s3.log 2>&1
220	:	1778543768.420	     3.353	0	0	0	0	python scripts/run_one.py --config src/configs/full_optimal_crypto.yaml --market CRYPTO --fold 8 --variant V3 --seed 4 --out results/full_optimal > logs/full_optimal/CRYPTO_f8_V3_s4.log 2>&1
221	:	1778543771.758	     3.359	0	0	0	0	python scripts/run_one.py --config src/configs/full_optimal_crypto.yaml --market CRYPTO --fold 8 --variant V4 --seed 0 --out results/full_optimal > logs/full_optimal/CRYPTO_f8_V4_s0.log 2>&1
222	:	1778543771.779	     3.342	0	0	0	0	python scripts/run_one.py --config src/configs/full_optimal_crypto.yaml --market CRYPTO --fold 8 --variant V4 --seed 1 --out results/full_optimal > logs/full_optimal/CRYPTO_f8_V4_s1.log 2>&1
223	:	1778543775.121	     3.430	0	0	0	0	python scripts/run_one.py --config src/configs/full_optimal_crypto.yaml --market CRYPTO --fold 8 --variant V4 --seed 2 --out results/full_optimal > logs/full_optimal/CRYPTO_f8_V4_s2.log 2>&1
224	:	1778543775.125	     3.437	0	0	0	0	python scripts/run_one.py --config src/configs/full_optimal_crypto.yaml --market CRYPTO --fold 8 --variant V4 --seed 3 --out results/full_optimal > logs/full_optimal/CRYPTO_f8_V4_s3.log 2>&1
225	:	1778543778.556	     3.447	0	0	0	0	python scripts/run_one.py --config src/configs/full_optimal_crypto.yaml --market CRYPTO --fold 8 --variant V4 --seed 4 --out results/full_optimal > logs/full_optimal/CRYPTO_f8_V4_s4.log 2>&1
226	:	1778543778.567	     3.467	0	0	0	0	python scripts/run_one.py --config src/configs/full_optimal_crypto.yaml --market CRYPTO --fold 9 --variant V0 --seed 0 --out results/full_optimal > logs/full_optimal/CRYPTO_f9_V0_s0.log 2>&1
227	:	1778543782.008	     3.463	0	0	0	0	python scripts/run_one.py --config src/configs/full_optimal_crypto.yaml --market CRYPTO --fold 9 --variant V0 --seed 1 --out results/full_optimal > logs/full_optimal/CRYPTO_f9_V0_s1.log 2>&1
228	:	1778543782.039	     3.454	0	0	0	0	python scripts/run_one.py --config src/configs/full_optimal_crypto.yaml --market CRYPTO --fold 9 --variant V0 --seed 2 --out results/full_optimal > logs/full_optimal/CRYPTO_f9_V0_s2.log 2>&1
229	:	1778543785.476	     3.389	0	0	0	0	python scripts/run_one.py --config src/configs/full_optimal_crypto.yaml --market CRYPTO --fold 9 --variant V0 --seed 3 --out results/full_optimal > logs/full_optimal/CRYPTO_f9_V0_s3.log 2>&1
230	:	1778543785.499	     3.389	0	0	0	0	python scripts/run_one.py --config src/configs/full_optimal_crypto.yaml --market CRYPTO --fold 9 --variant V0 --seed 4 --out results/full_optimal > logs/full_optimal/CRYPTO_f9_V0_s4.log 2>&1
231	:	1778543788.871	     3.510	0	0	0	0	python scripts/run_one.py --config src/configs/full_optimal_crypto.yaml --market CRYPTO --fold 9 --variant V1 --seed 0 --out results/full_optimal > logs/full_optimal/CRYPTO_f9_V1_s0.log 2>&1
232	:	1778543788.894	     3.573	0	0	0	0	python scripts/run_one.py --config src/configs/full_optimal_crypto.yaml --market CRYPTO --fold 9 --variant V1 --seed 1 --out results/full_optimal > logs/full_optimal/CRYPTO_f9_V1_s1.log 2>&1
233	:	1778543792.387	     3.396	0	0	0	0	python scripts/run_one.py --config src/configs/full_optimal_crypto.yaml --market CRYPTO --fold 9 --variant V1 --seed 2 --out results/full_optimal > logs/full_optimal/CRYPTO_f9_V1_s2.log 2>&1
234	:	1778543792.472	     3.381	0	0	0	0	python scripts/run_one.py --config src/configs/full_optimal_crypto.yaml --market CRYPTO --fold 9 --variant V1 --seed 3 --out results/full_optimal > logs/full_optimal/CRYPTO_f9_V1_s3.log 2>&1
235	:	1778543795.789	     3.366	0	0	0	0	python scripts/run_one.py --config src/configs/full_optimal_crypto.yaml --market CRYPTO --fold 9 --variant V1 --seed 4 --out results/full_optimal > logs/full_optimal/CRYPTO_f9_V1_s4.log 2>&1
236	:	1778543795.857	     3.332	0	0	0	0	python scripts/run_one.py --config src/configs/full_optimal_crypto.yaml --market CRYPTO --fold 9 --variant V2 --seed 0 --out results/full_optimal > logs/full_optimal/CRYPTO_f9_V2_s0.log 2>&1
237	:	1778543799.161	     3.466	0	0	0	0	python scripts/run_one.py --config src/configs/full_optimal_crypto.yaml --market CRYPTO --fold 9 --variant V2 --seed 1 --out results/full_optimal > logs/full_optimal/CRYPTO_f9_V2_s1.log 2>&1
238	:	1778543799.195	     3.444	0	0	0	0	python scripts/run_one.py --config src/configs/full_optimal_crypto.yaml --market CRYPTO --fold 9 --variant V2 --seed 2 --out results/full_optimal > logs/full_optimal/CRYPTO_f9_V2_s2.log 2>&1
239	:	1778543802.632	     3.375	0	0	0	0	python scripts/run_one.py --config src/configs/full_optimal_crypto.yaml --market CRYPTO --fold 9 --variant V2 --seed 3 --out results/full_optimal > logs/full_optimal/CRYPTO_f9_V2_s3.log 2>&1
240	:	1778543802.645	     3.380	0	0	0	0	python scripts/run_one.py --config src/configs/full_optimal_crypto.yaml --market CRYPTO --fold 9 --variant V2 --seed 4 --out results/full_optimal > logs/full_optimal/CRYPTO_f9_V2_s4.log 2>&1
242	:	1778543806.030	     3.423	0	0	0	0	python scripts/run_one.py --config src/configs/full_optimal_crypto.yaml --market CRYPTO --fold 9 --variant V3 --seed 1 --out results/full_optimal > logs/full_optimal/CRYPTO_f9_V3_s1.log 2>&1
241	:	1778543806.012	     3.445	0	0	0	0	python scripts/run_one.py --config src/configs/full_optimal_crypto.yaml --market CRYPTO --fold 9 --variant V3 --seed 0 --out results/full_optimal > logs/full_optimal/CRYPTO_f9_V3_s0.log 2>&1
243	:	1778543809.458	     3.381	0	0	0	0	python scripts/run_one.py --config src/configs/full_optimal_crypto.yaml --market CRYPTO --fold 9 --variant V3 --seed 2 --out results/full_optimal > logs/full_optimal/CRYPTO_f9_V3_s2.log 2>&1
244	:	1778543809.462	     3.421	0	0	0	0	python scripts/run_one.py --config src/configs/full_optimal_crypto.yaml --market CRYPTO --fold 9 --variant V3 --seed 3 --out results/full_optimal > logs/full_optimal/CRYPTO_f9_V3_s3.log 2>&1
245	:	1778543812.845	     3.483	0	0	0	0	python scripts/run_one.py --config src/configs/full_optimal_crypto.yaml --market CRYPTO --fold 9 --variant V3 --seed 4 --out results/full_optimal > logs/full_optimal/CRYPTO_f9_V3_s4.log 2>&1
246	:	1778543812.887	     3.483	0	0	0	0	python scripts/run_one.py --config src/configs/full_optimal_crypto.yaml --market CRYPTO --fold 9 --variant V4 --seed 0 --out results/full_optimal > logs/full_optimal/CRYPTO_f9_V4_s0.log 2>&1
247	:	1778543816.335	     3.384	0	0	0	0	python scripts/run_one.py --config src/configs/full_optimal_crypto.yaml --market CRYPTO --fold 9 --variant V4 --seed 1 --out results/full_optimal > logs/full_optimal/CRYPTO_f9_V4_s1.log 2>&1
248	:	1778543816.375	     3.357	0	0	0	0	python scripts/run_one.py --config src/configs/full_optimal_crypto.yaml --market CRYPTO --fold 9 --variant V4 --seed 2 --out results/full_optimal > logs/full_optimal/CRYPTO_f9_V4_s2.log 2>&1
249	:	1778543819.724	     3.447	0	0	0	0	python scripts/run_one.py --config src/configs/full_optimal_crypto.yaml --market CRYPTO --fold 9 --variant V4 --seed 3 --out results/full_optimal > logs/full_optimal/CRYPTO_f9_V4_s3.log 2>&1
250	:	1778543819.736	     3.435	0	0	0	0	python scripts/run_one.py --config src/configs/full_optimal_crypto.yaml --market CRYPTO --fold 9 --variant V4 --seed 4 --out results/full_optimal > logs/full_optimal/CRYPTO_f9_V4_s4.log 2>&1
251	:	1778543823.176	     3.476	0	0	0	0	python scripts/run_one.py --config src/configs/full_optimal_crypto.yaml --market CRYPTO --fold 10 --variant V0 --seed 0 --out results/full_optimal > logs/full_optimal/CRYPTO_f10_V0_s0.log 2>&1
252	:	1778543823.276	     3.536	0	0	0	0	python scripts/run_one.py --config src/configs/full_optimal_crypto.yaml --market CRYPTO --fold 10 --variant V0 --seed 1 --out results/full_optimal > logs/full_optimal/CRYPTO_f10_V0_s1.log 2>&1
253	:	1778543826.660	     3.572	0	0	0	0	python scripts/run_one.py --config src/configs/full_optimal_crypto.yaml --market CRYPTO --fold 10 --variant V0 --seed 2 --out results/full_optimal > logs/full_optimal/CRYPTO_f10_V0_s2.log 2>&1
254	:	1778543826.817	     3.516	0	0	0	0	python scripts/run_one.py --config src/configs/full_optimal_crypto.yaml --market CRYPTO --fold 10 --variant V0 --seed 3 --out results/full_optimal > logs/full_optimal/CRYPTO_f10_V0_s3.log 2>&1
255	:	1778543830.238	     3.384	0	0	0	0	python scripts/run_one.py --config src/configs/full_optimal_crypto.yaml --market CRYPTO --fold 10 --variant V0 --seed 4 --out results/full_optimal > logs/full_optimal/CRYPTO_f10_V0_s4.log 2>&1
256	:	1778543830.337	     3.341	0	0	0	0	python scripts/run_one.py --config src/configs/full_optimal_crypto.yaml --market CRYPTO --fold 10 --variant V1 --seed 0 --out results/full_optimal > logs/full_optimal/CRYPTO_f10_V1_s0.log 2>&1
72	:	1778540535.550	  3299.828	0	0	0	0	python scripts/run_one.py --config src/configs/full_optimal_crypto.yaml --market CRYPTO --fold 2 --variant V4 --seed 1 --out results/full_optimal > logs/full_optimal/CRYPTO_f2_V4_s1.log 2>&1
257	:	1778543833.626	     3.407	0	0	0	0	python scripts/run_one.py --config src/configs/full_optimal_crypto.yaml --market CRYPTO --fold 10 --variant V1 --seed 1 --out results/full_optimal > logs/full_optimal/CRYPTO_f10_V1_s1.log 2>&1
258	:	1778543833.682	     3.424	0	0	0	0	python scripts/run_one.py --config src/configs/full_optimal_crypto.yaml --market CRYPTO --fold 10 --variant V1 --seed 2 --out results/full_optimal > logs/full_optimal/CRYPTO_f10_V1_s2.log 2>&1
259	:	1778543835.384	     3.411	0	0	0	0	python scripts/run_one.py --config src/configs/full_optimal_crypto.yaml --market CRYPTO --fold 10 --variant V1 --seed 3 --out results/full_optimal > logs/full_optimal/CRYPTO_f10_V1_s3.log 2>&1
260	:	1778543837.039	     3.427	0	0	0	0	python scripts/run_one.py --config src/configs/full_optimal_crypto.yaml --market CRYPTO --fold 10 --variant V1 --seed 4 --out results/full_optimal > logs/full_optimal/CRYPTO_f10_V1_s4.log 2>&1
261	:	1778543837.110	     3.460	0	0	0	0	python scripts/run_one.py --config src/configs/full_optimal_crypto.yaml --market CRYPTO --fold 10 --variant V2 --seed 0 --out results/full_optimal > logs/full_optimal/CRYPTO_f10_V2_s0.log 2>&1
262	:	1778543838.801	     3.386	0	0	0	0	python scripts/run_one.py --config src/configs/full_optimal_crypto.yaml --market CRYPTO --fold 10 --variant V2 --seed 1 --out results/full_optimal > logs/full_optimal/CRYPTO_f10_V2_s1.log 2>&1
263	:	1778543840.471	     3.443	0	0	0	0	python scripts/run_one.py --config src/configs/full_optimal_crypto.yaml --market CRYPTO --fold 10 --variant V2 --seed 2 --out results/full_optimal > logs/full_optimal/CRYPTO_f10_V2_s2.log 2>&1
264	:	1778543840.577	     3.404	0	0	0	0	python scripts/run_one.py --config src/configs/full_optimal_crypto.yaml --market CRYPTO --fold 10 --variant V2 --seed 3 --out results/full_optimal > logs/full_optimal/CRYPTO_f10_V2_s3.log 2>&1
265	:	1778543842.193	     3.539	0	0	0	0	python scripts/run_one.py --config src/configs/full_optimal_crypto.yaml --market CRYPTO --fold 10 --variant V2 --seed 4 --out results/full_optimal > logs/full_optimal/CRYPTO_f10_V2_s4.log 2>&1
266	:	1778543843.919	     3.580	0	0	0	0	python scripts/run_one.py --config src/configs/full_optimal_crypto.yaml --market CRYPTO --fold 10 --variant V3 --seed 0 --out results/full_optimal > logs/full_optimal/CRYPTO_f10_V3_s0.log 2>&1
267	:	1778543843.987	     3.539	0	0	0	0	python scripts/run_one.py --config src/configs/full_optimal_crypto.yaml --market CRYPTO --fold 10 --variant V3 --seed 1 --out results/full_optimal > logs/full_optimal/CRYPTO_f10_V3_s1.log 2>&1
268	:	1778543845.737	     3.457	0	0	0	0	python scripts/run_one.py --config src/configs/full_optimal_crypto.yaml --market CRYPTO --fold 10 --variant V3 --seed 2 --out results/full_optimal > logs/full_optimal/CRYPTO_f10_V3_s2.log 2>&1
269	:	1778543847.504	     3.499	0	0	0	0	python scripts/run_one.py --config src/configs/full_optimal_crypto.yaml --market CRYPTO --fold 10 --variant V3 --seed 3 --out results/full_optimal > logs/full_optimal/CRYPTO_f10_V3_s3.log 2>&1
270	:	1778543847.532	     3.513	0	0	0	0	python scripts/run_one.py --config src/configs/full_optimal_crypto.yaml --market CRYPTO --fold 10 --variant V3 --seed 4 --out results/full_optimal > logs/full_optimal/CRYPTO_f10_V3_s4.log 2>&1
271	:	1778543849.200	     3.514	0	0	0	0	python scripts/run_one.py --config src/configs/full_optimal_crypto.yaml --market CRYPTO --fold 10 --variant V4 --seed 0 --out results/full_optimal > logs/full_optimal/CRYPTO_f10_V4_s0.log 2>&1
272	:	1778543851.008	     3.524	0	0	0	0	python scripts/run_one.py --config src/configs/full_optimal_crypto.yaml --market CRYPTO --fold 10 --variant V4 --seed 1 --out results/full_optimal > logs/full_optimal/CRYPTO_f10_V4_s1.log 2>&1
273	:	1778543851.051	     3.486	0	0	0	0	python scripts/run_one.py --config src/configs/full_optimal_crypto.yaml --market CRYPTO --fold 10 --variant V4 --seed 2 --out results/full_optimal > logs/full_optimal/CRYPTO_f10_V4_s2.log 2>&1
274	:	1778543852.720	     3.444	0	0	0	0	python scripts/run_one.py --config src/configs/full_optimal_crypto.yaml --market CRYPTO --fold 10 --variant V4 --seed 3 --out results/full_optimal > logs/full_optimal/CRYPTO_f10_V4_s3.log 2>&1
275	:	1778543854.538	     3.490	0	0	0	0	python scripts/run_one.py --config src/configs/full_optimal_crypto.yaml --market CRYPTO --fold 10 --variant V4 --seed 4 --out results/full_optimal > logs/full_optimal/CRYPTO_f10_V4_s4.log 2>&1
276	:	1778543854.544	     3.486	0	0	0	0	python scripts/run_one.py --config src/configs/full_optimal_crypto.yaml --market CRYPTO --fold 11 --variant V0 --seed 0 --out results/full_optimal > logs/full_optimal/CRYPTO_f11_V0_s0.log 2>&1
277	:	1778543856.169	     3.394	0	0	0	0	python scripts/run_one.py --config src/configs/full_optimal_crypto.yaml --market CRYPTO --fold 11 --variant V0 --seed 1 --out results/full_optimal > logs/full_optimal/CRYPTO_f11_V0_s1.log 2>&1
278	:	1778543858.031	     3.402	0	0	0	0	python scripts/run_one.py --config src/configs/full_optimal_crypto.yaml --market CRYPTO --fold 11 --variant V0 --seed 2 --out results/full_optimal > logs/full_optimal/CRYPTO_f11_V0_s2.log 2>&1
279	:	1778543858.037	     3.409	0	0	0	0	python scripts/run_one.py --config src/configs/full_optimal_crypto.yaml --market CRYPTO --fold 11 --variant V0 --seed 3 --out results/full_optimal > logs/full_optimal/CRYPTO_f11_V0_s3.log 2>&1
280	:	1778543859.569	     3.381	0	0	0	0	python scripts/run_one.py --config src/configs/full_optimal_crypto.yaml --market CRYPTO --fold 11 --variant V0 --seed 4 --out results/full_optimal > logs/full_optimal/CRYPTO_f11_V0_s4.log 2>&1
282	:	1778543861.450	     3.375	0	0	0	0	python scripts/run_one.py --config src/configs/full_optimal_crypto.yaml --market CRYPTO --fold 11 --variant V1 --seed 1 --out results/full_optimal > logs/full_optimal/CRYPTO_f11_V1_s1.log 2>&1
281	:	1778543861.438	     3.429	0	0	0	0	python scripts/run_one.py --config src/configs/full_optimal_crypto.yaml --market CRYPTO --fold 11 --variant V1 --seed 0 --out results/full_optimal > logs/full_optimal/CRYPTO_f11_V1_s0.log 2>&1
283	:	1778543862.956	     3.329	0	0	0	0	python scripts/run_one.py --config src/configs/full_optimal_crypto.yaml --market CRYPTO --fold 11 --variant V1 --seed 2 --out results/full_optimal > logs/full_optimal/CRYPTO_f11_V1_s2.log 2>&1
284	:	1778543864.836	     3.398	0	0	0	0	python scripts/run_one.py --config src/configs/full_optimal_crypto.yaml --market CRYPTO --fold 11 --variant V1 --seed 3 --out results/full_optimal > logs/full_optimal/CRYPTO_f11_V1_s3.log 2>&1
285	:	1778543864.872	     3.473	0	0	0	0	python scripts/run_one.py --config src/configs/full_optimal_crypto.yaml --market CRYPTO --fold 11 --variant V1 --seed 4 --out results/full_optimal > logs/full_optimal/CRYPTO_f11_V1_s4.log 2>&1
286	:	1778543866.291	     3.400	0	0	0	0	python scripts/run_one.py --config src/configs/full_optimal_crypto.yaml --market CRYPTO --fold 11 --variant V2 --seed 0 --out results/full_optimal > logs/full_optimal/CRYPTO_f11_V2_s0.log 2>&1
287	:	1778543868.239	     3.526	0	0	0	0	python scripts/run_one.py --config src/configs/full_optimal_crypto.yaml --market CRYPTO --fold 11 --variant V2 --seed 1 --out results/full_optimal > logs/full_optimal/CRYPTO_f11_V2_s1.log 2>&1
288	:	1778543868.351	     3.513	0	0	0	0	python scripts/run_one.py --config src/configs/full_optimal_crypto.yaml --market CRYPTO --fold 11 --variant V2 --seed 2 --out results/full_optimal > logs/full_optimal/CRYPTO_f11_V2_s2.log 2>&1
289	:	1778543869.696	     3.492	0	0	0	0	python scripts/run_one.py --config src/configs/full_optimal_crypto.yaml --market CRYPTO --fold 11 --variant V2 --seed 3 --out results/full_optimal > logs/full_optimal/CRYPTO_f11_V2_s3.log 2>&1
290	:	1778543871.771	     3.512	0	0	0	0	python scripts/run_one.py --config src/configs/full_optimal_crypto.yaml --market CRYPTO --fold 11 --variant V2 --seed 4 --out results/full_optimal > logs/full_optimal/CRYPTO_f11_V2_s4.log 2>&1
291	:	1778543871.871	     3.500	0	0	0	0	python scripts/run_one.py --config src/configs/full_optimal_crypto.yaml --market CRYPTO --fold 11 --variant V3 --seed 0 --out results/full_optimal > logs/full_optimal/CRYPTO_f11_V3_s0.log 2>&1
292	:	1778543873.194	     3.374	0	0	0	0	python scripts/run_one.py --config src/configs/full_optimal_crypto.yaml --market CRYPTO --fold 11 --variant V3 --seed 1 --out results/full_optimal > logs/full_optimal/CRYPTO_f11_V3_s1.log 2>&1
293	:	1778543875.287	     3.488	0	0	0	0	python scripts/run_one.py --config src/configs/full_optimal_crypto.yaml --market CRYPTO --fold 11 --variant V3 --seed 2 --out results/full_optimal > logs/full_optimal/CRYPTO_f11_V3_s2.log 2>&1
294	:	1778543875.377	     3.441	0	0	0	0	python scripts/run_one.py --config src/configs/full_optimal_crypto.yaml --market CRYPTO --fold 11 --variant V3 --seed 3 --out results/full_optimal > logs/full_optimal/CRYPTO_f11_V3_s3.log 2>&1
295	:	1778543876.573	     3.421	0	0	0	0	python scripts/run_one.py --config src/configs/full_optimal_crypto.yaml --market CRYPTO --fold 11 --variant V3 --seed 4 --out results/full_optimal > logs/full_optimal/CRYPTO_f11_V3_s4.log 2>&1
296	:	1778543878.780	     3.654	0	0	0	0	python scripts/run_one.py --config src/configs/full_optimal_crypto.yaml --market CRYPTO --fold 11 --variant V4 --seed 0 --out results/full_optimal > logs/full_optimal/CRYPTO_f11_V4_s0.log 2>&1
297	:	1778543878.824	     3.636	0	0	0	0	python scripts/run_one.py --config src/configs/full_optimal_crypto.yaml --market CRYPTO --fold 11 --variant V4 --seed 1 --out results/full_optimal > logs/full_optimal/CRYPTO_f11_V4_s1.log 2>&1
298	:	1778543880.000	     3.546	0	0	0	0	python scripts/run_one.py --config src/configs/full_optimal_crypto.yaml --market CRYPTO --fold 11 --variant V4 --seed 2 --out results/full_optimal > logs/full_optimal/CRYPTO_f11_V4_s2.log 2>&1
300	:	1778543882.465	     3.437	0	0	0	0	python scripts/run_one.py --config src/configs/full_optimal_crypto.yaml --market CRYPTO --fold 11 --variant V4 --seed 4 --out results/full_optimal > logs/full_optimal/CRYPTO_f11_V4_s4.log 2>&1
299	:	1778543882.438	     3.467	0	0	0	0	python scripts/run_one.py --config src/configs/full_optimal_crypto.yaml --market CRYPTO --fold 11 --variant V4 --seed 3 --out results/full_optimal > logs/full_optimal/CRYPTO_f11_V4_s3.log 2>&1
301	:	1778543883.552	     3.404	0	0	0	0	python scripts/run_one.py --config src/configs/full_optimal_crypto.yaml --market CRYPTO --fold 12 --variant V0 --seed 0 --out results/full_optimal > logs/full_optimal/CRYPTO_f12_V0_s0.log 2>&1
302	:	1778543885.906	     3.482	0	0	0	0	python scripts/run_one.py --config src/configs/full_optimal_crypto.yaml --market CRYPTO --fold 12 --variant V0 --seed 1 --out results/full_optimal > logs/full_optimal/CRYPTO_f12_V0_s1.log 2>&1
303	:	1778543885.910	     3.532	0	0	0	0	python scripts/run_one.py --config src/configs/full_optimal_crypto.yaml --market CRYPTO --fold 12 --variant V0 --seed 2 --out results/full_optimal > logs/full_optimal/CRYPTO_f12_V0_s2.log 2>&1
304	:	1778543886.959	     3.438	0	0	0	0	python scripts/run_one.py --config src/configs/full_optimal_crypto.yaml --market CRYPTO --fold 12 --variant V0 --seed 3 --out results/full_optimal > logs/full_optimal/CRYPTO_f12_V0_s3.log 2>&1
305	:	1778543889.393	     3.564	0	0	0	0	python scripts/run_one.py --config src/configs/full_optimal_crypto.yaml --market CRYPTO --fold 12 --variant V0 --seed 4 --out results/full_optimal > logs/full_optimal/CRYPTO_f12_V0_s4.log 2>&1
306	:	1778543889.447	     3.527	0	0	0	0	python scripts/run_one.py --config src/configs/full_optimal_crypto.yaml --market CRYPTO --fold 12 --variant V1 --seed 0 --out results/full_optimal > logs/full_optimal/CRYPTO_f12_V1_s0.log 2>&1
307	:	1778543890.403	     3.553	0	0	0	0	python scripts/run_one.py --config src/configs/full_optimal_crypto.yaml --market CRYPTO --fold 12 --variant V1 --seed 1 --out results/full_optimal > logs/full_optimal/CRYPTO_f12_V1_s1.log 2>&1
309	:	1778543892.979	     3.421	0	0	0	0	python scripts/run_one.py --config src/configs/full_optimal_crypto.yaml --market CRYPTO --fold 12 --variant V1 --seed 3 --out results/full_optimal > logs/full_optimal/CRYPTO_f12_V1_s3.log 2>&1
308	:	1778543892.962	     3.464	0	0	0	0	python scripts/run_one.py --config src/configs/full_optimal_crypto.yaml --market CRYPTO --fold 12 --variant V1 --seed 2 --out results/full_optimal > logs/full_optimal/CRYPTO_f12_V1_s2.log 2>&1
310	:	1778543893.962	     3.389	0	0	0	0	python scripts/run_one.py --config src/configs/full_optimal_crypto.yaml --market CRYPTO --fold 12 --variant V1 --seed 4 --out results/full_optimal > logs/full_optimal/CRYPTO_f12_V1_s4.log 2>&1
311	:	1778543896.406	     3.453	0	0	0	0	python scripts/run_one.py --config src/configs/full_optimal_crypto.yaml --market CRYPTO --fold 12 --variant V2 --seed 0 --out results/full_optimal > logs/full_optimal/CRYPTO_f12_V2_s0.log 2>&1
312	:	1778543896.430	     3.450	0	0	0	0	python scripts/run_one.py --config src/configs/full_optimal_crypto.yaml --market CRYPTO --fold 12 --variant V2 --seed 1 --out results/full_optimal > logs/full_optimal/CRYPTO_f12_V2_s1.log 2>&1
313	:	1778543897.355	     3.372	0	0	0	0	python scripts/run_one.py --config src/configs/full_optimal_crypto.yaml --market CRYPTO --fold 12 --variant V2 --seed 2 --out results/full_optimal > logs/full_optimal/CRYPTO_f12_V2_s2.log 2>&1
315	:	1778543899.884	     3.537	0	0	0	0	python scripts/run_one.py --config src/configs/full_optimal_crypto.yaml --market CRYPTO --fold 12 --variant V2 --seed 4 --out results/full_optimal > logs/full_optimal/CRYPTO_f12_V2_s4.log 2>&1
314	:	1778543899.865	     3.611	0	0	0	0	python scripts/run_one.py --config src/configs/full_optimal_crypto.yaml --market CRYPTO --fold 12 --variant V2 --seed 3 --out results/full_optimal > logs/full_optimal/CRYPTO_f12_V2_s3.log 2>&1
316	:	1778543900.732	     3.524	0	0	0	0	python scripts/run_one.py --config src/configs/full_optimal_crypto.yaml --market CRYPTO --fold 12 --variant V3 --seed 0 --out results/full_optimal > logs/full_optimal/CRYPTO_f12_V3_s0.log 2>&1
317	:	1778543903.428	     3.452	0	0	0	0	python scripts/run_one.py --config src/configs/full_optimal_crypto.yaml --market CRYPTO --fold 12 --variant V3 --seed 1 --out results/full_optimal > logs/full_optimal/CRYPTO_f12_V3_s1.log 2>&1
318	:	1778543903.480	     3.430	0	0	0	0	python scripts/run_one.py --config src/configs/full_optimal_crypto.yaml --market CRYPTO --fold 12 --variant V3 --seed 2 --out results/full_optimal > logs/full_optimal/CRYPTO_f12_V3_s2.log 2>&1
319	:	1778543904.262	     3.448	0	0	0	0	python scripts/run_one.py --config src/configs/full_optimal_crypto.yaml --market CRYPTO --fold 12 --variant V3 --seed 3 --out results/full_optimal > logs/full_optimal/CRYPTO_f12_V3_s3.log 2>&1
321	:	1778543906.916	     3.458	0	0	0	0	python scripts/run_one.py --config src/configs/full_optimal_crypto.yaml --market CRYPTO --fold 12 --variant V4 --seed 0 --out results/full_optimal > logs/full_optimal/CRYPTO_f12_V4_s0.log 2>&1
320	:	1778543906.885	     3.529	0	0	0	0	python scripts/run_one.py --config src/configs/full_optimal_crypto.yaml --market CRYPTO --fold 12 --variant V3 --seed 4 --out results/full_optimal > logs/full_optimal/CRYPTO_f12_V3_s4.log 2>&1
322	:	1778543907.716	     3.508	0	0	0	0	python scripts/run_one.py --config src/configs/full_optimal_crypto.yaml --market CRYPTO --fold 12 --variant V4 --seed 1 --out results/full_optimal > logs/full_optimal/CRYPTO_f12_V4_s1.log 2>&1
323	:	1778543910.378	     3.555	0	0	0	0	python scripts/run_one.py --config src/configs/full_optimal_crypto.yaml --market CRYPTO --fold 12 --variant V4 --seed 2 --out results/full_optimal > logs/full_optimal/CRYPTO_f12_V4_s2.log 2>&1
324	:	1778543910.418	     3.532	0	0	0	0	python scripts/run_one.py --config src/configs/full_optimal_crypto.yaml --market CRYPTO --fold 12 --variant V4 --seed 3 --out results/full_optimal > logs/full_optimal/CRYPTO_f12_V4_s3.log 2>&1
325	:	1778543911.230	     3.499	0	0	0	0	python scripts/run_one.py --config src/configs/full_optimal_crypto.yaml --market CRYPTO --fold 12 --variant V4 --seed 4 --out results/full_optimal > logs/full_optimal/CRYPTO_f12_V4_s4.log 2>&1
73	:	1778540544.001	  3379.449	0	0	0	0	python scripts/run_one.py --config src/configs/full_optimal_crypto.yaml --market CRYPTO --fold 2 --variant V4 --seed 2 --out results/full_optimal > logs/full_optimal/CRYPTO_f2_V4_s2.log 2>&1
74	:	1778540619.795	  3323.790	0	0	0	0	python scripts/run_one.py --config src/configs/full_optimal_crypto.yaml --market CRYPTO --fold 2 --variant V4 --seed 3 --out results/full_optimal > logs/full_optimal/CRYPTO_f2_V4_s3.log 2>&1
75	:	1778540653.000	  3353.440	0	0	0	0	python scripts/run_one.py --config src/configs/full_optimal_crypto.yaml --market CRYPTO --fold 2 --variant V4 --seed 4 --out results/full_optimal > logs/full_optimal/CRYPTO_f2_V4_s4.log 2>&1
86	:	1778542308.075	  2685.029	0	0	0	0	python scripts/run_one.py --config src/configs/full_optimal_crypto.yaml --market CRYPTO --fold 3 --variant V2 --seed 0 --out results/full_optimal > logs/full_optimal/CRYPTO_f3_V2_s0.log 2>&1
89	:	1778542652.122	  2561.393	0	0	0	0	python scripts/run_one.py --config src/configs/full_optimal_crypto.yaml --market CRYPTO --fold 3 --variant V2 --seed 3 --out results/full_optimal > logs/full_optimal/CRYPTO_f3_V2_s3.log 2>&1
87	:	1778542582.407	  2635.638	0	0	0	0	python scripts/run_one.py --config src/configs/full_optimal_crypto.yaml --market CRYPTO --fold 3 --variant V2 --seed 1 --out results/full_optimal > logs/full_optimal/CRYPTO_f3_V2_s1.log 2>&1
88	:	1778542634.490	  2593.923	0	0	0	0	python scripts/run_one.py --config src/configs/full_optimal_crypto.yaml --market CRYPTO --fold 3 --variant V2 --seed 2 --out results/full_optimal > logs/full_optimal/CRYPTO_f3_V2_s2.log 2>&1
90	:	1778542659.933	  2589.542	0	0	0	0	python scripts/run_one.py --config src/configs/full_optimal_crypto.yaml --market CRYPTO --fold 3 --variant V2 --seed 4 --out results/full_optimal > logs/full_optimal/CRYPTO_f3_V2_s4.log 2>&1
96	:	1778543129.374	  2513.908	0	0	0	0	python scripts/run_one.py --config src/configs/full_optimal_crypto.yaml --market CRYPTO --fold 3 --variant V4 --seed 0 --out results/full_optimal > logs/full_optimal/CRYPTO_f3_V4_s0.log 2>&1
97	:	1778543206.814	  2503.120	0	0	0	0	python scripts/run_one.py --config src/configs/full_optimal_crypto.yaml --market CRYPTO --fold 3 --variant V4 --seed 1 --out results/full_optimal > logs/full_optimal/CRYPTO_f3_V4_s1.log 2>&1
100	:	1778543508.435	  2325.111	0	0	0	0	python scripts/run_one.py --config src/configs/full_optimal_crypto.yaml --market CRYPTO --fold 3 --variant V4 --seed 4 --out results/full_optimal > logs/full_optimal/CRYPTO_f3_V4_s4.log 2>&1
98	:	1778543425.080	  2413.812	0	0	0	0	python scripts/run_one.py --config src/configs/full_optimal_crypto.yaml --market CRYPTO --fold 3 --variant V4 --seed 2 --out results/full_optimal > logs/full_optimal/CRYPTO_f3_V4_s2.log 2>&1
99	:	1778543485.029	  2359.832	0	0	0	0	python scripts/run_one.py --config src/configs/full_optimal_crypto.yaml --market CRYPTO --fold 3 --variant V4 --seed 3 --out results/full_optimal > logs/full_optimal/CRYPTO_f3_V4_s3.log 2>&1
